SF:lib\l10n\extension\fluent_localizations_extension.dart
DA:6,0
DA:7,0
DA:13,0
DA:14,0
DA:22,0
DA:23,0
DA:27,0
DA:30,0
DA:33,0
DA:36,0
LF:10
LH:0
end_of_record
SF:lib\l10n\generated\fluent_localizations.dart
DA:92,16
DA:93,32
DA:97,4
DA:98,4
DA:347,17
DA:349,16
DA:351,16
DA:352,16
DA:355,16
DA:356,16
DA:388,32
DA:390,5
DA:394,16
DA:396,16
DA:397,16
DA:399,0
DA:400,0
DA:401,0
DA:408,16
DA:409,16
DA:410,0
DA:411,16
DA:412,0
DA:413,16
DA:414,0
DA:415,16
DA:416,0
DA:417,16
DA:418,0
DA:419,16
DA:420,0
DA:421,16
DA:422,16
DA:423,1
DA:424,0
DA:425,1
DA:426,0
DA:427,1
DA:428,0
DA:429,1
DA:430,0
DA:431,1
DA:432,0
DA:433,1
DA:434,0
DA:435,1
DA:436,0
DA:437,1
DA:438,0
DA:439,1
DA:440,0
DA:441,1
DA:442,0
DA:443,1
DA:444,0
DA:445,1
DA:446,0
DA:447,1
DA:448,0
DA:449,1
DA:450,0
DA:451,1
DA:452,1
DA:453,0
DA:454,0
DA:455,0
DA:456,0
DA:457,0
DA:458,0
DA:459,0
DA:460,0
DA:461,0
DA:462,0
DA:463,0
DA:464,0
DA:465,0
DA:466,0
DA:467,0
DA:468,0
DA:469,0
DA:470,0
DA:473,0
LF:82
LH:40
end_of_record
SF:lib\src\app.dart
DA:52,29
DA:91,0
DA:120,0
DA:123,0
DA:132,0
DA:135,0
DA:139,0
DA:140,0
DA:374,16
DA:375,16
DA:381,16
DA:383,16
DA:384,32
DA:392,16
DA:393,32
DA:394,0
DA:401,16
DA:402,64
DA:404,16
DA:406,16
DA:407,16
DA:408,32
DA:409,16
DA:410,16
DA:416,16
DA:417,32
DA:418,16
DA:419,16
DA:420,32
DA:422,16
DA:425,0
DA:427,47
DA:430,16
DA:434,16
DA:435,16
DA:436,16
DA:438,16
DA:439,1
DA:440,16
DA:441,32
DA:442,16
DA:443,16
DA:444,16
DA:445,16
DA:446,32
DA:447,16
DA:448,16
DA:451,16
DA:452,16
DA:454,32
DA:455,2
DA:456,2
DA:468,6
DA:476,16
DA:477,48
DA:478,16
DA:479,0
DA:480,0
DA:481,0
DA:482,0
DA:483,0
DA:484,0
DA:485,0
DA:486,0
DA:487,0
DA:488,0
DA:490,0
DA:491,0
DA:492,0
DA:493,0
DA:494,0
DA:495,0
DA:496,0
DA:497,0
DA:498,0
DA:499,0
DA:500,0
DA:501,0
DA:502,0
DA:503,0
DA:507,16
DA:508,16
DA:509,32
DA:510,32
DA:511,32
DA:512,32
DA:513,32
DA:514,32
DA:515,32
DA:516,32
DA:517,16
DA:518,32
DA:519,32
DA:521,32
DA:522,32
DA:523,32
DA:524,32
DA:525,32
DA:526,32
DA:527,32
DA:528,32
DA:529,32
DA:530,32
DA:531,32
DA:532,32
DA:533,16
DA:534,32
DA:535,15
DA:536,15
DA:555,68
DA:557,2
DA:561,4
DA:562,2
DA:564,2
DA:565,2
DA:566,2
DA:567,2
DA:568,2
DA:569,0
DA:570,0
DA:573,2
DA:574,0
DA:575,0
LF:123
LH:86
end_of_record
SF:lib\src\controls\flyouts\content.dart
DA:11,1
DA:58,1
DA:60,1
DA:61,1
DA:63,1
DA:64,1
DA:65,1
DA:66,1
DA:68,1
DA:72,1
DA:73,1
DA:75,1
DA:76,1
DA:77,1
DA:79,1
DA:80,1
DA:81,1
DA:82,3
DA:85,1
DA:86,1
DA:87,2
DA:88,1
DA:104,2
DA:152,2
DA:154,2
DA:155,3
DA:157,2
DA:158,2
DA:159,2
DA:160,2
DA:161,2
DA:162,2
DA:163,2
DA:164,2
DA:165,2
DA:167,2
DA:168,0
DA:171,4
DA:172,2
DA:173,2
DA:174,2
DA:187,4
DA:188,2
DA:189,0
DA:191,0
DA:193,0
DA:196,2
DA:197,1
DA:200,2
DA:202,2
DA:203,2
DA:205,2
DA:206,2
DA:208,2
DA:212,2
DA:213,1
DA:214,1
DA:216,1
DA:219,1
DA:223,2
DA:224,0
DA:227,0
DA:230,0
DA:231,0
DA:232,0
DA:238,2
DA:239,0
DA:242,2
DA:243,2
DA:244,2
DA:245,2
DA:247,2
LF:72
LH:62
end_of_record
SF:lib\src\controls\flyouts\content_manager.dart
DA:21,1
DA:33,1
DA:34,1
DA:37,2
DA:38,2
DA:41,1
DA:42,1
DA:52,0
DA:55,0
DA:58,0
DA:61,0
DA:63,1
DA:65,3
DA:66,2
DA:68,1
DA:69,4
DA:71,1
DA:77,0
DA:78,0
DA:79,0
DA:82,0
DA:84,0
DA:85,0
DA:87,0
DA:90,1
DA:92,1
DA:93,1
DA:94,3
DA:109,1
DA:113,1
DA:114,1
DA:117,1
DA:118,1
DA:126,0
DA:127,0
DA:131,0
DA:132,0
DA:136,0
DA:137,0
DA:140,1
DA:142,2
DA:143,3
DA:146,2
DA:147,2
LF:44
LH:27
end_of_record
SF:lib\src\controls\flyouts\flyout.dart
DA:60,0
DA:62,0
DA:65,0
DA:68,0
DA:69,0
DA:71,0
DA:73,0
DA:75,0
DA:77,0
DA:79,0
DA:81,0
DA:89,1
DA:91,1
DA:92,1
DA:93,1
DA:94,0
DA:95,1
DA:96,1
DA:97,1
DA:98,1
DA:99,1
DA:100,0
DA:101,1
DA:102,0
DA:105,1
DA:110,1
DA:116,1
DA:117,1
DA:118,1
DA:119,1
DA:120,2
DA:122,5
DA:124,1
DA:125,0
DA:126,0
DA:127,1
DA:128,2
DA:129,2
DA:131,0
DA:132,0
DA:133,0
DA:134,0
DA:136,0
DA:137,0
DA:138,0
DA:139,0
DA:143,0
DA:149,1
DA:155,2
DA:159,1
DA:161,1
DA:163,0
DA:164,0
DA:166,0
DA:167,0
DA:169,0
DA:170,0
DA:171,0
DA:173,0
DA:176,0
DA:182,1
DA:183,1
DA:184,1
DA:185,2
DA:186,0
DA:189,1
DA:193,2
DA:194,1
DA:197,2
DA:198,1
DA:202,2
DA:205,1
DA:210,1
DA:212,2
DA:219,1
DA:224,1
DA:226,2
DA:232,0
DA:238,2
DA:256,1
DA:260,2
DA:262,1
DA:263,0
DA:264,0
DA:268,2
DA:270,1
DA:271,1
DA:280,1
DA:303,1
DA:305,1
DA:306,0
DA:307,0
DA:308,0
DA:310,0
DA:311,0
DA:312,0
DA:316,1
DA:321,1
DA:323,2
DA:325,2
DA:327,2
DA:329,3
DA:330,1
DA:332,1
DA:333,1
DA:335,2
DA:336,1
DA:337,2
DA:338,2
DA:339,0
DA:341,1
DA:345,0
DA:346,1
DA:351,1
DA:352,1
DA:354,5
DA:356,1
DA:358,2
DA:363,1
DA:364,1
DA:366,1
DA:368,1
DA:369,6
DA:370,1
DA:371,3
DA:376,1
DA:377,7
DA:380,3
DA:382,1
DA:383,8
DA:386,1
DA:387,9
DA:390,1
DA:391,1
DA:392,0
DA:393,1
DA:394,0
DA:395,1
DA:396,0
DA:397,0
DA:398,0
DA:402,1
DA:403,0
DA:404,0
DA:405,0
DA:409,1
DA:410,0
DA:411,1
DA:412,1
DA:413,0
DA:414,0
DA:415,0
DA:416,0
DA:420,0
DA:421,0
DA:422,0
DA:423,0
DA:429,0
DA:433,0
DA:435,0
DA:436,0
DA:453,2
DA:459,1
DA:460,2
DA:461,1
DA:463,1
DA:466,0
DA:467,0
DA:468,0
DA:473,1
DA:474,1
DA:482,2
DA:537,1
DA:554,1
DA:555,2
DA:557,2
DA:558,1
DA:560,1
DA:561,1
DA:563,1
DA:574,2
DA:576,1
DA:577,1
DA:578,1
DA:581,1
DA:582,2
DA:583,1
DA:586,1
DA:590,1
DA:591,1
DA:593,1
DA:595,2
DA:598,1
DA:599,0
DA:601,0
DA:602,0
DA:603,0
DA:604,0
DA:605,0
DA:608,0
DA:611,0
DA:612,0
DA:613,0
DA:614,0
DA:615,0
DA:618,0
DA:626,1
DA:627,1
DA:628,4
DA:630,2
DA:632,1
DA:633,1
DA:635,1
DA:636,1
DA:637,1
DA:641,1
DA:642,1
DA:643,1
DA:644,1
DA:656,1
DA:662,1
DA:664,1
DA:667,1
DA:669,1
DA:670,1
DA:671,1
DA:674,1
DA:677,1
DA:680,1
DA:691,1
DA:695,0
DA:696,0
DA:697,0
DA:700,0
DA:705,0
DA:706,0
DA:709,0
DA:710,0
DA:711,0
DA:712,0
DA:715,0
DA:716,0
DA:719,0
DA:720,0
DA:723,0
DA:724,0
DA:726,0
DA:727,0
DA:735,1
DA:736,3
DA:737,1
DA:744,1
DA:745,1
DA:756,0
DA:757,0
DA:764,1
DA:768,0
DA:770,0
DA:786,1
DA:792,1
DA:793,1
DA:797,1
DA:799,3
DA:800,2
LF:264
LH:159
end_of_record
SF:lib\src\controls\flyouts\menu.dart
DA:18,1
DA:65,1
DA:66,1
DA:72,1
DA:73,4
DA:74,0
DA:75,0
DA:76,0
DA:79,0
DA:80,0
DA:84,1
DA:86,1
DA:87,1
DA:90,1
DA:92,2
DA:93,1
DA:94,3
DA:96,1
DA:97,1
DA:99,1
DA:100,2
DA:101,2
DA:102,2
DA:103,2
DA:104,2
DA:106,1
DA:108,1
DA:109,2
DA:110,1
DA:113,5
DA:114,3
DA:115,2
DA:116,1
DA:117,0
DA:119,1
DA:120,1
DA:121,1
DA:129,2
DA:130,0
DA:131,0
DA:133,0
DA:134,0
DA:135,0
DA:136,0
DA:139,0
DA:140,0
DA:142,0
DA:143,0
DA:144,0
DA:146,0
DA:147,0
DA:162,17
DA:164,1
DA:165,1
DA:167,1
DA:184,35
DA:203,0
DA:208,0
DA:209,0
DA:223,1
DA:249,1
DA:251,2
DA:252,1
DA:253,2
DA:255,1
DA:256,1
DA:258,1
DA:259,1
DA:260,1
DA:262,1
DA:263,1
DA:264,1
DA:266,1
DA:268,1
DA:284,34
DA:286,0
DA:288,0
DA:290,0
DA:291,0
DA:328,0
DA:336,0
DA:360,0
DA:362,0
DA:370,0
DA:376,0
DA:377,0
DA:391,0
DA:393,0
DA:394,0
DA:397,0
DA:399,0
DA:401,0
DA:402,0
DA:403,0
DA:404,0
DA:408,0
DA:410,0
DA:412,0
DA:413,0
DA:414,0
DA:415,0
DA:416,0
DA:417,0
DA:418,0
DA:419,0
DA:421,0
DA:423,0
DA:424,0
DA:425,0
DA:426,0
DA:427,0
DA:430,0
DA:431,0
DA:432,0
DA:442,0
DA:443,0
DA:446,0
DA:447,0
DA:449,0
DA:450,0
DA:452,0
DA:453,0
DA:454,0
DA:456,0
DA:457,0
DA:458,0
DA:460,0
DA:461,0
DA:463,0
DA:464,0
DA:465,0
DA:466,0
DA:467,0
DA:468,0
DA:469,0
DA:470,0
DA:471,0
DA:472,0
DA:473,0
DA:474,0
DA:475,0
DA:481,0
DA:484,0
DA:485,0
DA:489,0
DA:490,0
DA:491,0
DA:492,0
DA:493,0
DA:494,0
DA:495,0
DA:498,0
DA:500,0
DA:509,0
DA:515,0
DA:517,0
DA:520,0
DA:522,0
DA:523,0
DA:524,0
DA:527,0
DA:536,0
DA:537,0
DA:538,0
DA:539,0
DA:542,0
DA:543,0
DA:545,0
DA:550,0
DA:551,0
DA:554,0
DA:557,0
DA:560,0
LF:173
LH:53
end_of_record
SF:lib\src\controls\form\auto_suggest_box.dart
DA:59,1
DA:67,0
DA:71,0
DA:74,0
DA:76,0
DA:93,1
DA:131,0
DA:330,1
DA:331,1
DA:333,0
DA:335,0
DA:337,0
DA:338,0
DA:340,0
DA:343,0
DA:345,0
DA:351,1
DA:355,1
DA:356,1
DA:358,0
DA:359,0
DA:360,0
DA:365,4
DA:378,1
DA:379,4
DA:385,0
DA:386,0
DA:387,0
DA:390,1
DA:392,1
DA:393,4
DA:395,3
DA:396,3
DA:398,7
DA:401,3
DA:402,1
DA:404,3
DA:405,3
DA:406,1
DA:407,2
DA:412,1
DA:414,3
DA:415,3
DA:416,2
DA:417,2
DA:418,1
DA:423,4
DA:424,4
DA:427,1
DA:430,0
DA:436,0
DA:437,0
DA:438,0
DA:441,0
DA:442,0
DA:443,0
DA:447,0
DA:448,0
DA:451,0
DA:454,0
DA:455,0
DA:457,0
DA:459,0
DA:461,0
DA:464,0
DA:465,0
DA:466,0
DA:468,0
DA:471,0
DA:472,0
DA:473,0
DA:477,0
DA:478,0
DA:479,0
DA:481,0
DA:484,0
DA:485,0
DA:487,0
DA:489,0
DA:492,0
DA:494,0
DA:497,0
DA:499,0
DA:500,0
DA:501,0
DA:503,0
DA:506,0
DA:507,0
DA:508,0
DA:509,0
DA:511,0
DA:512,0
DA:513,0
DA:514,0
DA:515,0
DA:516,0
DA:518,0
DA:519,0
DA:520,0
DA:521,0
DA:522,0
DA:523,0
DA:524,0
DA:525,0
DA:526,0
DA:527,0
DA:528,0
DA:529,0
DA:530,0
DA:532,0
DA:533,0
DA:539,0
DA:540,0
DA:543,0
DA:550,0
DA:551,0
DA:557,0
DA:558,0
DA:559,0
DA:563,1
DA:564,1
DA:565,1
DA:566,1
DA:569,0
DA:570,0
DA:571,0
DA:575,1
DA:576,2
DA:577,1
DA:578,1
DA:582,0
DA:583,0
DA:584,0
DA:587,0
DA:588,0
DA:589,0
DA:591,0
DA:593,0
DA:594,0
DA:595,0
DA:597,0
DA:598,0
DA:602,3
DA:604,1
DA:606,1
DA:607,1
DA:609,2
DA:610,5
DA:611,0
DA:613,0
DA:615,0
DA:616,0
DA:617,0
DA:618,0
DA:624,2
DA:627,1
DA:628,1
DA:629,1
DA:630,0
DA:631,0
DA:632,0
DA:636,0
DA:637,0
DA:641,0
DA:643,0
DA:644,0
DA:647,0
DA:648,0
DA:649,0
DA:650,0
DA:651,0
DA:654,0
DA:656,0
DA:658,0
DA:659,0
DA:660,0
DA:661,0
DA:662,0
DA:665,0
DA:667,0
DA:668,0
DA:670,0
DA:677,1
DA:678,0
DA:679,0
DA:680,0
DA:681,0
DA:682,0
DA:683,0
DA:684,0
DA:686,0
DA:688,0
DA:689,0
DA:690,0
DA:691,0
DA:692,0
DA:693,0
DA:694,0
DA:695,0
DA:696,0
DA:697,0
DA:698,0
DA:699,0
DA:700,0
DA:701,0
DA:702,0
DA:703,0
DA:704,0
DA:705,0
DA:706,0
DA:707,0
DA:709,1
DA:710,1
DA:711,1
DA:712,1
DA:713,2
DA:714,2
DA:715,2
DA:717,2
DA:719,1
DA:720,0
DA:721,2
DA:722,2
DA:723,2
DA:724,2
DA:725,2
DA:726,2
DA:727,2
DA:728,2
DA:729,2
DA:730,2
DA:731,2
DA:732,2
DA:733,2
DA:734,2
DA:735,2
DA:736,2
DA:737,2
DA:745,0
DA:768,0
DA:770,0
DA:783,0
DA:785,0
DA:786,0
DA:787,0
DA:789,0
DA:791,0
DA:796,0
DA:798,0
DA:799,0
DA:803,0
DA:805,0
DA:806,0
DA:807,0
DA:808,0
DA:811,0
DA:813,0
DA:814,0
DA:816,0
DA:817,0
DA:819,0
DA:820,0
DA:821,0
DA:822,0
DA:823,0
DA:824,0
DA:830,0
DA:831,0
DA:832,0
DA:833,0
DA:838,0
DA:839,0
DA:846,0
DA:847,0
DA:848,0
DA:849,0
DA:850,0
DA:852,0
DA:853,0
DA:854,0
DA:856,0
DA:857,0
DA:861,0
DA:863,0
DA:864,0
DA:867,0
DA:868,0
DA:869,0
DA:870,0
DA:871,0
DA:872,0
DA:873,0
DA:889,0
DA:899,0
DA:901,0
DA:908,0
DA:910,0
DA:911,0
DA:915,0
DA:918,0
DA:920,0
DA:921,0
DA:924,0
DA:926,0
DA:928,0
DA:929,0
DA:930,0
DA:933,0
DA:934,0
DA:937,0
DA:938,0
DA:939,0
DA:942,0
DA:943,0
LF:314
LH:76
end_of_record
SF:lib\src\controls\form\combo_box.dart
DA:30,0
DA:36,0
DA:42,0
DA:44,0
DA:45,0
DA:52,0
DA:54,0
DA:55,0
DA:56,0
DA:60,0
DA:61,0
DA:63,0
DA:65,0
DA:68,0
DA:69,0
DA:71,0
DA:74,0
DA:76,0
DA:77,0
DA:84,17
DA:86,0
DA:87,0
DA:89,0
DA:96,0
DA:111,0
DA:112,0
DA:116,0
DA:118,0
DA:119,0
DA:122,0
DA:127,0
DA:130,0
DA:131,0
DA:132,0
DA:133,0
DA:140,0
DA:141,0
DA:143,0
DA:144,0
DA:147,0
DA:148,0
DA:149,0
DA:153,0
DA:154,0
DA:155,0
DA:158,0
DA:160,0
DA:161,0
DA:162,0
DA:163,0
DA:164,0
DA:165,0
DA:171,0
DA:172,0
DA:173,0
DA:174,0
DA:176,0
DA:179,0
DA:181,0
DA:182,0
DA:184,0
DA:185,0
DA:186,0
DA:187,0
DA:188,0
DA:189,0
DA:190,0
DA:192,0
DA:193,0
DA:194,0
DA:201,0
DA:202,0
DA:207,0
DA:208,0
DA:213,0
DA:222,0
DA:237,0
DA:238,0
DA:245,0
DA:247,0
DA:252,0
DA:253,0
DA:257,0
DA:258,0
DA:263,0
DA:264,0
DA:268,0
DA:270,0
DA:271,0
DA:281,0
DA:283,0
DA:285,0
DA:286,0
DA:287,0
DA:288,0
DA:289,0
DA:290,0
DA:293,0
DA:295,0
DA:296,0
DA:298,0
DA:299,0
DA:300,0
DA:301,0
DA:302,0
DA:304,0
DA:309,0
DA:310,0
DA:311,0
DA:312,0
DA:316,0
DA:317,0
DA:318,0
DA:319,0
DA:321,0
DA:322,0
DA:323,0
DA:325,0
DA:328,0
DA:329,0
DA:330,0
DA:331,0
DA:332,0
DA:333,0
DA:334,0
DA:357,0
DA:362,0
DA:364,0
DA:365,0
DA:366,0
DA:370,0
DA:371,0
DA:373,0
DA:375,0
DA:378,0
DA:379,0
DA:381,0
DA:382,0
DA:383,0
DA:389,0
DA:394,0
DA:404,0
DA:411,0
DA:414,0
DA:415,0
DA:422,0
DA:425,0
DA:427,0
DA:428,0
DA:429,0
DA:433,0
DA:434,0
DA:437,0
DA:438,0
DA:440,0
DA:441,0
DA:442,0
DA:444,0
DA:445,0
DA:449,0
DA:452,0
DA:454,0
DA:455,0
DA:464,0
DA:468,0
DA:470,0
DA:473,0
DA:474,0
DA:478,0
DA:486,0
DA:497,0
DA:512,0
DA:515,0
DA:518,0
DA:524,0
DA:526,0
DA:527,0
DA:530,0
DA:531,0
DA:532,0
DA:533,0
DA:534,0
DA:535,0
DA:536,0
DA:538,0
DA:539,0
DA:543,0
DA:544,0
DA:545,0
DA:549,0
DA:550,0
DA:551,0
DA:552,0
DA:553,0
DA:554,0
DA:555,0
DA:564,0
DA:566,0
DA:570,0
DA:571,0
DA:572,0
DA:580,0
DA:582,0
DA:583,0
DA:585,0
DA:586,0
DA:587,0
DA:588,0
DA:592,0
DA:593,0
DA:600,0
DA:601,0
DA:602,0
DA:605,0
DA:606,0
DA:607,0
DA:610,0
DA:611,0
DA:612,0
DA:613,0
DA:614,0
DA:615,0
DA:625,0
DA:628,0
DA:631,0
DA:634,0
DA:635,0
DA:640,0
DA:663,0
DA:665,0
DA:673,0
DA:675,0
DA:676,0
DA:677,0
DA:682,0
DA:683,0
DA:684,0
DA:685,0
DA:686,0
DA:687,0
DA:688,0
DA:691,0
DA:697,0
DA:698,0
DA:699,0
DA:700,0
DA:703,0
DA:716,0
DA:726,0
DA:728,0
DA:729,0
DA:732,0
DA:734,0
DA:740,0
DA:742,0
DA:744,0
DA:747,0
DA:761,0
DA:830,0
DA:1040,0
DA:1041,0
DA:1046,0
DA:1050,0
DA:1055,0
DA:1056,0
DA:1059,0
DA:1061,0
DA:1062,0
DA:1063,0
DA:1064,0
DA:1066,0
DA:1067,0
DA:1068,0
DA:1070,0
DA:1071,0
DA:1074,0
DA:1077,0
DA:1079,0
DA:1080,0
DA:1081,0
DA:1082,0
DA:1085,0
DA:1086,0
DA:1087,0
DA:1090,0
DA:1091,0
DA:1092,0
DA:1093,0
DA:1098,0
DA:1100,0
DA:1101,0
DA:1102,0
DA:1103,0
DA:1104,0
DA:1106,0
DA:1107,0
DA:1109,0
DA:1112,0
DA:1113,0
DA:1114,0
DA:1119,0
DA:1120,0
DA:1121,0
DA:1122,0
DA:1123,0
DA:1130,0
DA:1131,0
DA:1133,0
DA:1134,0
DA:1135,0
DA:1138,0
DA:1139,0
DA:1140,0
DA:1141,0
DA:1142,0
DA:1143,0
DA:1144,0
DA:1145,0
DA:1146,0
DA:1147,0
DA:1148,0
DA:1149,0
DA:1150,0
DA:1152,0
DA:1153,0
DA:1154,0
DA:1155,0
DA:1159,0
DA:1160,0
DA:1161,0
DA:1162,0
DA:1163,0
DA:1166,0
DA:1167,0
DA:1171,0
DA:1172,0
DA:1175,0
DA:1176,0
DA:1177,0
DA:1178,0
DA:1180,0
DA:1182,0
DA:1183,0
DA:1186,0
DA:1188,0
DA:1192,0
DA:1193,0
DA:1194,0
DA:1195,0
DA:1197,0
DA:1199,0
DA:1200,0
DA:1202,0
DA:1209,0
DA:1210,0
DA:1211,0
DA:1214,0
DA:1215,0
DA:1216,0
DA:1217,0
DA:1218,0
DA:1219,0
DA:1220,0
DA:1223,0
DA:1224,0
DA:1225,0
DA:1226,0
DA:1238,0
DA:1239,0
DA:1241,0
DA:1242,0
DA:1244,0
DA:1246,0
DA:1247,0
DA:1248,0
DA:1253,0
DA:1254,0
DA:1255,0
DA:1256,0
DA:1257,0
DA:1258,0
DA:1259,0
DA:1260,0
DA:1263,0
DA:1264,0
DA:1265,0
DA:1267,0
DA:1268,0
DA:1270,0
DA:1271,0
DA:1272,0
DA:1273,0
DA:1275,0
DA:1284,0
DA:1286,0
DA:1287,0
DA:1288,0
DA:1289,0
DA:1290,0
DA:1291,0
DA:1292,0
LF:401
LH:1
end_of_record
SF:lib\src\controls\form\editable_combo_box.dart
DA:14,0
DA:54,0
DA:55,0
DA:59,0
DA:60,0
DA:64,0
DA:66,0
DA:67,0
DA:70,0
DA:72,0
DA:75,0
DA:78,0
DA:80,0
DA:82,0
DA:85,0
DA:87,0
DA:91,0
DA:93,0
DA:96,0
DA:97,0
DA:98,0
DA:99,0
DA:103,0
DA:105,0
DA:106,0
DA:109,0
DA:111,0
DA:112,0
DA:114,0
DA:115,0
DA:116,0
DA:120,0
DA:121,0
DA:122,0
DA:127,0
DA:128,0
DA:129,0
DA:130,0
DA:131,0
DA:132,0
DA:134,0
DA:135,0
DA:136,0
DA:137,0
DA:138,0
DA:139,0
DA:141,0
DA:143,0
DA:146,0
DA:147,0
DA:148,0
DA:177,0
DA:206,0
DA:208,0
DA:213,0
DA:216,0
DA:217,0
DA:220,0
DA:221,0
DA:223,0
DA:226,0
DA:229,0
DA:253,0
DA:254,0
DA:258,0
DA:260,0
DA:261,0
DA:262,0
DA:263,0
DA:266,0
DA:268,0
DA:269,0
DA:270,0
DA:297,0
DA:328,0
DA:333,0
DA:336,0
DA:337,0
DA:339,0
DA:340,0
DA:342,0
DA:345,0
DA:348,0
DA:372,0
DA:373,0
DA:377,0
DA:379,0
DA:380,0
DA:381,0
DA:382,0
DA:385,0
DA:387,0
DA:388,0
DA:389,0
LF:94
LH:0
end_of_record
SF:lib\src\controls\form\form_row.dart
DA:11,0
DA:30,0
DA:32,0
DA:34,0
DA:35,0
DA:36,0
DA:37,0
DA:38,0
DA:39,0
DA:41,0
DA:42,0
DA:43,0
DA:46,0
DA:47,0
DA:50,0
DA:51,0
DA:52,0
DA:55,0
LF:18
LH:0
end_of_record
SF:lib\src\controls\form\number_box.dart
DA:162,0
DA:188,0
DA:189,0
DA:195,0
DA:211,0
DA:212,0
DA:215,0
DA:217,0
DA:218,0
DA:220,0
DA:222,0
DA:223,0
DA:226,0
DA:228,0
DA:229,0
DA:230,0
DA:231,0
DA:232,0
DA:235,0
DA:236,0
DA:237,0
DA:238,0
DA:241,0
DA:242,0
DA:243,0
DA:244,0
DA:245,0
DA:249,0
DA:250,0
DA:255,0
DA:257,0
DA:259,0
DA:260,0
DA:261,0
DA:262,0
DA:264,0
DA:265,0
DA:268,0
DA:269,0
DA:270,0
DA:272,0
DA:276,0
DA:277,0
DA:278,0
DA:282,0
DA:283,0
DA:284,0
DA:286,0
DA:288,0
DA:290,0
DA:292,0
DA:293,0
DA:295,0
DA:296,0
DA:297,0
DA:299,0
DA:300,0
DA:301,0
DA:302,0
DA:303,0
DA:304,0
DA:315,0
DA:316,0
DA:317,0
DA:321,0
DA:322,0
DA:323,0
DA:326,0
DA:328,0
DA:330,0
DA:331,0
DA:332,0
DA:334,0
DA:338,0
DA:339,0
DA:340,0
DA:341,0
DA:343,0
DA:345,0
DA:347,0
DA:351,0
DA:352,0
DA:354,0
DA:358,0
DA:359,0
DA:360,0
DA:361,0
DA:362,0
DA:363,0
DA:364,0
DA:365,0
DA:366,0
DA:367,0
DA:368,0
DA:369,0
DA:370,0
DA:371,0
DA:373,0
DA:375,0
DA:378,0
DA:379,0
DA:380,0
DA:381,0
DA:382,0
DA:386,0
DA:387,0
DA:388,0
DA:389,0
DA:390,0
DA:391,0
DA:392,0
DA:393,0
DA:400,0
DA:401,0
DA:402,0
DA:403,0
DA:404,0
DA:405,0
DA:406,0
DA:407,0
DA:409,0
DA:421,0
DA:422,0
DA:423,0
DA:426,0
DA:427,0
DA:428,0
DA:429,0
DA:430,0
DA:433,0
DA:434,0
DA:435,0
DA:436,0
DA:437,0
DA:440,0
DA:441,0
DA:442,0
DA:443,0
DA:444,0
DA:447,0
DA:448,0
DA:449,0
DA:450,0
DA:451,0
DA:454,0
DA:455,0
DA:456,0
DA:457,0
DA:460,0
DA:462,0
DA:463,0
DA:464,0
DA:466,0
DA:467,0
DA:468,0
DA:472,0
DA:473,0
DA:476,0
DA:479,0
DA:482,0
DA:483,0
DA:484,0
DA:485,0
DA:488,0
DA:489,0
DA:491,0
DA:494,0
DA:496,0
DA:498,0
DA:499,0
DA:503,0
DA:505,0
DA:506,0
DA:508,0
DA:509,0
DA:517,0
DA:522,0
DA:524,0
DA:526,0
DA:528,0
DA:530,0
DA:531,0
DA:532,0
DA:535,0
DA:536,0
DA:537,0
DA:539,0
DA:542,0
DA:544,0
DA:545,0
DA:550,0
DA:553,0
DA:558,0
LF:193
LH:0
end_of_record
SF:lib\src\controls\form\password_box.dart
DA:126,0
DA:149,0
DA:150,0
DA:159,0
DA:160,0
DA:163,0
DA:165,0
DA:166,0
DA:167,0
DA:168,0
DA:169,0
DA:171,0
DA:172,0
DA:173,0
DA:174,0
DA:175,0
DA:177,0
DA:179,0
DA:180,0
DA:182,0
DA:183,0
DA:185,0
DA:186,0
DA:187,0
DA:190,0
DA:192,0
DA:193,0
DA:194,0
DA:197,0
DA:198,0
DA:199,0
DA:201,0
DA:204,0
DA:206,0
DA:207,0
DA:208,0
DA:209,0
DA:210,0
DA:211,0
DA:212,0
DA:213,0
DA:216,0
DA:217,0
DA:218,0
DA:219,0
DA:220,0
DA:221,0
DA:222,0
DA:223,0
DA:226,0
DA:227,0
DA:229,0
DA:232,0
DA:235,0
DA:236,0
DA:239,0
DA:242,0
DA:245,0
DA:246,0
DA:248,0
DA:250,0
DA:251,0
DA:256,0
DA:257,0
DA:260,0
DA:261,0
DA:266,0
DA:268,0
DA:269,0
DA:270,0
DA:271,0
DA:272,0
DA:273,0
DA:274,0
DA:275,0
DA:276,0
DA:277,0
DA:281,0
DA:282,0
DA:283,0
DA:284,0
DA:288,0
DA:289,0
DA:290,0
DA:291,0
DA:298,0
DA:299,0
DA:300,0
DA:301,0
DA:302,0
DA:303,0
DA:304,0
DA:305,0
DA:306,0
DA:307,0
DA:308,0
DA:309,0
DA:355,0
DA:381,0
DA:382,0
DA:383,0
DA:384,0
DA:387,0
DA:388,0
DA:389,0
DA:391,0
DA:392,0
DA:408,0
DA:411,0
DA:420,0
DA:421,0
LF:111
LH:0
end_of_record
SF:lib\src\controls\form\pickers\date_picker.dart
DA:11,1
DA:16,3
DA:17,0
DA:20,3
DA:21,0
DA:25,3
DA:58,1
DA:79,0
DA:80,3
DA:82,0
DA:83,3
DA:167,1
DA:168,1
DA:170,0
DA:172,0
DA:173,0
DA:175,0
DA:176,0
DA:178,0
DA:181,0
DA:183,0
DA:186,0
DA:188,0
DA:191,0
DA:192,0
DA:193,0
DA:194,0
DA:195,0
DA:197,0
DA:200,0
DA:202,0
DA:205,0
DA:206,0
DA:217,4
DA:218,4
DA:220,1
DA:221,5
DA:222,2
DA:223,6
DA:226,1
DA:228,1
DA:229,3
DA:230,1
DA:233,1
DA:234,2
DA:235,0
DA:237,2
DA:238,6
DA:239,1
DA:240,3
DA:242,2
DA:243,3
DA:245,2
DA:246,3
DA:250,1
DA:252,2
DA:253,2
DA:254,2
DA:255,1
DA:258,0
DA:260,0
DA:261,0
DA:262,0
DA:263,0
DA:264,0
DA:265,0
DA:269,0
DA:270,0
DA:273,1
DA:275,1
DA:276,1
DA:277,1
DA:278,1
DA:280,3
DA:282,3
DA:283,2
DA:285,6
DA:289,6
DA:293,6
DA:297,1
DA:298,0
DA:299,0
DA:300,0
DA:301,0
DA:302,0
DA:303,0
DA:304,0
DA:305,0
DA:306,0
DA:307,0
DA:308,0
DA:309,0
DA:310,0
DA:311,0
DA:315,2
DA:316,2
DA:317,2
DA:318,2
DA:319,0
DA:320,0
DA:322,0
DA:324,0
DA:326,0
DA:327,0
DA:329,1
DA:330,1
DA:339,1
DA:340,1
DA:342,1
DA:343,2
DA:344,1
DA:345,2
DA:346,0
DA:347,2
DA:348,3
DA:349,1
DA:356,1
DA:357,1
DA:358,1
DA:359,2
DA:360,1
DA:361,2
DA:362,0
DA:363,3
DA:366,3
DA:374,1
DA:375,1
DA:376,1
DA:377,2
DA:378,1
DA:379,2
DA:380,0
DA:381,3
DA:382,3
DA:390,1
DA:391,3
DA:392,3
DA:393,3
DA:396,3
DA:398,1
DA:399,1
DA:400,1
DA:401,1
DA:402,1
DA:404,1
DA:405,1
DA:406,1
DA:407,2
DA:408,0
DA:412,2
DA:413,1
DA:414,2
DA:415,2
DA:416,2
DA:418,2
DA:420,2
DA:429,2
DA:430,0
DA:431,0
DA:432,0
DA:441,0
DA:471,0
DA:473,0
DA:477,0
DA:478,0
DA:479,0
DA:480,0
DA:481,0
DA:482,0
DA:483,0
DA:488,0
DA:489,0
DA:492,0
DA:493,0
DA:496,0
DA:497,0
DA:499,0
DA:500,0
DA:503,0
DA:504,0
DA:505,0
DA:508,0
DA:509,0
DA:514,0
DA:516,0
DA:525,0
DA:527,0
DA:528,0
DA:529,0
DA:531,0
DA:532,0
DA:534,0
DA:535,0
DA:536,0
DA:539,0
DA:542,0
DA:543,0
DA:546,0
DA:549,0
DA:550,0
DA:554,0
DA:555,0
DA:556,0
DA:558,0
DA:559,0
DA:560,0
DA:562,0
DA:564,0
DA:571,0
DA:572,0
DA:573,0
DA:575,0
DA:576,0
DA:578,0
DA:579,0
DA:582,0
DA:583,0
DA:584,0
DA:585,0
DA:586,0
DA:591,0
DA:595,0
DA:596,0
DA:597,0
DA:599,0
DA:600,0
DA:601,0
DA:602,0
DA:603,0
DA:609,0
DA:610,0
DA:616,0
DA:617,0
DA:621,0
DA:622,0
DA:624,0
DA:625,0
DA:626,0
DA:628,0
DA:629,0
DA:630,0
DA:631,0
DA:633,0
DA:641,0
DA:642,0
DA:643,0
DA:644,0
DA:645,0
DA:646,0
DA:647,0
DA:648,0
DA:649,0
DA:650,0
DA:655,0
DA:659,0
DA:660,0
DA:661,0
DA:662,0
DA:663,0
DA:665,0
DA:666,0
DA:667,0
DA:673,0
DA:674,0
DA:680,0
DA:681,0
DA:685,0
DA:686,0
DA:688,0
DA:689,0
DA:692,0
DA:693,0
DA:695,0
DA:696,0
DA:697,0
DA:698,0
DA:699,0
DA:700,0
DA:703,0
DA:704,0
DA:705,0
DA:707,0
DA:708,0
DA:709,0
DA:710,0
DA:712,0
DA:720,0
DA:724,0
DA:725,0
DA:726,0
DA:727,0
DA:730,0
DA:732,0
DA:733,0
DA:734,0
DA:735,0
DA:736,0
DA:737,0
DA:738,0
DA:740,0
DA:742,0
DA:744,0
DA:755,0
DA:756,0
DA:757,0
DA:758,0
DA:760,0
DA:761,0
DA:762,0
DA:779,1
DA:780,1
DA:785,1
DA:790,1
DA:796,2
DA:798,1
DA:800,2
LF:316
LH:106
end_of_record
SF:lib\src\intl_script_locale_apply_mixin.dart
DA:10,0
DA:17,0
DA:18,0
DA:19,0
DA:21,0
DA:22,0
DA:23,0
DA:25,0
DA:26,0
LF:9
LH:0
end_of_record
SF:lib\src\controls\form\pickers\time_picker.dart
DA:20,0
DA:80,0
DA:82,0
DA:83,0
DA:85,0
DA:87,0
DA:89,0
DA:90,0
DA:92,0
DA:95,0
DA:97,0
DA:100,0
DA:101,0
DA:103,0
DA:107,0
DA:109,0
DA:125,0
DA:127,0
DA:128,0
DA:129,0
DA:132,0
DA:134,0
DA:135,0
DA:136,0
DA:137,0
DA:140,0
DA:142,0
DA:143,0
DA:144,0
DA:145,0
DA:146,0
DA:147,0
DA:148,0
DA:151,0
DA:152,0
DA:153,0
DA:157,0
DA:158,0
DA:161,0
DA:162,0
DA:163,0
DA:165,0
DA:166,0
DA:167,0
DA:168,0
DA:169,0
DA:172,0
DA:174,0
DA:176,0
DA:179,0
DA:181,0
DA:183,0
DA:184,0
DA:186,0
DA:187,0
DA:189,0
DA:190,0
DA:191,0
DA:192,0
DA:193,0
DA:194,0
DA:195,0
DA:196,0
DA:197,0
DA:198,0
DA:199,0
DA:200,0
DA:203,0
DA:204,0
DA:205,0
DA:206,0
DA:207,0
DA:208,0
DA:209,0
DA:210,0
DA:211,0
DA:213,0
DA:221,0
DA:222,0
DA:223,0
DA:224,0
DA:225,0
DA:227,0
DA:228,0
DA:229,0
DA:230,0
DA:231,0
DA:234,0
DA:235,0
DA:236,0
DA:237,0
DA:238,0
DA:239,0
DA:240,0
DA:241,0
DA:244,0
DA:245,0
DA:246,0
DA:251,0
DA:252,0
DA:258,0
DA:264,0
DA:265,0
DA:266,0
DA:267,0
DA:268,0
DA:269,0
DA:270,0
DA:275,0
DA:282,0
DA:283,0
DA:284,0
DA:285,0
DA:286,0
DA:287,0
DA:288,0
DA:289,0
DA:290,0
DA:302,0
DA:303,0
DA:304,0
DA:305,0
DA:314,0
DA:336,0
DA:338,0
DA:342,0
DA:346,0
DA:348,0
DA:349,0
DA:350,0
DA:351,0
DA:352,0
DA:354,0
DA:355,0
DA:356,0
DA:357,0
DA:358,0
DA:359,0
DA:360,0
DA:361,0
DA:362,0
DA:363,0
DA:368,0
DA:369,0
DA:370,0
DA:371,0
DA:375,0
DA:377,0
DA:378,0
DA:379,0
DA:381,0
DA:384,0
DA:386,0
DA:387,0
DA:388,0
DA:389,0
DA:398,0
DA:399,0
DA:400,0
DA:402,0
DA:403,0
DA:404,0
DA:405,0
DA:406,0
DA:407,0
DA:408,0
DA:409,0
DA:410,0
DA:416,0
DA:417,0
DA:423,0
DA:424,0
DA:425,0
DA:426,0
DA:428,0
DA:429,0
DA:430,0
DA:431,0
DA:432,0
DA:435,0
DA:436,0
DA:438,0
DA:439,0
DA:440,0
DA:441,0
DA:443,0
DA:454,0
DA:455,0
DA:456,0
DA:457,0
DA:459,0
DA:460,0
DA:461,0
DA:462,0
DA:464,0
DA:465,0
DA:466,0
DA:467,0
DA:474,0
DA:475,0
DA:476,0
DA:477,0
DA:483,0
DA:484,0
DA:490,0
DA:491,0
DA:492,0
DA:493,0
DA:494,0
DA:495,0
DA:496,0
DA:497,0
DA:499,0
DA:500,0
DA:501,0
DA:502,0
DA:504,0
DA:515,0
DA:516,0
DA:517,0
DA:518,0
DA:519,0
DA:520,0
DA:521,0
DA:523,0
DA:524,0
DA:525,0
DA:531,0
DA:533,0
DA:534,0
DA:535,0
DA:536,0
DA:542,0
DA:543,0
DA:549,0
DA:550,0
DA:553,0
DA:554,0
DA:556,0
DA:557,0
DA:558,0
DA:559,0
DA:561,0
DA:566,0
DA:568,0
DA:569,0
DA:570,0
DA:571,0
DA:573,0
DA:579,0
DA:581,0
DA:582,0
DA:583,0
DA:586,0
DA:589,0
DA:592,0
DA:593,0
DA:594,0
DA:595,0
DA:597,0
DA:598,0
DA:599,0
DA:600,0
DA:616,0
DA:617,0
DA:618,0
DA:619,0
DA:621,0
DA:622,0
DA:623,0
LF:270
LH:0
end_of_record
SF:lib\src\controls\form\selection_controls.dart
DA:28,0
DA:43,0
DA:46,0
DA:47,0
DA:51,0
DA:52,0
DA:61,0
DA:68,0
DA:71,0
DA:72,0
DA:74,0
DA:75,0
DA:81,0
DA:82,0
DA:83,0
DA:85,0
DA:87,0
DA:89,0
DA:90,0
DA:91,0
DA:95,0
DA:97,0
DA:107,0
DA:112,0
DA:123,0
DA:128,0
DA:129,0
DA:130,0
DA:132,0
DA:134,0
DA:142,0
DA:155,0
DA:165,0
DA:169,0
DA:170,0
DA:171,0
DA:172,0
DA:173,0
DA:178,2
DA:179,1
DA:183,0
DA:207,0
DA:209,0
DA:216,0
DA:217,0
DA:222,0
DA:224,0
DA:225,0
DA:226,0
DA:227,0
DA:228,0
DA:232,0
DA:234,0
DA:235,0
DA:236,0
DA:237,0
DA:238,0
DA:240,0
DA:241,0
DA:242,0
DA:243,0
DA:248,0
DA:250,0
DA:253,0
DA:254,0
DA:258,0
DA:261,0
DA:262,0
DA:263,0
DA:264,0
DA:268,0
DA:269,0
DA:271,0
DA:272,0
DA:273,0
DA:274,0
DA:276,0
DA:279,0
DA:280,0
DA:281,0
DA:283,0
DA:290,0
DA:299,0
DA:300,0
DA:301,0
DA:303,0
DA:304,0
DA:305,0
DA:308,0
DA:309,0
DA:310,0
DA:312,0
DA:313,0
DA:314,0
DA:317,0
DA:318,0
DA:319,0
DA:320,0
DA:322,0
DA:323,0
DA:324,0
DA:327,0
DA:328,0
DA:329,0
DA:331,0
DA:332,0
DA:333,0
DA:338,0
DA:342,0
DA:343,0
DA:365,0
DA:368,0
DA:376,0
DA:378,0
DA:379,0
DA:380,0
DA:381,0
DA:383,0
DA:384,0
DA:386,0
DA:388,0
DA:389,0
DA:395,0
DA:396,0
DA:397,0
DA:399,0
DA:401,0
DA:402,0
DA:403,0
DA:409,0
DA:411,0
DA:413,0
DA:425,0
DA:439,0
DA:441,0
DA:442,0
DA:443,0
DA:444,0
DA:445,0
DA:446,0
DA:448,0
DA:450,0
DA:452,0
DA:453,0
DA:455,0
DA:456,0
DA:457,0
DA:458,0
DA:459,0
DA:460,0
DA:473,0
DA:474,0
DA:476,0
DA:478,0
DA:479,0
DA:481,0
DA:482,0
DA:483,0
DA:485,0
DA:486,0
DA:491,0
DA:492,0
DA:493,0
DA:495,0
LF:164
LH:2
end_of_record
SF:lib\src\controls\form\text_box.dart
DA:38,1
DA:44,0
DA:46,0
DA:47,0
DA:48,0
DA:51,0
DA:53,0
DA:130,1
DA:195,3
DA:200,2
DA:201,1
DA:203,1
DA:207,1
DA:210,1
DA:212,1
DA:215,1
DA:216,0
DA:221,1
DA:484,2
DA:516,0
DA:518,0
DA:551,0
DA:553,0
DA:557,1
DA:558,1
DA:560,0
DA:562,0
DA:564,0
DA:566,0
DA:568,0
DA:569,0
DA:571,0
DA:574,0
DA:575,0
DA:576,0
DA:577,0
DA:578,0
DA:579,0
DA:580,0
DA:581,0
DA:583,0
DA:584,0
DA:586,0
DA:587,0
DA:589,0
DA:591,0
DA:593,0
DA:595,0
DA:596,0
DA:598,0
DA:599,0
DA:601,0
DA:602,0
DA:603,0
DA:604,0
DA:605,0
DA:606,0
DA:608,0
DA:609,0
DA:610,0
DA:612,0
DA:613,0
DA:614,0
DA:617,0
DA:618,0
DA:620,0
DA:621,0
DA:623,0
DA:625,0
DA:627,0
DA:628,0
DA:630,0
DA:632,0
DA:634,0
DA:636,0
DA:637,0
DA:639,0
DA:640,0
DA:644,2
DA:645,1
DA:652,1
DA:653,2
DA:656,1
DA:657,2
DA:659,0
DA:660,0
DA:661,0
DA:668,1
DA:675,0
DA:676,0
DA:679,1
DA:681,1
DA:682,2
DA:685,2
DA:686,0
DA:688,1
DA:689,3
DA:690,2
DA:693,0
DA:695,0
DA:696,0
DA:697,0
DA:698,0
DA:699,0
DA:700,0
DA:701,0
DA:704,0
DA:705,0
DA:706,0
DA:708,0
DA:711,1
DA:713,1
DA:714,0
DA:718,0
DA:719,0
DA:720,0
DA:721,0
DA:724,0
DA:725,0
DA:726,0
DA:727,0
DA:728,0
DA:729,0
DA:730,0
DA:734,1
DA:735,2
DA:737,1
DA:739,3
DA:740,1
DA:741,1
DA:742,1
DA:745,0
DA:747,0
DA:748,0
DA:751,0
DA:752,0
DA:758,0
DA:761,0
DA:765,0
DA:769,0
DA:773,0
DA:777,0
DA:784,0
DA:786,0
DA:787,0
DA:788,0
DA:789,0
DA:793,0
DA:794,0
DA:795,0
DA:796,0
DA:797,0
DA:798,0
DA:799,0
DA:800,0
DA:801,0
DA:802,0
DA:807,0
DA:808,0
DA:809,0
DA:810,0
DA:812,0
DA:813,0
DA:814,0
DA:815,0
DA:816,0
DA:822,1
DA:823,1
DA:825,1
DA:830,1
DA:832,1
DA:834,0
DA:836,0
DA:841,1
DA:842,2
DA:843,1
DA:844,2
DA:845,2
DA:849,1
DA:850,2
DA:851,1
DA:852,2
DA:853,2
DA:858,1
DA:859,2
DA:860,0
DA:861,0
DA:867,1
DA:868,2
DA:869,0
DA:871,1
DA:874,1
DA:878,1
DA:883,1
DA:884,1
DA:886,1
DA:887,2
DA:890,4
DA:893,1
DA:894,1
DA:895,1
DA:896,4
DA:897,1
DA:899,1
DA:900,2
DA:901,1
DA:902,2
DA:903,2
DA:905,1
DA:907,2
DA:911,1
DA:916,2
DA:917,2
DA:926,0
DA:927,0
DA:929,0
DA:931,0
DA:933,0
DA:935,0
DA:937,0
DA:938,0
DA:940,0
DA:941,0
DA:945,0
DA:946,0
DA:950,1
DA:952,1
DA:953,1
DA:954,1
DA:955,1
DA:957,2
DA:959,1
DA:960,1
DA:961,1
DA:962,0
DA:963,0
DA:964,1
DA:967,0
DA:968,0
DA:969,0
DA:970,0
DA:972,0
DA:973,0
DA:974,0
DA:980,2
DA:982,1
DA:983,2
DA:984,2
DA:985,0
DA:986,0
DA:987,0
DA:990,1
DA:992,2
DA:993,2
DA:994,2
DA:996,2
DA:999,3
DA:1002,3
DA:1003,2
DA:1004,2
DA:1005,0
DA:1007,2
DA:1008,0
DA:1009,0
DA:1010,0
DA:1015,2
DA:1016,0
DA:1018,0
DA:1020,0
DA:1021,0
DA:1024,1
DA:1025,2
DA:1026,1
DA:1027,1
DA:1028,1
DA:1029,1
DA:1030,1
DA:1032,2
DA:1033,2
DA:1034,1
DA:1035,1
DA:1036,2
DA:1037,2
DA:1038,2
DA:1040,2
DA:1041,2
DA:1042,2
DA:1043,2
DA:1044,2
DA:1045,2
DA:1046,2
DA:1047,2
DA:1048,2
DA:1049,2
DA:1050,2
DA:1051,2
DA:1052,2
DA:1053,2
DA:1054,1
DA:1057,2
DA:1059,2
DA:1060,2
DA:1061,1
DA:1062,2
DA:1063,2
DA:1064,2
DA:1067,2
DA:1068,2
DA:1069,2
DA:1076,2
DA:1077,2
DA:1078,2
DA:1080,2
DA:1081,2
DA:1082,2
DA:1083,2
DA:1085,2
DA:1087,2
DA:1088,2
DA:1089,2
DA:1096,1
DA:1097,2
DA:1100,0
DA:1101,2
DA:1102,0
DA:1103,1
DA:1104,0
DA:1106,1
DA:1110,1
DA:1112,1
DA:1115,2
DA:1116,0
DA:1117,2
DA:1120,3
DA:1123,1
DA:1124,1
DA:1125,1
DA:1126,2
DA:1127,0
DA:1128,0
DA:1129,0
DA:1133,2
DA:1134,2
DA:1137,2
DA:1140,1
DA:1141,2
DA:1142,2
DA:1143,2
DA:1144,2
DA:1145,2
DA:1146,2
DA:1147,2
DA:1148,2
DA:1152,2
DA:1153,1
DA:1155,1
DA:1157,2
DA:1159,0
DA:1160,0
DA:1161,0
DA:1162,0
DA:1164,0
DA:1167,1
DA:1168,1
DA:1170,1
DA:1172,2
DA:1173,1
DA:1177,1
DA:1183,2
DA:1184,0
DA:1187,1
DA:1188,1
DA:1190,1
DA:1191,2
DA:1193,1
DA:1194,1
DA:1195,2
DA:1196,2
DA:1203,2
DA:1204,2
DA:1205,2
DA:1206,2
DA:1207,2
DA:1209,1
DA:1215,2
DA:1217,1
DA:1218,4
DA:1221,1
DA:1222,1
DA:1225,1
LF:390
LH:211
end_of_record
SF:lib\src\controls\form\text_form_box.dart
DA:10,0
DA:64,0
DA:134,0
DA:135,0
DA:136,0
DA:137,0
DA:139,0
DA:143,0
DA:146,0
DA:148,0
DA:149,0
DA:151,0
DA:152,0
DA:153,0
DA:156,0
DA:157,0
DA:159,0
DA:163,0
DA:164,0
DA:165,0
DA:168,0
DA:169,0
DA:170,0
DA:222,0
DA:225,0
DA:247,0
DA:248,0
DA:254,0
DA:255,0
DA:257,0
DA:258,0
DA:260,0
DA:262,0
DA:263,0
DA:264,0
DA:266,0
DA:270,0
DA:272,0
DA:273,0
DA:274,0
DA:275,0
DA:277,0
DA:278,0
DA:279,0
DA:282,0
DA:283,0
DA:284,0
DA:285,0
DA:291,0
DA:293,0
DA:294,0
DA:297,0
DA:299,0
DA:301,0
DA:302,0
DA:306,0
DA:308,0
DA:310,0
DA:311,0
DA:312,0
DA:317,0
DA:318,0
DA:319,0
LF:63
LH:0
end_of_record
SF:lib\src\controls\inputs\buttons\base.dart
DA:18,2
DA:97,2
DA:98,2
DA:99,0
DA:100,0
DA:101,0
DA:103,2
DA:104,2
DA:106,0
DA:108,0
DA:110,0
DA:111,0
DA:112,0
DA:113,0
DA:119,2
DA:121,2
DA:122,2
DA:124,4
DA:125,4
DA:126,4
DA:128,2
DA:129,2
DA:130,2
DA:131,2
DA:135,2
DA:136,4
DA:137,4
DA:138,4
DA:139,4
DA:140,4
DA:141,4
DA:142,4
DA:143,2
DA:144,2
DA:146,2
DA:147,6
DA:152,6
DA:153,6
DA:154,6
DA:156,6
DA:158,6
DA:160,6
DA:161,2
DA:162,4
DA:165,6
DA:167,6
DA:171,4
DA:172,4
DA:173,4
DA:175,2
DA:176,6
DA:177,2
DA:181,2
DA:182,4
DA:183,2
DA:186,2
DA:187,4
DA:188,4
DA:189,2
DA:190,2
DA:194,2
DA:195,2
DA:199,2
DA:200,4
DA:201,4
DA:203,2
DA:205,4
DA:210,4
DA:214,2
DA:217,4
LF:70
LH:61
end_of_record
SF:lib\src\controls\inputs\buttons\button.dart
DA:22,2
DA:35,2
DA:37,2
DA:38,2
DA:39,2
DA:40,4
DA:41,2
DA:42,4
DA:43,2
DA:44,2
DA:45,4
DA:46,2
DA:47,4
DA:50,2
DA:53,4
DA:54,2
DA:56,4
DA:57,2
DA:62,2
DA:64,2
DA:65,4
LF:21
LH:21
end_of_record
SF:lib\src\controls\inputs\buttons\filled_button.dart
DA:14,0
DA:27,0
DA:29,0
DA:30,0
DA:31,0
DA:34,0
DA:36,0
DA:38,0
DA:39,0
DA:40,0
DA:42,0
DA:43,0
DA:47,0
DA:50,4
DA:54,4
DA:55,0
DA:56,4
DA:57,0
DA:58,4
DA:59,0
DA:61,12
DA:65,2
DA:67,2
DA:68,2
DA:69,0
DA:70,2
DA:71,0
DA:72,2
DA:73,0
DA:75,2
LF:30
LH:11
end_of_record
SF:lib\src\controls\inputs\buttons\hyperlink_button.dart
DA:18,0
DA:31,0
DA:33,0
DA:34,0
DA:36,0
DA:37,0
DA:38,0
DA:39,0
DA:40,0
DA:41,0
DA:42,0
DA:43,0
DA:45,0
DA:48,0
DA:49,0
DA:51,0
DA:52,0
DA:53,0
DA:54,0
DA:55,0
DA:56,0
DA:57,0
DA:58,0
DA:60,0
DA:63,0
DA:70,0
DA:72,0
DA:73,0
LF:28
LH:0
end_of_record
SF:lib\src\controls\inputs\buttons\icon_button.dart
DA:6,0
DA:18,0
DA:26,0
DA:28,0
DA:29,0
DA:30,0
DA:31,0
DA:32,0
DA:33,0
DA:34,0
DA:35,0
DA:36,0
DA:37,0
DA:39,0
DA:40,0
DA:41,0
DA:43,0
DA:50,0
DA:51,0
DA:54,0
DA:55,0
DA:60,0
DA:62,0
DA:63,0
DA:74,1
DA:76,0
DA:77,0
DA:80,0
LF:28
LH:1
end_of_record
SF:lib\src\controls\inputs\buttons\outlined_button.dart
DA:12,0
DA:25,0
DA:27,0
DA:28,0
DA:30,0
DA:31,0
DA:32,0
DA:33,0
DA:35,0
DA:36,0
DA:37,0
DA:38,0
DA:39,0
DA:40,0
DA:41,0
DA:42,0
DA:43,0
DA:48,0
DA:56,0
DA:58,0
DA:59,0
LF:21
LH:0
end_of_record
SF:lib\src\controls\inputs\buttons\theme.dart
DA:7,5
DA:37,0
DA:39,0
DA:40,0
DA:41,0
DA:42,0
DA:43,0
DA:44,0
DA:45,0
DA:46,0
DA:47,0
DA:48,0
DA:52,4
DA:53,4
DA:55,4
DA:56,4
DA:57,0
DA:58,4
DA:59,0
DA:61,4
DA:62,4
DA:64,4
DA:65,4
DA:69,0
DA:71,4
DA:72,0
DA:74,4
DA:75,0
DA:76,0
DA:83,0
DA:94,0
DA:95,0
DA:96,0
DA:97,0
DA:98,0
DA:99,0
DA:100,0
DA:101,0
DA:102,0
DA:103,0
DA:116,0
DA:127,0
DA:132,0
DA:133,0
DA:135,0
DA:151,2
DA:152,2
DA:153,6
DA:154,2
DA:158,2
DA:160,2
DA:161,0
DA:164,0
DA:166,0
DA:169,0
DA:171,0
DA:183,68
DA:191,0
DA:198,4
DA:206,2
DA:208,0
DA:209,0
DA:210,0
DA:211,0
DA:212,0
DA:213,0
DA:217,0
DA:219,0
DA:221,0
DA:222,0
DA:223,0
DA:224,0
DA:225,0
DA:226,0
DA:227,0
DA:228,0
DA:229,0
DA:230,0
DA:235,3
DA:236,6
DA:237,3
DA:238,1
DA:239,3
DA:240,0
DA:241,3
DA:242,0
DA:244,3
DA:249,2
DA:253,4
DA:254,2
DA:255,1
DA:256,2
DA:257,0
DA:258,2
DA:259,0
DA:261,2
DA:267,4
DA:269,4
DA:272,5
DA:278,5
DA:279,5
DA:280,0
DA:281,1
DA:283,4
DA:284,4
DA:286,3
DA:287,1
LF:107
LH:45
end_of_record
SF:lib\src\controls\inputs\checkbox.dart
DA:20,1
DA:65,0
DA:67,0
DA:69,0
DA:70,0
DA:71,0
DA:72,0
DA:73,0
DA:74,0
DA:76,0
DA:82,1
DA:84,1
DA:85,3
DA:87,1
DA:88,1
DA:89,1
DA:90,1
DA:91,1
DA:92,1
DA:94,5
DA:95,1
DA:96,1
DA:98,2
DA:99,2
DA:100,1
DA:103,1
DA:104,1
DA:105,0
DA:106,1
DA:107,2
DA:109,2
DA:111,1
DA:112,1
DA:113,0
DA:114,0
DA:115,0
DA:116,0
DA:118,1
DA:119,1
DA:121,1
DA:122,1
DA:123,0
DA:124,0
DA:125,1
DA:126,2
DA:128,2
DA:130,1
DA:133,1
DA:134,0
DA:137,0
DA:140,1
DA:141,1
DA:142,1
DA:144,1
DA:154,0
DA:158,0
DA:160,0
DA:163,0
DA:171,0
DA:181,0
DA:186,0
DA:187,0
DA:189,0
DA:205,1
DA:206,1
DA:207,3
DA:208,1
DA:212,1
DA:215,1
DA:216,2
DA:219,0
DA:221,0
DA:224,0
DA:226,0
DA:244,21
DA:256,1
DA:257,1
DA:258,1
DA:259,1
DA:260,2
DA:262,1
DA:265,1
DA:266,2
DA:267,1
DA:268,2
DA:269,0
DA:270,2
DA:272,1
DA:276,1
DA:277,0
DA:279,0
DA:282,2
DA:283,1
DA:285,1
DA:290,4
DA:295,4
DA:296,12
DA:297,12
DA:298,8
DA:299,4
DA:300,8
DA:301,4
DA:302,8
DA:303,4
DA:304,8
DA:305,4
DA:306,8
DA:307,4
DA:308,8
DA:309,4
DA:310,8
DA:314,1
DA:315,1
DA:316,2
DA:317,2
DA:318,2
DA:319,2
DA:320,2
DA:321,2
DA:322,2
DA:323,2
DA:324,2
DA:328,0
DA:330,0
DA:332,0
DA:334,0
DA:336,0
DA:338,0
DA:340,0
DA:342,0
DA:344,0
DA:346,0
DA:348,0
DA:350,0
DA:352,0
DA:354,0
DA:356,0
DA:357,0
DA:359,0
DA:361,0
DA:363,0
DA:365,0
DA:366,0
DA:368,0
DA:375,1
DA:387,1
DA:389,1
DA:390,1
DA:392,1
DA:394,1
DA:396,1
DA:398,1
DA:399,0
DA:402,1
DA:403,1
DA:404,1
DA:405,0
DA:408,1
DA:412,1
DA:413,3
DA:414,1
DA:419,2
DA:420,2
DA:426,2
DA:428,0
DA:429,0
DA:430,0
DA:436,0
DA:441,1
DA:442,1
DA:445,1
DA:452,0
DA:454,0
DA:456,0
DA:457,0
DA:458,0
LF:176
LH:109
end_of_record
SF:lib\src\controls\inputs\chip.dart
DA:22,0
DA:31,0
DA:63,0
DA:65,0
DA:67,0
DA:68,0
DA:69,0
DA:70,0
DA:71,0
DA:72,0
DA:73,0
DA:74,0
DA:75,0
DA:76,0
DA:77,0
DA:78,0
DA:79,0
DA:80,0
DA:81,0
DA:82,0
DA:83,0
DA:89,0
DA:90,0
DA:91,0
DA:95,0
DA:96,0
DA:97,0
DA:98,0
DA:99,0
DA:100,0
DA:101,0
DA:102,0
DA:103,0
DA:104,0
DA:105,0
DA:106,0
DA:107,0
DA:109,0
DA:112,0
DA:113,0
DA:114,0
DA:115,0
DA:116,0
DA:118,0
DA:137,0
DA:148,0
DA:153,0
DA:154,0
DA:156,0
DA:172,0
DA:173,0
DA:174,0
DA:175,0
DA:179,0
DA:180,0
DA:181,0
DA:184,0
DA:186,0
DA:189,0
DA:191,0
DA:207,21
DA:216,0
DA:217,0
DA:218,0
DA:220,0
DA:223,0
DA:225,0
DA:228,0
DA:230,0
DA:231,0
DA:232,0
DA:233,0
DA:236,0
DA:237,0
DA:238,0
DA:239,0
DA:240,0
DA:243,0
DA:244,0
DA:245,0
DA:246,0
DA:249,0
DA:250,0
DA:255,4
DA:260,4
DA:262,12
DA:263,4
DA:264,8
DA:265,8
DA:267,12
DA:268,4
DA:269,8
DA:270,12
DA:274,0
DA:276,0
DA:277,0
DA:278,0
DA:279,0
DA:280,0
DA:281,0
DA:282,0
DA:286,0
DA:288,0
DA:290,0
DA:291,0
DA:292,0
DA:293,0
DA:294,0
DA:295,0
DA:296,0
DA:297,0
DA:298,0
DA:299,0
LF:113
LH:11
end_of_record
SF:lib\src\controls\inputs\dropdown_button.dart
DA:30,1
DA:48,3
DA:126,1
DA:127,1
DA:129,1
DA:135,1
DA:136,1
DA:137,1
DA:139,1
DA:141,1
DA:148,1
DA:150,0
DA:151,0
DA:155,0
DA:156,0
DA:157,0
DA:158,0
DA:159,0
DA:161,0
DA:164,0
DA:166,0
DA:171,0
DA:172,0
DA:173,0
DA:174,0
DA:175,0
DA:177,0
DA:180,0
DA:182,0
DA:195,0
DA:197,0
DA:199,0
DA:200,0
DA:202,0
DA:205,0
DA:207,0
DA:211,0
DA:212,0
DA:213,0
DA:220,1
DA:222,2
DA:223,1
DA:227,1
DA:232,2
DA:236,1
DA:237,1
DA:240,1
DA:242,1
DA:243,1
DA:245,1
DA:247,1
DA:248,1
DA:249,2
DA:250,2
DA:251,0
DA:253,0
DA:257,1
DA:258,3
DA:259,2
DA:260,2
DA:261,2
DA:262,2
DA:264,1
DA:266,1
DA:269,2
DA:270,5
DA:271,5
DA:272,2
DA:273,1
DA:274,1
DA:275,1
DA:276,0
DA:277,1
DA:278,0
DA:279,1
DA:280,0
DA:281,2
DA:283,1
DA:284,1
DA:286,1
DA:289,2
DA:306,0
DA:319,1
DA:324,2
DA:326,2
DA:327,2
DA:329,1
DA:330,2
DA:332,2
DA:336,2
DA:337,1
DA:338,1
DA:339,2
DA:340,2
DA:341,4
DA:342,3
DA:343,1
DA:344,0
DA:345,0
DA:346,0
DA:348,1
DA:349,1
DA:350,1
DA:351,1
DA:352,1
DA:356,1
DA:360,0
LF:107
LH:69
end_of_record
SF:lib\src\controls\inputs\pill_button_bar.dart
DA:18,0
DA:37,0
DA:43,0
DA:44,0
DA:61,0
DA:63,0
DA:64,0
DA:65,0
DA:66,0
DA:67,0
DA:68,0
DA:69,0
DA:71,0
DA:72,0
DA:75,0
DA:76,0
DA:77,0
DA:78,0
DA:79,0
DA:81,0
DA:82,0
DA:87,0
DA:92,0
DA:102,0
DA:104,0
DA:105,0
DA:106,0
DA:107,0
DA:108,0
DA:110,0
DA:111,0
DA:112,0
DA:113,0
DA:115,0
DA:116,0
DA:117,0
DA:118,0
DA:120,0
DA:121,0
DA:122,0
DA:125,0
DA:126,0
DA:129,0
DA:130,0
DA:131,0
DA:133,0
DA:134,0
DA:135,0
DA:136,0
DA:137,0
DA:138,0
DA:140,0
DA:142,0
DA:159,0
DA:170,0
DA:175,0
DA:176,0
DA:178,0
DA:194,0
DA:195,0
DA:196,0
DA:197,0
DA:201,0
DA:203,0
DA:204,0
DA:207,0
DA:209,0
DA:212,0
DA:214,0
DA:231,21
DA:239,0
DA:240,0
DA:241,0
DA:242,0
DA:244,0
DA:246,0
DA:252,0
DA:254,0
DA:256,0
DA:257,0
DA:258,0
DA:259,0
DA:262,0
DA:263,0
DA:266,0
DA:267,0
DA:268,0
DA:272,4
DA:277,4
DA:278,12
DA:280,12
DA:282,12
DA:284,12
DA:285,4
DA:286,8
DA:290,0
DA:292,0
DA:293,0
DA:294,0
DA:295,0
DA:296,0
DA:297,0
LF:102
LH:9
end_of_record
SF:lib\src\controls\inputs\radio_button.dart
DA:31,1
DA:78,0
DA:80,0
DA:82,0
DA:83,0
DA:84,0
DA:85,0
DA:86,0
DA:87,0
DA:88,0
DA:91,1
DA:93,1
DA:94,3
DA:95,1
DA:96,1
DA:97,1
DA:98,5
DA:99,1
DA:100,1
DA:101,2
DA:102,2
DA:104,1
DA:105,2
DA:106,2
DA:109,1
DA:115,1
DA:116,2
DA:117,2
DA:118,1
DA:119,1
DA:120,1
DA:124,1
DA:125,0
DA:128,0
DA:131,1
DA:132,1
DA:133,1
DA:134,1
DA:135,1
DA:152,0
DA:163,0
DA:168,0
DA:169,0
DA:171,0
DA:177,1
DA:179,1
DA:180,2
DA:192,1
DA:193,3
DA:194,1
DA:198,0
DA:200,0
DA:203,0
DA:204,0
DA:212,21
DA:217,1
DA:218,1
DA:219,2
DA:220,1
DA:221,1
DA:222,1
DA:223,1
DA:224,1
DA:230,1
DA:231,2
DA:234,0
DA:239,2
DA:240,1
DA:241,1
DA:242,1
DA:244,1
DA:245,0
DA:246,1
DA:247,1
DA:248,1
DA:249,1
DA:250,1
DA:251,0
DA:252,1
DA:253,0
DA:263,4
DA:265,4
DA:266,4
DA:267,8
DA:268,8
DA:269,4
DA:273,1
DA:274,1
DA:275,2
DA:276,2
DA:280,0
DA:282,0
DA:284,0
DA:285,0
DA:286,0
DA:287,0
LF:96
LH:66
end_of_record
SF:lib\src\controls\inputs\rating.dart
DA:25,0
DA:41,0
DA:42,0
DA:43,0
DA:95,0
DA:96,0
DA:98,0
DA:100,0
DA:102,0
DA:103,0
DA:104,0
DA:105,0
DA:107,0
DA:108,0
DA:110,0
DA:111,0
DA:112,0
DA:113,0
DA:114,0
DA:115,0
DA:116,0
DA:117,0
DA:118,0
DA:120,0
DA:133,0
DA:135,0
DA:136,0
DA:137,0
DA:138,0
DA:139,0
DA:141,0
DA:143,0
DA:146,0
DA:147,0
DA:148,0
DA:153,0
DA:155,0
DA:156,0
DA:159,0
DA:160,0
DA:161,0
DA:162,0
DA:165,0
DA:166,0
DA:170,0
DA:171,0
DA:174,0
DA:175,0
DA:180,0
DA:182,0
DA:183,0
DA:185,0
DA:186,0
DA:190,0
DA:192,0
DA:193,0
DA:195,0
DA:196,0
DA:200,0
DA:201,0
DA:203,0
DA:204,0
DA:209,0
DA:210,0
DA:211,0
DA:212,0
DA:213,0
DA:217,0
DA:219,0
DA:220,0
DA:221,0
DA:223,0
DA:224,0
DA:225,0
DA:227,0
DA:228,0
DA:229,0
DA:230,0
DA:231,0
DA:232,0
DA:233,0
DA:234,0
DA:235,0
DA:237,0
DA:238,0
DA:239,0
DA:240,0
DA:241,0
DA:242,0
DA:243,0
DA:244,0
DA:245,0
DA:246,0
DA:247,0
DA:249,0
DA:250,0
DA:251,0
DA:252,0
DA:253,0
DA:255,0
DA:258,0
DA:260,0
DA:261,0
DA:262,0
DA:263,0
DA:265,0
DA:266,0
DA:267,0
DA:268,0
DA:276,0
DA:279,0
DA:280,0
DA:281,0
DA:291,0
DA:293,17
DA:295,17
DA:297,17
DA:299,17
DA:312,0
DA:319,0
DA:336,0
DA:338,0
DA:339,0
DA:340,0
DA:341,0
DA:343,0
DA:345,0
DA:346,0
DA:347,0
DA:352,0
DA:353,0
DA:355,0
DA:356,0
DA:357,0
DA:358,0
DA:359,0
DA:360,0
DA:377,0
DA:379,0
DA:381,0
DA:385,0
DA:386,0
LF:142
LH:4
end_of_record
SF:lib\src\controls\inputs\slider.dart
DA:25,0
DA:40,0
DA:41,0
DA:200,0
DA:201,0
DA:203,0
DA:205,0
DA:207,0
DA:208,0
DA:209,0
DA:210,0
DA:211,0
DA:212,0
DA:213,0
DA:214,0
DA:224,0
DA:226,0
DA:227,0
DA:228,0
DA:231,0
DA:232,0
DA:235,0
DA:237,0
DA:239,0
DA:240,0
DA:243,0
DA:245,0
DA:246,0
DA:247,0
DA:248,0
DA:249,0
DA:251,0
DA:252,0
DA:253,0
DA:254,0
DA:255,0
DA:256,0
DA:258,0
DA:259,0
DA:260,0
DA:262,0
DA:264,0
DA:268,0
DA:269,0
DA:271,0
DA:273,0
DA:275,0
DA:277,0
DA:278,0
DA:279,0
DA:280,0
DA:281,0
DA:283,0
DA:284,0
DA:285,0
DA:286,0
DA:287,0
DA:289,0
DA:290,0
DA:291,0
DA:293,0
DA:295,0
DA:299,0
DA:300,0
DA:301,0
DA:302,0
DA:303,0
DA:304,0
DA:305,0
DA:306,0
DA:308,0
DA:309,0
DA:310,0
DA:312,0
DA:313,0
DA:314,0
DA:315,0
DA:316,0
DA:317,0
DA:323,0
DA:324,0
DA:325,0
DA:326,0
DA:330,0
DA:331,0
DA:332,0
DA:342,0
DA:350,0
DA:351,0
DA:352,0
DA:353,0
DA:354,0
DA:357,0
DA:371,0
DA:391,0
DA:416,0
DA:437,0
DA:439,0
DA:440,0
DA:443,0
DA:458,0
DA:459,0
DA:461,0
DA:462,0
DA:463,0
DA:464,0
DA:466,0
DA:467,0
DA:468,0
DA:471,0
DA:472,0
DA:474,0
DA:475,0
DA:476,0
DA:477,0
DA:478,0
DA:479,0
DA:480,0
DA:481,0
DA:482,0
DA:483,0
DA:486,0
DA:487,0
DA:488,0
DA:490,0
DA:491,0
DA:492,0
DA:493,0
DA:494,0
DA:496,0
DA:498,0
DA:499,0
DA:502,0
DA:504,0
DA:506,0
DA:507,0
DA:521,0
DA:532,0
DA:537,0
DA:538,0
DA:540,0
DA:546,0
DA:547,0
DA:548,0
DA:560,0
DA:561,0
DA:562,0
DA:566,0
DA:568,0
DA:571,0
DA:572,0
DA:591,21
DA:603,0
DA:604,0
DA:605,0
DA:606,0
DA:608,0
DA:609,0
DA:611,0
DA:612,0
DA:613,0
DA:615,0
DA:620,0
DA:621,0
DA:622,0
DA:628,4
DA:629,4
DA:630,12
DA:631,12
DA:633,12
DA:635,12
DA:637,12
DA:639,12
DA:641,12
DA:642,8
DA:646,0
DA:647,0
DA:648,0
DA:649,0
DA:650,0
DA:651,0
DA:652,0
DA:653,0
DA:654,0
DA:655,0
DA:659,0
DA:661,0
DA:663,0
DA:664,0
DA:665,0
DA:666,0
DA:667,0
DA:678,0
DA:685,0
DA:686,0
DA:687,0
DA:688,0
DA:691,0
DA:698,0
DA:699,0
DA:700,0
DA:703,0
DA:718,0
DA:719,0
DA:720,0
DA:728,0
DA:729,0
DA:740,0
DA:753,0
DA:754,0
DA:755,0
DA:756,0
DA:760,0
DA:768,0
DA:772,0
DA:776,0
DA:783,0
DA:784,0
DA:786,0
DA:787,0
DA:789,0
DA:790,0
DA:791,0
DA:792,0
DA:794,0
DA:798,0
DA:804,0
DA:806,0
DA:809,0
DA:820,0
DA:824,0
DA:826,0
DA:831,0
DA:840,0
DA:841,0
DA:842,0
DA:843,0
DA:848,0
DA:849,0
DA:850,0
DA:854,0
DA:855,0
DA:858,0
DA:860,0
DA:861,0
DA:862,0
DA:863,0
DA:864,0
DA:865,0
DA:867,0
DA:868,0
DA:869,0
DA:870,0
DA:871,0
DA:872,0
DA:875,0
DA:877,0
DA:879,0
DA:880,0
DA:881,0
DA:882,0
DA:883,0
DA:885,0
DA:889,0
DA:890,0
DA:891,0
DA:893,0
DA:894,0
DA:895,0
DA:896,0
LF:270
LH:11
end_of_record
SF:lib\src\controls\inputs\split_button.dart
DA:23,0
DA:27,0
DA:38,0
DA:40,0
DA:42,0
DA:43,0
DA:46,0
DA:48,0
DA:49,0
DA:50,0
DA:51,0
DA:53,0
DA:54,0
DA:55,0
DA:56,0
DA:57,0
DA:58,0
DA:59,0
DA:60,0
DA:61,0
DA:62,0
DA:63,0
DA:66,0
DA:67,0
DA:68,0
DA:70,0
DA:71,0
DA:76,0
DA:78,0
DA:80,0
DA:83,0
DA:84,0
DA:85,0
DA:96,0
DA:106,0
DA:111,0
DA:112,0
DA:114,0
DA:130,0
DA:131,0
DA:132,0
DA:133,0
DA:137,0
DA:140,0
DA:141,0
DA:144,0
DA:146,0
DA:149,0
DA:151,0
DA:163,21
DA:170,0
DA:171,0
DA:172,0
DA:174,0
DA:175,0
DA:177,0
DA:178,0
DA:183,4
DA:188,4
DA:189,12
DA:190,12
DA:192,12
DA:194,12
DA:198,0
DA:199,0
DA:200,0
DA:201,0
DA:202,0
DA:203,0
DA:207,0
DA:209,0
DA:211,0
DA:212,0
DA:213,0
DA:214,0
DA:215,0
LF:76
LH:7
end_of_record
SF:lib\src\controls\inputs\toggle_button.dart
DA:13,1
DA:46,0
DA:48,0
DA:50,0
DA:52,0
DA:55,0
DA:56,0
DA:58,0
DA:59,0
DA:60,0
DA:61,0
DA:62,0
DA:65,1
DA:67,1
DA:68,3
DA:69,1
DA:70,1
DA:71,1
DA:72,5
DA:73,3
DA:74,3
DA:87,0
DA:98,0
DA:103,0
DA:104,0
DA:106,0
DA:112,1
DA:114,1
DA:115,2
DA:127,1
DA:128,3
DA:129,1
DA:133,0
DA:135,0
DA:138,0
DA:140,0
DA:148,21
DA:153,1
DA:154,1
DA:155,1
DA:156,1
DA:157,2
DA:162,2
DA:167,1
DA:169,1
DA:170,2
DA:179,4
DA:184,4
DA:186,12
DA:188,12
DA:192,1
DA:194,1
DA:195,2
DA:196,2
DA:200,0
DA:202,0
DA:204,0
DA:205,0
DA:206,0
DA:207,0
LF:60
LH:34
end_of_record
SF:lib\src\controls\inputs\toggle_switch.dart
DA:34,1
DA:99,0
DA:101,0
DA:103,0
DA:104,0
DA:105,0
DA:106,0
DA:107,0
DA:108,0
DA:109,0
DA:110,0
DA:111,0
DA:114,1
DA:115,1
DA:119,3
DA:124,1
DA:126,2
DA:127,2
DA:128,3
DA:134,1
DA:136,1
DA:137,4
DA:138,2
DA:139,1
DA:140,2
DA:141,2
DA:142,1
DA:143,2
DA:144,7
DA:145,1
DA:146,1
DA:147,2
DA:148,3
DA:150,1
DA:151,1
DA:152,2
DA:153,1
DA:155,1
DA:156,1
DA:157,1
DA:158,3
DA:159,3
DA:161,3
DA:163,2
DA:164,1
DA:165,1
DA:169,1
DA:170,1
DA:171,1
DA:172,2
DA:177,1
DA:178,1
DA:179,1
DA:180,2
DA:181,2
DA:182,2
DA:183,2
DA:184,2
DA:185,1
DA:186,2
DA:188,1
DA:191,2
DA:192,0
DA:194,0
DA:195,0
DA:196,0
DA:200,0
DA:203,0
DA:207,1
DA:208,2
DA:209,1
DA:210,1
DA:220,1
DA:231,1
DA:234,1
DA:235,2
DA:236,2
DA:237,2
DA:244,1
DA:245,3
DA:246,2
DA:247,1
DA:248,4
DA:249,4
DA:257,0
DA:267,0
DA:272,0
DA:273,0
DA:275,0
DA:291,1
DA:292,1
DA:293,3
DA:294,1
DA:298,1
DA:301,1
DA:302,2
DA:305,0
DA:307,0
DA:310,0
DA:312,0
DA:330,21
DA:341,1
DA:342,1
DA:343,1
DA:346,1
DA:347,1
DA:350,1
DA:351,2
DA:352,1
DA:353,1
DA:354,1
DA:359,2
DA:360,1
DA:361,1
DA:362,2
DA:363,0
DA:364,1
DA:365,1
DA:366,1
DA:367,0
DA:373,1
DA:374,1
DA:375,2
DA:376,1
DA:377,1
DA:378,0
DA:379,2
DA:382,2
DA:383,1
DA:384,1
DA:385,0
DA:386,2
DA:392,4
DA:397,4
DA:398,12
DA:399,12
DA:400,8
DA:401,8
DA:402,4
DA:403,8
DA:404,4
DA:405,8
DA:406,4
DA:407,4
DA:408,8
DA:409,4
DA:410,8
DA:414,1
DA:415,1
DA:416,2
DA:417,2
DA:418,2
DA:419,2
DA:421,2
DA:423,2
DA:424,2
DA:425,2
DA:429,0
DA:431,0
DA:433,0
DA:434,0
DA:435,0
DA:436,0
DA:437,0
DA:438,0
DA:440,0
DA:442,0
DA:444,0
DA:446,0
DA:448,0
DA:450,0
DA:452,0
LF:172
LH:127
end_of_record
SF:lib\src\controls\navigation\bottom_navigation.dart
DA:25,0
DA:51,0
DA:57,0
DA:58,0
DA:91,0
DA:93,0
DA:95,0
DA:96,0
DA:97,0
DA:100,0
DA:101,0
DA:103,0
DA:104,0
DA:105,0
DA:106,0
DA:107,0
DA:108,0
DA:111,0
DA:112,0
DA:114,0
DA:122,0
DA:135,0
DA:137,0
DA:138,0
DA:139,0
DA:140,0
DA:142,0
DA:143,0
DA:144,0
DA:145,0
DA:147,0
DA:149,0
DA:150,0
DA:152,0
DA:153,0
DA:154,0
DA:155,0
DA:156,0
DA:158,0
DA:162,0
DA:163,0
DA:165,0
DA:166,0
DA:167,0
DA:187,0
DA:198,0
DA:203,0
DA:204,0
DA:206,0
DA:222,0
DA:223,0
DA:224,0
DA:225,0
DA:229,0
DA:232,0
DA:233,0
DA:236,0
DA:238,0
DA:241,0
DA:243,0
DA:258,21
DA:264,0
DA:265,0
DA:266,0
DA:269,0
DA:270,0
DA:274,4
DA:279,4
DA:280,12
DA:281,12
DA:282,12
DA:286,0
DA:288,0
DA:289,0
DA:290,0
DA:291,0
LF:76
LH:6
end_of_record
SF:lib\src\controls\navigation\navigation_view\indicators.dart
DA:12,17
DA:31,0
DA:33,0
DA:35,0
DA:37,0
DA:40,0
DA:43,0
DA:44,0
DA:50,0
DA:52,0
DA:53,0
DA:54,0
DA:55,0
DA:59,0
DA:60,0
DA:61,0
DA:63,0
DA:64,0
DA:66,0
DA:67,0
DA:72,0
DA:73,0
DA:76,0
DA:77,0
DA:80,0
DA:81,0
DA:84,0
DA:85,0
DA:92,0
DA:93,0
DA:96,0
DA:97,0
DA:100,0
DA:101,0
DA:105,0
DA:106,0
DA:108,0
DA:109,0
DA:111,0
DA:112,0
DA:118,0
DA:129,0
DA:134,0
DA:136,0
DA:141,0
DA:143,0
DA:144,0
DA:146,0
DA:147,0
DA:149,0
DA:150,0
DA:154,0
DA:157,0
DA:158,0
DA:159,0
DA:165,0
DA:166,0
DA:167,0
DA:178,17
DA:198,0
DA:200,0
DA:209,0
DA:211,0
DA:212,0
DA:214,0
DA:217,0
DA:219,0
DA:229,0
DA:231,0
DA:232,0
DA:233,0
DA:236,0
DA:238,0
DA:239,0
DA:240,0
DA:244,0
DA:245,0
DA:247,0
DA:248,0
DA:251,0
DA:252,0
DA:254,0
DA:256,0
DA:257,0
DA:260,0
DA:261,0
DA:265,0
DA:266,0
DA:267,0
DA:269,0
DA:270,0
DA:273,0
DA:277,0
DA:278,0
DA:279,0
DA:280,0
DA:281,0
DA:282,0
DA:283,0
DA:286,0
DA:287,0
DA:289,0
DA:290,0
DA:292,0
DA:293,0
DA:295,0
DA:296,0
DA:297,0
DA:298,0
DA:299,0
DA:300,0
DA:303,0
DA:304,0
DA:306,0
DA:307,0
DA:309,0
DA:310,0
DA:315,0
DA:316,0
DA:317,0
DA:318,0
DA:319,0
DA:320,0
DA:322,0
DA:326,0
DA:328,0
DA:334,0
DA:335,0
DA:337,0
DA:338,0
DA:340,0
DA:341,0
DA:342,0
DA:345,0
DA:347,0
DA:348,0
DA:349,0
DA:351,0
DA:353,0
DA:355,0
DA:357,0
DA:359,0
DA:360,0
DA:361,0
DA:362,0
DA:366,0
DA:368,0
DA:369,0
DA:370,0
DA:371,0
DA:373,0
DA:375,0
DA:379,0
DA:380,0
DA:384,0
DA:385,0
DA:387,0
DA:389,0
DA:390,0
DA:391,0
DA:401,0
LF:161
LH:2
end_of_record
SF:lib\src\controls\navigation\navigation_view\pane.dart
DA:77,2
DA:95,2
DA:195,0
DA:197,0
DA:199,0
DA:200,0
DA:201,0
DA:202,0
DA:203,0
DA:204,0
DA:206,0
DA:208,0
DA:212,0
DA:213,0
DA:214,0
DA:218,2
DA:219,6
DA:222,2
DA:223,2
DA:225,0
DA:228,0
DA:229,0
DA:232,0
DA:239,2
DA:240,0
DA:241,0
DA:242,0
DA:243,0
DA:252,2
DA:253,4
DA:254,2
DA:258,0
DA:259,0
DA:263,0
DA:264,0
DA:265,0
DA:269,2
DA:270,2
DA:271,4
DA:274,2
DA:281,2
DA:282,2
DA:283,2
DA:285,2
DA:289,2
DA:298,0
DA:302,0
DA:303,0
DA:304,0
DA:305,0
DA:306,0
DA:307,0
DA:308,0
DA:309,0
DA:310,0
DA:311,0
DA:312,0
DA:313,0
DA:314,0
DA:315,0
DA:316,0
DA:319,0
DA:321,0
DA:322,0
DA:323,0
DA:324,0
DA:325,0
DA:326,0
DA:327,0
DA:328,0
DA:329,0
DA:330,0
DA:331,0
DA:332,0
DA:333,0
DA:334,0
DA:398,0
DA:406,0
DA:408,0
DA:412,0
DA:416,0
DA:420,0
DA:425,0
DA:426,0
DA:427,0
DA:428,0
DA:430,0
DA:431,0
DA:436,0
DA:440,0
DA:441,0
DA:442,0
DA:443,0
DA:444,0
DA:445,0
DA:446,0
DA:449,0
DA:451,0
DA:452,0
DA:453,0
DA:454,0
DA:455,0
DA:456,0
DA:459,0
DA:461,0
DA:464,0
DA:466,0
DA:469,0
DA:471,0
DA:474,0
DA:476,0
DA:479,0
DA:480,0
DA:481,0
DA:483,0
DA:490,0
DA:526,0
DA:530,0
DA:536,0
DA:537,0
DA:546,0
DA:547,0
DA:548,0
DA:549,0
DA:553,0
DA:555,0
DA:556,0
DA:559,0
DA:560,0
DA:563,0
DA:568,0
DA:569,0
DA:570,0
DA:571,0
DA:572,0
DA:574,0
DA:575,0
DA:577,0
DA:579,0
DA:581,0
DA:582,0
DA:583,0
DA:584,0
DA:585,0
DA:588,0
DA:589,0
DA:591,0
DA:594,0
DA:595,0
DA:596,0
DA:599,0
DA:601,0
DA:605,0
DA:606,0
DA:611,0
DA:613,0
DA:614,0
DA:617,0
DA:620,0
DA:621,0
DA:625,0
DA:626,0
DA:627,0
DA:633,0
DA:634,0
DA:635,0
DA:636,0
DA:638,0
DA:639,0
DA:640,0
DA:641,0
DA:642,0
DA:647,0
DA:648,0
DA:649,0
DA:656,0
DA:659,0
DA:661,0
DA:662,0
DA:663,0
DA:664,0
DA:665,0
DA:667,0
DA:668,0
DA:669,0
DA:671,0
DA:673,0
DA:674,0
DA:676,0
DA:678,0
DA:679,0
DA:681,0
DA:682,0
DA:683,0
DA:685,0
DA:688,0
DA:691,0
DA:692,0
DA:695,0
DA:696,0
DA:697,0
DA:698,0
DA:699,0
DA:700,0
DA:701,0
DA:702,0
DA:703,0
DA:704,0
DA:705,0
DA:706,0
DA:707,0
DA:710,0
DA:712,0
DA:722,0
DA:723,0
DA:725,0
DA:726,0
DA:727,0
DA:728,0
DA:733,0
DA:735,0
DA:738,0
DA:739,0
DA:740,0
DA:742,0
DA:744,0
DA:747,0
DA:748,0
DA:751,0
DA:753,0
DA:754,0
DA:761,0
DA:767,0
DA:769,0
DA:770,0
DA:772,0
DA:773,0
DA:775,0
DA:776,0
DA:778,0
DA:781,0
DA:782,0
DA:784,0
DA:785,0
DA:793,0
DA:795,0
DA:797,0
DA:798,0
DA:799,0
DA:800,0
DA:806,0
DA:818,0
DA:820,0
DA:821,0
DA:823,0
DA:824,0
DA:826,0
DA:827,0
DA:828,0
DA:829,0
DA:830,0
DA:832,0
DA:833,0
DA:835,0
DA:836,0
DA:837,0
DA:838,0
DA:839,0
DA:844,0
DA:846,0
DA:847,0
DA:853,0
DA:854,0
DA:857,0
DA:858,0
DA:860,0
DA:861,0
DA:866,0
DA:867,0
DA:868,0
DA:869,0
DA:870,0
DA:871,0
DA:872,0
DA:875,0
DA:878,0
DA:879,0
DA:882,0
DA:883,0
DA:892,0
DA:902,0
DA:904,0
DA:905,0
DA:906,0
DA:907,0
DA:913,0
DA:923,0
DA:925,0
DA:937,0
DA:938,0
DA:939,0
DA:940,0
DA:942,0
DA:946,0
DA:948,0
DA:949,0
DA:952,0
DA:954,0
DA:955,0
DA:956,0
DA:958,0
DA:959,0
DA:960,0
DA:961,0
DA:962,0
DA:963,0
DA:964,0
DA:965,0
DA:967,0
DA:968,0
DA:969,0
DA:970,0
DA:971,0
DA:972,0
DA:978,0
DA:979,0
DA:980,0
DA:981,0
DA:983,0
DA:985,0
DA:987,0
DA:988,0
DA:991,0
DA:994,0
DA:995,0
DA:1004,2
DA:1010,4
DA:1018,0
DA:1019,0
DA:1020,0
DA:1023,0
DA:1024,0
DA:1025,0
DA:1026,0
DA:1027,0
DA:1030,0
DA:1031,0
DA:1033,0
DA:1035,0
DA:1036,0
DA:1037,0
DA:1040,0
DA:1041,0
DA:1045,0
DA:1046,0
DA:1051,2
DA:1053,2
DA:1054,2
DA:1058,4
DA:1059,2
DA:1060,2
DA:1061,2
DA:1062,2
DA:1063,4
DA:1064,2
DA:1065,4
DA:1067,4
DA:1068,2
DA:1069,4
DA:1070,2
DA:1071,2
DA:1073,6
DA:1074,2
DA:1075,0
DA:1076,0
DA:1077,0
DA:1083,2
DA:1085,0
DA:1087,0
DA:1088,0
DA:1089,0
DA:1091,0
DA:1094,0
DA:1095,0
DA:1099,2
DA:1100,2
DA:1102,2
DA:1104,6
DA:1105,0
DA:1106,2
DA:1109,2
DA:1113,6
DA:1114,0
DA:1115,2
DA:1124,0
DA:1132,0
DA:1142,0
DA:1148,0
DA:1149,0
DA:1150,0
DA:1151,0
DA:1152,0
DA:1153,0
DA:1154,0
DA:1157,0
DA:1158,0
DA:1159,0
DA:1161,0
DA:1162,0
DA:1163,0
DA:1166,0
DA:1167,0
DA:1168,0
DA:1171,0
DA:1172,0
DA:1173,0
DA:1177,0
DA:1178,0
DA:1183,0
DA:1184,0
DA:1191,0
DA:1193,0
DA:1195,0
DA:1196,0
DA:1198,0
DA:1200,0
DA:1201,0
DA:1203,0
DA:1204,0
DA:1205,0
DA:1212,0
DA:1214,0
DA:1215,0
DA:1218,0
DA:1220,0
DA:1223,0
DA:1224,0
DA:1225,0
DA:1226,0
DA:1228,0
DA:1229,0
DA:1230,0
DA:1231,0
DA:1236,0
DA:1237,0
DA:1239,0
DA:1240,0
DA:1241,0
DA:1244,0
DA:1247,0
DA:1248,0
DA:1249,0
DA:1251,0
DA:1252,0
DA:1254,0
DA:1256,0
DA:1257,0
DA:1258,0
DA:1259,0
DA:1260,0
DA:1261,0
DA:1264,0
DA:1265,0
DA:1266,0
DA:1268,0
DA:1269,0
DA:1271,0
DA:1275,0
DA:1276,0
DA:1278,0
DA:1287,0
DA:1289,0
DA:1290,0
DA:1291,0
DA:1295,0
DA:1297,0
DA:1298,0
DA:1300,0
DA:1302,0
DA:1303,0
DA:1305,0
DA:1307,0
DA:1309,0
DA:1312,0
DA:1316,0
DA:1317,0
DA:1319,0
DA:1321,0
DA:1323,0
LF:489
LH:48
end_of_record
SF:lib\src\controls\navigation\navigation_view\pane_items.dart
DA:14,2
DA:41,2
DA:123,2
DA:132,2
DA:134,0
DA:135,0
DA:137,4
DA:139,2
DA:141,2
DA:142,4
DA:144,4
DA:146,2
DA:147,2
DA:148,2
DA:150,2
DA:152,0
DA:153,0
DA:154,0
DA:157,2
DA:158,2
DA:159,2
DA:161,2
DA:162,0
DA:163,2
DA:164,2
DA:165,2
DA:168,0
DA:169,4
DA:171,0
DA:172,0
DA:174,2
DA:175,2
DA:177,2
DA:178,2
DA:179,2
DA:180,2
DA:181,4
DA:185,4
DA:186,4
DA:187,4
DA:192,2
DA:193,2
DA:194,2
DA:196,0
DA:197,0
DA:198,2
DA:201,2
DA:202,2
DA:203,2
DA:208,2
DA:209,2
DA:210,2
DA:212,2
DA:214,2
DA:215,2
DA:216,0
DA:219,0
DA:220,0
DA:221,0
DA:224,0
DA:229,2
DA:230,2
DA:235,0
DA:236,0
DA:237,0
DA:238,0
DA:242,0
DA:243,0
DA:244,0
DA:245,0
DA:247,0
DA:250,0
DA:251,0
DA:252,0
DA:254,0
DA:256,0
DA:257,0
DA:259,0
DA:263,0
DA:264,0
DA:265,0
DA:266,0
DA:267,0
DA:269,0
DA:272,0
DA:273,0
DA:274,0
DA:276,0
DA:279,0
DA:280,0
DA:282,0
DA:283,0
DA:286,0
DA:290,0
DA:292,0
DA:296,2
DA:297,2
DA:299,2
DA:301,2
DA:302,2
DA:303,2
DA:304,2
DA:305,2
DA:306,4
DA:307,0
DA:308,0
DA:310,2
DA:313,0
DA:314,0
DA:319,2
DA:320,2
DA:322,2
DA:323,2
DA:325,2
DA:327,2
DA:328,2
DA:331,2
DA:332,4
DA:333,2
DA:334,2
DA:338,0
DA:339,2
DA:346,2
DA:348,4
DA:349,4
DA:351,2
DA:353,2
DA:354,2
DA:356,2
DA:358,4
DA:360,2
DA:361,0
DA:363,0
DA:365,0
DA:366,0
DA:369,0
DA:371,0
DA:379,2
DA:383,0
DA:396,0
DA:397,0
DA:398,0
DA:399,0
DA:400,0
DA:401,0
DA:402,0
DA:403,0
DA:404,0
DA:405,0
DA:406,0
DA:407,0
DA:424,0
DA:436,0
DA:437,0
DA:438,0
DA:439,0
DA:440,0
DA:442,0
DA:443,0
DA:444,0
DA:470,0
DA:478,0
DA:479,0
DA:480,0
DA:481,0
DA:483,0
DA:484,0
DA:485,0
DA:486,0
DA:488,0
DA:489,0
DA:491,0
DA:493,0
DA:494,0
DA:498,0
DA:501,0
DA:524,0
DA:539,0
DA:549,0
DA:583,0
DA:598,0
DA:605,0
DA:616,0
DA:618,0
DA:619,0
DA:622,0
DA:623,0
DA:624,0
DA:625,0
DA:627,0
DA:639,0
DA:660,0
DA:661,0
DA:667,0
DA:668,0
DA:677,0
DA:679,0
DA:680,0
DA:681,0
DA:682,0
DA:686,0
DA:687,0
DA:690,0
DA:691,0
DA:692,0
DA:693,0
DA:698,0
DA:700,0
DA:701,0
DA:702,0
DA:705,0
DA:706,0
DA:708,0
DA:711,0
DA:712,0
DA:714,0
DA:715,0
DA:716,0
DA:717,0
DA:719,0
DA:720,0
DA:721,0
DA:722,0
DA:723,0
DA:725,0
DA:726,0
DA:730,0
DA:731,0
DA:732,0
DA:733,0
DA:734,0
DA:736,0
DA:737,0
DA:738,0
DA:740,0
DA:742,0
DA:744,0
DA:745,0
DA:746,0
DA:752,0
DA:753,0
DA:758,0
DA:763,0
DA:764,0
DA:767,0
DA:773,0
DA:775,0
DA:776,0
DA:778,0
DA:782,0
DA:784,0
DA:785,0
DA:786,0
DA:788,0
DA:790,0
DA:792,0
DA:797,0
DA:798,0
DA:799,0
DA:800,0
DA:801,0
DA:802,0
DA:807,0
DA:808,0
DA:809,0
DA:810,0
DA:811,0
DA:813,0
DA:814,0
DA:815,0
DA:816,0
DA:817,0
DA:818,0
DA:822,0
DA:827,0
DA:829,0
DA:830,0
DA:831,0
DA:832,0
DA:834,0
DA:835,0
DA:838,0
DA:841,0
DA:843,0
DA:844,0
DA:845,0
DA:847,0
DA:848,0
DA:850,0
DA:852,0
DA:855,0
DA:856,0
DA:857,0
DA:858,0
DA:860,0
DA:863,0
DA:865,0
DA:866,0
DA:867,0
DA:868,0
DA:869,0
DA:871,0
DA:872,0
DA:874,0
DA:876,0
DA:877,0
DA:879,0
DA:884,0
DA:885,0
DA:888,0
DA:892,0
DA:893,0
DA:894,0
DA:895,0
DA:905,0
DA:915,0
DA:917,0
DA:918,0
DA:919,0
DA:920,0
DA:922,0
DA:923,0
DA:924,0
DA:925,0
DA:931,0
DA:932,0
DA:937,0
DA:939,0
DA:940,0
DA:942,0
DA:944,0
DA:945,0
DA:946,0
DA:948,0
DA:949,0
DA:951,0
DA:966,0
DA:968,0
DA:970,0
DA:976,0
DA:979,0
DA:981,0
DA:983,0
DA:984,0
DA:986,0
DA:988,0
DA:989,0
DA:991,0
DA:996,2
DA:997,2
DA:1000,2
DA:1001,2
DA:1002,2
DA:1003,2
DA:1004,2
DA:1005,2
DA:1007,2
DA:1010,2
DA:1011,2
DA:1012,2
DA:1013,2
DA:1014,2
DA:1015,2
DA:1016,2
DA:1017,2
DA:1019,0
DA:1022,0
DA:1023,0
DA:1024,0
DA:1025,0
DA:1026,0
DA:1027,0
DA:1030,0
DA:1031,0
DA:1032,0
DA:1033,0
DA:1034,0
DA:1035,0
DA:1036,0
DA:1037,0
DA:1038,0
DA:1040,0
DA:1043,0
DA:1044,0
DA:1045,0
DA:1046,0
DA:1047,0
DA:1048,0
DA:1049,0
DA:1051,0
DA:1052,0
DA:1053,0
DA:1054,0
DA:1055,0
DA:1056,0
DA:1058,0
DA:1060,0
DA:1062,0
LF:398
LH:95
end_of_record
SF:lib\src\controls\navigation\navigation_view\view.dart
DA:44,2
DA:55,2
DA:123,0
DA:124,0
DA:127,0
DA:129,0
DA:131,0
DA:132,0
DA:133,0
DA:135,0
DA:138,0
DA:141,2
DA:142,2
DA:167,4
DA:168,0
DA:169,0
DA:170,0
DA:172,0
DA:181,0
DA:182,0
DA:183,0
DA:195,0
DA:196,0
DA:197,0
DA:200,0
DA:203,2
DA:205,2
DA:206,8
DA:207,2
DA:208,6
DA:210,6
DA:212,2
DA:214,8
DA:215,2
DA:221,0
DA:222,0
DA:225,0
DA:227,0
DA:228,0
DA:229,0
DA:230,0
DA:233,0
DA:234,0
DA:236,0
DA:238,0
DA:242,0
DA:244,0
DA:253,0
DA:254,0
DA:255,0
DA:256,0
DA:260,0
DA:261,0
DA:262,0
DA:267,2
DA:268,4
DA:269,2
DA:270,2
DA:271,2
DA:272,2
DA:273,10
DA:274,2
DA:275,8
DA:276,0
DA:282,2
DA:285,6
DA:286,4
DA:288,0
DA:290,2
DA:294,0
DA:295,0
DA:296,0
DA:297,0
DA:298,0
DA:303,2
DA:305,2
DA:306,2
DA:307,2
DA:308,2
DA:310,4
DA:311,2
DA:312,2
DA:313,2
DA:314,2
DA:315,4
DA:317,2
DA:319,2
DA:320,2
DA:321,0
DA:327,2
DA:330,0
DA:331,0
DA:332,0
DA:333,0
DA:334,0
DA:335,0
DA:339,0
DA:342,0
DA:343,0
DA:350,4
DA:351,6
DA:353,2
DA:366,4
DA:367,2
DA:369,2
DA:370,0
DA:371,2
DA:372,0
DA:373,2
DA:374,2
DA:377,2
DA:379,4
DA:381,2
DA:382,4
DA:383,0
DA:384,0
DA:385,0
DA:386,0
DA:387,0
DA:388,0
DA:391,0
DA:394,2
DA:395,4
DA:396,2
DA:400,2
DA:403,4
DA:404,4
DA:405,2
DA:406,6
DA:407,4
DA:408,4
DA:411,2
DA:412,0
DA:413,0
DA:414,0
DA:416,0
DA:418,0
DA:419,0
DA:420,0
DA:421,0
DA:428,4
DA:429,2
DA:430,2
DA:432,6
DA:434,2
DA:438,2
DA:440,2
DA:441,2
DA:442,2
DA:444,2
DA:446,2
DA:447,2
DA:448,4
DA:449,2
DA:454,2
DA:455,0
DA:457,2
DA:458,4
DA:465,2
DA:466,0
DA:468,0
DA:469,0
DA:471,0
DA:472,0
DA:475,0
DA:478,2
DA:481,6
DA:485,2
DA:488,2
DA:490,6
DA:492,2
DA:501,0
DA:503,0
DA:504,0
DA:505,0
DA:506,0
DA:508,0
DA:509,0
DA:510,0
DA:511,0
DA:514,0
DA:517,0
DA:518,0
DA:519,0
DA:525,0
DA:526,0
DA:527,0
DA:529,0
DA:530,0
DA:531,0
DA:532,0
DA:536,0
DA:538,0
DA:543,4
DA:544,2
DA:545,2
DA:546,4
DA:547,2
DA:554,2
DA:555,0
DA:556,0
DA:557,0
DA:558,0
DA:559,0
DA:560,0
DA:566,2
DA:567,2
DA:568,2
DA:569,0
DA:570,0
DA:571,0
DA:572,0
DA:574,0
DA:575,0
DA:576,0
DA:580,0
DA:586,0
DA:589,0
DA:590,0
DA:591,0
DA:592,0
DA:598,2
DA:599,2
DA:600,2
DA:601,2
DA:602,2
DA:603,4
DA:605,2
DA:607,2
DA:608,2
DA:609,2
DA:610,4
DA:615,2
DA:617,2
DA:621,0
DA:622,0
DA:624,0
DA:625,0
DA:626,0
DA:627,0
DA:630,0
DA:631,0
DA:632,0
DA:639,0
DA:644,0
DA:645,0
DA:646,0
DA:647,0
DA:653,0
DA:654,0
DA:655,0
DA:656,0
DA:657,0
DA:658,0
DA:659,0
DA:665,0
DA:666,0
DA:667,0
DA:668,0
DA:669,0
DA:671,0
DA:672,0
DA:673,0
DA:675,0
DA:676,0
DA:677,0
DA:678,0
DA:679,0
DA:683,0
DA:687,0
DA:690,0
DA:691,0
DA:692,0
DA:699,0
DA:706,0
DA:707,0
DA:709,0
DA:714,2
DA:715,2
DA:716,2
DA:717,2
DA:718,2
DA:719,4
DA:720,2
DA:721,4
DA:728,2
DA:729,4
DA:730,2
DA:731,2
DA:732,2
DA:733,6
DA:783,1
DA:793,0
DA:795,0
DA:797,0
DA:799,0
DA:803,0
DA:804,0
DA:806,0
DA:811,0
DA:812,0
DA:814,0
DA:815,0
DA:816,0
DA:817,0
DA:818,0
DA:820,0
DA:821,0
DA:822,0
DA:823,0
DA:824,0
DA:825,0
DA:826,0
DA:827,0
DA:828,0
DA:830,0
DA:831,0
DA:833,0
DA:836,0
DA:837,0
DA:839,0
DA:841,0
DA:852,0
DA:857,1
DA:858,1
DA:859,1
DA:860,2
DA:862,2
DA:867,0
DA:875,0
DA:877,0
DA:878,0
DA:880,0
DA:882,0
DA:884,0
DA:885,0
DA:886,0
DA:887,0
DA:888,0
DA:890,0
DA:891,0
DA:892,0
DA:893,0
DA:896,0
DA:898,0
DA:901,0
DA:907,0
DA:910,0
DA:911,0
DA:913,0
DA:914,0
DA:915,0
DA:918,0
DA:919,0
DA:920,0
DA:921,0
DA:922,0
DA:924,0
DA:926,0
DA:927,0
DA:930,0
DA:931,0
DA:936,0
DA:938,0
DA:946,0
DA:948,0
DA:949,0
DA:950,0
DA:951,0
DA:962,17
DA:964,2
DA:966,2
DA:967,2
LF:373
LH:136
end_of_record
SF:lib\src\controls\navigation\navigation_view\body.dart
DA:13,2
DA:65,0
DA:67,0
DA:69,0
DA:70,0
DA:71,0
DA:75,2
DA:76,2
DA:83,4
DA:85,2
DA:87,2
DA:88,4
DA:89,4
DA:90,4
DA:92,4
DA:94,4
DA:95,0
DA:96,0
DA:101,2
DA:103,2
DA:104,2
DA:105,2
DA:107,2
DA:108,2
DA:109,2
DA:110,4
DA:111,4
DA:112,4
DA:114,4
DA:115,2
DA:116,2
DA:118,2
DA:119,4
DA:120,0
DA:123,4
DA:131,0
DA:133,0
DA:138,2
DA:143,2
DA:144,4
DA:146,0
DA:147,0
DA:148,0
DA:149,0
DA:150,0
DA:155,2
DA:156,4
DA:157,2
DA:158,2
DA:160,2
DA:161,6
DA:162,0
DA:163,0
DA:164,0
DA:166,0
DA:167,0
DA:169,0
DA:170,0
DA:177,2
DA:191,2
DA:218,2
DA:220,2
DA:223,2
DA:224,2
DA:227,0
DA:237,0
DA:238,0
DA:239,0
DA:242,0
DA:243,0
DA:244,0
DA:245,0
DA:246,0
DA:252,0
DA:254,0
DA:255,0
DA:256,0
DA:257,0
DA:258,0
DA:264,2
DA:273,0
DA:275,0
DA:276,0
DA:279,0
DA:281,0
LF:85
LH:43
end_of_record
SF:lib\src\controls\navigation\navigation_view\style.dart
DA:3,2
DA:4,4
DA:6,4
DA:7,2
DA:8,0
DA:9,2
DA:10,0
DA:12,2
DA:25,0
DA:36,0
DA:41,0
DA:42,0
DA:44,0
DA:50,2
DA:52,2
DA:53,4
DA:65,2
DA:66,6
DA:67,2
DA:71,0
DA:73,0
DA:76,0
DA:78,0
DA:114,16
DA:132,16
DA:141,16
DA:144,16
DA:146,16
DA:147,16
DA:148,0
DA:149,0
DA:150,0
DA:151,0
DA:152,0
DA:153,0
DA:156,18
DA:157,4
DA:158,2
DA:159,0
DA:160,2
DA:161,0
DA:162,2
DA:165,16
DA:166,0
DA:167,0
DA:168,0
DA:169,0
DA:170,0
DA:171,0
DA:174,16
DA:175,0
DA:176,0
DA:177,0
DA:178,0
DA:179,0
DA:180,0
DA:189,4
DA:194,4
DA:195,12
DA:197,12
DA:199,12
DA:200,12
DA:201,12
DA:203,12
DA:204,4
DA:205,8
DA:206,4
DA:207,8
DA:208,4
DA:209,8
DA:210,4
DA:211,8
DA:212,12
DA:213,8
DA:214,8
DA:215,4
DA:216,4
DA:217,8
DA:218,4
DA:219,8
DA:223,16
DA:224,16
DA:225,18
DA:226,18
DA:227,18
DA:228,18
DA:229,18
DA:230,18
DA:231,18
DA:232,18
DA:233,18
DA:235,18
DA:236,18
DA:237,18
DA:238,18
DA:239,18
DA:240,18
DA:244,0
DA:246,0
DA:248,0
DA:249,0
DA:250,0
DA:251,0
DA:252,0
DA:253,0
DA:254,0
DA:255,0
DA:256,0
DA:257,0
DA:258,0
DA:259,0
DA:260,0
DA:261,0
DA:262,0
DA:263,0
DA:264,0
LF:116
LH:66
end_of_record
SF:lib\src\controls\navigation\tab_view.dart
DA:58,0
DA:158,0
DA:162,0
DA:164,0
DA:165,0
DA:167,0
DA:169,0
DA:171,0
DA:172,0
DA:174,0
DA:177,0
DA:178,0
DA:180,0
DA:183,0
DA:185,0
DA:188,0
DA:189,0
DA:191,0
DA:194,0
DA:196,0
DA:199,0
DA:201,0
DA:204,0
DA:206,0
DA:219,0
DA:221,0
DA:222,0
DA:223,0
DA:224,0
DA:227,0
DA:228,0
DA:229,0
DA:232,0
DA:233,0
DA:236,0
DA:238,0
DA:239,0
DA:240,0
DA:242,0
DA:243,0
DA:244,0
DA:248,0
DA:250,0
DA:252,0
DA:254,0
DA:255,0
DA:258,0
DA:259,0
DA:260,0
DA:262,0
DA:263,0
DA:264,0
DA:265,0
DA:266,0
DA:268,0
DA:273,0
DA:275,0
DA:277,0
DA:280,0
DA:281,0
DA:282,0
DA:285,0
DA:286,0
DA:289,0
DA:291,0
DA:295,0
DA:300,0
DA:301,0
DA:303,0
DA:304,0
DA:305,0
DA:307,0
DA:308,0
DA:309,0
DA:310,0
DA:311,0
DA:312,0
DA:314,0
DA:315,0
DA:316,0
DA:317,0
DA:318,0
DA:323,0
DA:326,0
DA:327,0
DA:328,0
DA:329,0
DA:332,0
DA:334,0
DA:336,0
DA:337,0
DA:341,0
DA:342,0
DA:343,0
DA:344,0
DA:345,0
DA:350,0
DA:356,0
DA:359,0
DA:360,0
DA:362,0
DA:363,0
DA:364,0
DA:365,0
DA:367,0
DA:370,0
DA:371,0
DA:372,0
DA:373,0
DA:377,0
DA:382,0
DA:385,0
DA:386,0
DA:388,0
DA:390,0
DA:393,0
DA:401,0
DA:403,0
DA:404,0
DA:405,0
DA:407,0
DA:408,0
DA:409,0
DA:412,0
DA:414,0
DA:415,0
DA:417,0
DA:422,0
DA:423,0
DA:424,0
DA:426,0
DA:428,0
DA:431,0
DA:432,0
DA:433,0
DA:435,0
DA:439,0
DA:440,0
DA:441,0
DA:442,0
DA:444,0
DA:445,0
DA:446,0
DA:447,0
DA:448,0
DA:449,0
DA:450,0
DA:451,0
DA:456,0
DA:464,0
DA:469,0
DA:473,0
DA:474,0
DA:475,0
DA:477,0
DA:478,0
DA:481,0
DA:482,0
DA:489,0
DA:490,0
DA:492,0
DA:494,0
DA:496,0
DA:497,0
DA:503,0
DA:506,0
DA:507,0
DA:508,0
DA:509,0
DA:511,0
DA:515,0
DA:520,0
DA:521,0
DA:527,0
DA:530,0
DA:531,0
DA:532,0
DA:533,0
DA:535,0
DA:539,0
DA:544,0
DA:546,0
DA:547,0
DA:548,0
DA:550,0
DA:552,0
DA:554,0
DA:555,0
DA:556,0
DA:557,0
DA:558,0
DA:563,0
DA:565,0
DA:566,0
DA:567,0
DA:573,0
DA:574,0
DA:576,0
DA:578,0
DA:584,0
DA:585,0
DA:586,0
DA:588,0
DA:589,0
DA:590,0
DA:595,0
DA:596,0
DA:597,0
DA:604,0
DA:605,0
DA:610,0
DA:612,0
DA:613,0
DA:614,0
DA:618,0
DA:619,0
DA:623,0
DA:624,0
DA:628,0
DA:629,0
DA:630,0
DA:631,0
DA:632,0
DA:643,0
DA:645,0
DA:646,0
DA:648,0
DA:649,0
DA:651,0
DA:652,0
DA:671,0
DA:673,0
DA:674,0
DA:681,0
DA:683,0
DA:685,0
DA:686,0
DA:688,0
DA:691,0
DA:693,0
DA:694,0
DA:695,0
DA:696,0
DA:697,0
DA:702,0
DA:704,0
DA:705,0
DA:707,0
DA:708,0
DA:709,0
DA:710,0
DA:711,0
DA:713,0
DA:714,0
DA:716,0
DA:717,0
DA:730,0
DA:769,0
DA:792,0
DA:793,0
DA:800,0
DA:802,0
DA:803,0
DA:805,0
DA:807,0
DA:810,0
DA:812,0
DA:813,0
DA:816,0
DA:818,0
DA:819,0
DA:822,0
DA:824,0
DA:825,0
DA:826,0
DA:827,0
DA:828,0
DA:831,0
DA:832,0
DA:833,0
DA:834,0
DA:835,0
DA:836,0
DA:838,0
DA:840,0
DA:841,0
DA:842,0
DA:843,0
DA:844,0
DA:846,0
DA:847,0
DA:848,0
DA:849,0
DA:850,0
DA:851,0
DA:852,0
DA:854,0
DA:855,0
DA:856,0
DA:858,0
DA:861,0
DA:862,0
DA:863,0
DA:864,0
DA:865,0
DA:866,0
DA:867,0
DA:868,0
DA:869,0
DA:870,0
DA:871,0
DA:873,0
DA:874,0
DA:875,0
DA:877,0
DA:880,0
DA:881,0
DA:884,0
DA:885,0
DA:888,0
DA:900,0
DA:904,0
DA:906,0
DA:907,0
DA:908,0
DA:909,0
DA:911,0
DA:914,0
DA:915,0
DA:919,0
DA:920,0
DA:921,0
DA:923,0
DA:925,0
DA:926,0
DA:928,0
DA:929,0
DA:930,0
DA:933,0
DA:935,0
DA:940,0
DA:944,0
DA:945,0
DA:947,0
DA:949,0
DA:950,0
DA:952,0
DA:957,0
DA:958,0
DA:959,0
DA:962,0
DA:963,0
DA:964,0
DA:975,0
DA:976,0
DA:977,0
DA:982,0
DA:986,0
DA:992,0
DA:993,0
DA:994,0
DA:998,0
DA:999,0
DA:1001,0
DA:1002,0
DA:1008,0
DA:1015,0
DA:1017,0
DA:1019,0
DA:1022,0
DA:1023,0
DA:1024,0
DA:1025,0
DA:1026,0
DA:1027,0
DA:1028,0
DA:1029,0
DA:1030,0
DA:1031,0
DA:1032,0
DA:1033,0
DA:1035,0
DA:1038,0
DA:1039,0
DA:1041,0
DA:1046,17
DA:1048,0
LF:387
LH:1
end_of_record
SF:lib\src\controls\navigation\tree_view.dart
DA:97,2
DA:162,1
DA:179,1
DA:181,1
DA:187,0
DA:188,0
DA:189,0
DA:190,0
DA:191,0
DA:192,0
DA:193,0
DA:194,0
DA:195,0
DA:196,0
DA:197,0
DA:198,0
DA:199,0
DA:200,0
DA:201,0
DA:202,0
DA:203,0
DA:204,0
DA:208,1
DA:209,3
DA:215,1
DA:216,1
DA:218,1
DA:219,1
DA:220,0
DA:221,0
DA:233,0
DA:234,0
DA:235,0
DA:236,0
DA:237,0
DA:245,1
DA:246,1
DA:247,1
DA:248,1
DA:249,1
DA:250,0
DA:251,0
DA:260,0
DA:262,0
DA:263,0
DA:264,0
DA:266,0
DA:267,0
DA:283,1
DA:288,2
DA:289,1
DA:291,2
DA:293,2
DA:299,0
DA:300,0
DA:303,0
DA:304,0
DA:306,0
DA:309,1
DA:313,0
DA:315,0
DA:317,0
DA:318,0
DA:319,0
DA:320,0
DA:321,0
DA:322,0
DA:323,0
DA:324,0
DA:325,0
DA:326,0
DA:327,0
DA:328,0
DA:329,0
DA:330,0
DA:333,0
DA:337,0
DA:338,0
DA:339,0
DA:340,0
DA:341,0
DA:342,0
DA:343,0
DA:344,0
DA:345,0
DA:346,0
DA:347,0
DA:348,0
DA:349,0
DA:350,0
DA:351,0
DA:352,0
DA:353,0
DA:354,0
DA:355,0
DA:358,0
DA:360,0
DA:361,0
DA:362,0
DA:363,0
DA:364,0
DA:365,0
DA:366,0
DA:367,0
DA:368,0
DA:369,0
DA:370,0
DA:371,0
DA:372,0
DA:373,0
DA:374,0
DA:375,0
DA:376,0
DA:377,0
DA:384,1
DA:385,1
DA:386,1
DA:387,3
DA:388,2
DA:390,1
DA:391,1
DA:393,0
DA:395,1
DA:396,1
DA:399,4
DA:400,2
DA:403,3
DA:404,1
DA:405,1
DA:406,1
DA:407,1
DA:409,1
DA:410,0
DA:420,1
DA:421,2
DA:422,1
DA:423,2
DA:427,0
DA:428,0
DA:429,0
DA:430,0
DA:437,0
DA:438,0
DA:439,0
DA:440,0
DA:504,1
DA:523,3
DA:618,1
DA:619,1
DA:621,0
DA:623,0
DA:625,0
DA:627,0
DA:640,0
DA:643,1
DA:644,3
DA:645,4
DA:646,3
DA:647,3
DA:648,3
DA:653,0
DA:654,0
DA:657,0
DA:659,0
DA:660,0
DA:661,0
DA:665,0
DA:669,1
DA:671,1
DA:672,1
DA:675,0
DA:677,0
DA:678,0
DA:681,1
DA:683,2
DA:684,1
DA:687,1
DA:689,1
DA:690,1
DA:691,1
DA:693,1
DA:694,1
DA:695,1
DA:697,1
DA:701,4
DA:702,2
DA:703,2
DA:704,2
DA:705,2
DA:706,2
DA:707,2
DA:708,0
DA:709,0
DA:710,0
DA:711,0
DA:712,0
DA:713,0
DA:714,0
DA:715,0
DA:716,0
DA:719,2
DA:720,1
DA:721,2
DA:723,1
DA:724,2
DA:726,2
DA:727,2
DA:728,0
DA:729,0
DA:731,0
DA:732,0
DA:733,0
DA:734,0
DA:735,0
DA:736,0
DA:737,0
DA:739,0
DA:742,0
DA:745,0
DA:746,0
DA:748,0
DA:749,0
DA:751,0
DA:754,0
DA:755,0
DA:756,0
DA:763,0
DA:764,0
DA:766,0
DA:767,0
DA:769,0
DA:772,0
DA:773,0
DA:774,0
DA:775,0
DA:776,0
DA:781,0
DA:783,0
DA:784,0
DA:785,0
DA:789,0
DA:790,2
DA:798,0
DA:802,0
DA:804,0
DA:805,0
DA:806,0
DA:809,0
DA:813,0
DA:814,0
DA:815,0
DA:816,0
DA:820,1
DA:825,1
DA:846,1
DA:848,2
DA:849,1
DA:850,2
DA:851,1
DA:852,1
DA:853,1
DA:854,1
DA:855,2
DA:856,1
DA:858,1
DA:859,0
DA:861,0
DA:862,0
DA:865,0
DA:869,1
DA:870,0
DA:872,0
DA:875,0
DA:879,1
DA:881,1
DA:882,0
DA:884,0
DA:888,2
DA:889,0
DA:890,0
DA:891,0
DA:893,0
DA:894,0
DA:896,2
DA:897,2
DA:898,2
DA:903,1
DA:904,1
DA:905,0
DA:906,1
DA:907,0
DA:908,2
DA:910,1
DA:911,1
DA:912,2
DA:914,1
DA:915,2
DA:918,1
DA:919,2
DA:920,0
DA:921,0
DA:924,0
DA:925,1
DA:926,4
DA:927,0
DA:929,1
DA:930,2
DA:931,1
DA:933,1
DA:936,2
DA:938,0
DA:939,0
DA:940,0
DA:941,0
DA:945,1
DA:947,1
DA:948,1
DA:950,2
DA:951,0
DA:952,0
DA:954,0
DA:956,0
DA:957,0
DA:958,0
DA:959,0
DA:960,0
DA:966,2
DA:967,2
DA:968,0
DA:970,1
DA:972,1
DA:973,1
DA:979,1
DA:981,1
DA:983,1
DA:984,2
DA:986,0
DA:998,1
DA:1003,2
DA:1004,0
DA:1005,0
DA:1006,0
DA:1007,0
DA:1010,0
DA:1011,0
DA:1015,0
DA:1018,1
DA:1019,1
DA:1022,1
DA:1023,1
DA:1024,1
DA:1028,2
DA:1034,2
DA:1035,0
DA:1039,0
DA:1041,0
DA:1043,0
DA:1044,0
LF:358
LH:141
end_of_record
SF:lib\src\controls\surfaces\bottom_sheet.dart
DA:44,0
DA:54,0
DA:105,0
DA:106,0
DA:114,0
DA:115,0
DA:127,0
DA:129,0
DA:130,0
DA:133,0
DA:134,0
DA:136,0
DA:137,0
DA:140,0
DA:141,0
DA:142,0
DA:143,0
DA:146,0
DA:147,0
DA:148,0
DA:150,0
DA:151,0
DA:152,0
DA:153,0
DA:155,0
DA:158,0
DA:159,0
DA:160,0
DA:164,0
DA:167,0
DA:173,0
DA:177,0
DA:178,0
DA:179,0
DA:184,0
DA:186,0
DA:187,0
DA:188,0
DA:189,0
DA:191,0
DA:194,0
DA:195,0
DA:196,0
DA:199,0
DA:200,0
DA:201,0
DA:205,0
DA:206,0
DA:207,0
DA:211,0
DA:213,0
DA:214,0
DA:215,0
DA:216,0
DA:224,0
DA:229,0
DA:231,0
DA:232,0
DA:233,0
DA:234,0
DA:235,0
DA:236,0
DA:240,0
DA:242,0
DA:245,0
DA:247,0
DA:252,0
DA:269,0
DA:270,0
DA:276,0
DA:277,0
DA:278,0
DA:279,0
DA:281,0
DA:282,0
DA:283,0
DA:284,0
DA:285,0
DA:289,0
DA:291,0
DA:294,0
DA:296,0
DA:297,0
DA:302,0
DA:304,0
DA:305,0
DA:306,0
DA:307,0
DA:308,0
DA:310,0
DA:311,0
DA:312,0
DA:313,0
DA:314,0
DA:315,0
DA:316,0
DA:319,0
DA:320,0
DA:321,0
DA:322,0
DA:323,0
DA:324,0
DA:325,0
DA:327,0
DA:330,0
DA:331,0
DA:333,0
DA:335,0
DA:340,0
DA:341,0
DA:342,0
DA:344,0
DA:356,0
DA:382,0
DA:385,0
DA:388,0
DA:389,0
DA:394,0
DA:395,0
DA:399,0
DA:401,0
DA:402,0
DA:403,0
DA:404,0
DA:407,0
DA:412,0
DA:415,0
DA:416,0
DA:417,0
DA:418,0
DA:420,0
DA:421,0
DA:422,0
DA:423,0
DA:424,0
DA:429,0
DA:451,0
DA:464,0
DA:466,0
DA:467,0
DA:469,0
DA:473,0
DA:477,0
DA:478,0
DA:479,0
DA:482,0
DA:484,0
DA:576,0
DA:590,0
DA:591,0
DA:593,0
DA:594,0
DA:597,0
DA:599,0
DA:612,0
DA:620,0
DA:631,0
DA:634,0
DA:635,0
DA:636,0
DA:637,0
DA:679,0
DA:680,0
DA:681,0
DA:682,0
DA:684,0
DA:686,0
DA:689,0
DA:690,0
DA:691,0
DA:698,0
DA:700,0
DA:701,0
DA:702,0
DA:704,0
DA:705,0
DA:706,0
DA:707,0
DA:708,0
DA:709,0
DA:710,0
DA:711,0
DA:712,0
DA:713,0
DA:714,0
DA:715,0
DA:716,0
DA:721,0
DA:722,0
DA:724,0
DA:727,0
DA:728,0
DA:729,0
DA:734,0
DA:751,0
DA:762,0
DA:767,0
DA:768,0
DA:770,0
DA:776,0
DA:778,0
DA:779,0
DA:791,0
DA:792,0
DA:793,0
DA:797,0
DA:799,0
DA:802,0
DA:803,0
DA:812,21
DA:819,0
DA:820,0
DA:821,0
DA:823,0
DA:832,4
DA:837,4
DA:838,12
DA:839,12
DA:840,12
DA:841,12
DA:845,0
DA:847,0
DA:848,0
DA:849,0
DA:850,0
DA:851,0
DA:855,0
DA:857,0
DA:859,0
DA:860,0
DA:861,0
DA:862,0
LF:232
LH:7
end_of_record
SF:lib\src\controls\surfaces\calendar\calendar_view.dart
DA:18,0
DA:20,0
LF:2
LH:0
end_of_record
SF:lib\src\controls\surfaces\card.dart
DA:5,0
DA:39,0
DA:41,0
DA:42,0
DA:43,0
DA:44,0
DA:45,0
DA:46,0
DA:47,0
DA:48,0
DA:49,0
DA:50,0
DA:53,0
DA:54,0
LF:14
LH:0
end_of_record
SF:lib\src\controls\surfaces\commandbar.dart
DA:13,0
DA:49,0
DA:51,0
DA:52,0
DA:53,0
DA:54,0
DA:55,0
DA:56,0
DA:57,0
DA:160,0
DA:171,0
DA:173,0
DA:174,0
DA:181,0
DA:183,0
DA:184,0
DA:187,0
DA:188,0
DA:189,0
DA:191,0
DA:193,0
DA:195,0
DA:197,0
DA:199,0
DA:204,0
DA:205,0
DA:206,0
DA:208,0
DA:210,0
DA:212,0
DA:213,0
DA:214,0
DA:215,0
DA:220,0
DA:223,0
DA:226,0
DA:227,0
DA:228,0
DA:229,0
DA:230,0
DA:231,0
DA:234,0
DA:235,0
DA:236,0
DA:237,0
DA:238,0
DA:241,0
DA:242,0
DA:245,0
DA:247,0
DA:248,0
DA:252,0
DA:260,0
DA:261,0
DA:263,0
DA:270,0
DA:271,0
DA:272,0
DA:274,0
DA:275,0
DA:276,0
DA:281,0
DA:282,0
DA:283,0
DA:284,0
DA:285,0
DA:286,0
DA:287,0
DA:289,0
DA:294,0
DA:295,0
DA:296,0
DA:297,0
DA:298,0
DA:300,0
DA:304,0
DA:305,0
DA:306,0
DA:307,0
DA:308,0
DA:310,0
DA:314,0
DA:315,0
DA:316,0
DA:317,0
DA:318,0
DA:319,0
DA:321,0
DA:322,0
DA:323,0
DA:325,0
DA:326,0
DA:327,0
DA:328,0
DA:333,0
DA:334,0
DA:337,0
DA:340,0
DA:341,0
DA:344,0
DA:345,0
DA:346,0
DA:347,0
DA:349,0
DA:355,0
DA:356,0
DA:361,0
DA:363,0
DA:364,0
DA:367,0
DA:369,0
DA:370,0
DA:371,0
DA:376,0
DA:419,0
DA:443,0
DA:449,0
DA:453,0
DA:454,0
DA:465,0
DA:470,0
DA:472,0
DA:474,0
DA:503,0
DA:515,0
DA:518,0
DA:519,0
DA:520,0
DA:521,0
DA:522,0
DA:523,0
DA:524,0
DA:525,0
DA:526,0
DA:527,0
DA:528,0
DA:529,0
DA:530,0
DA:531,0
DA:532,0
DA:539,0
DA:541,0
DA:543,0
DA:545,0
DA:546,0
DA:549,0
DA:550,0
DA:552,0
DA:553,0
DA:554,0
DA:555,0
DA:556,0
DA:557,0
DA:558,0
DA:576,0
DA:588,0
DA:591,0
DA:592,0
DA:593,0
DA:594,0
DA:596,0
DA:598,0
DA:599,0
DA:600,0
DA:605,0
DA:606,0
DA:607,0
DA:608,0
DA:609,0
LF:169
LH:0
end_of_record
SF:lib\src\controls\surfaces\dialog.dart
DA:54,0
DA:79,0
DA:81,0
DA:82,0
DA:84,0
DA:85,0
DA:87,0
DA:89,0
DA:90,0
DA:91,0
DA:92,0
DA:95,0
DA:96,0
DA:97,0
DA:98,0
DA:99,0
DA:102,0
DA:103,0
DA:104,0
DA:105,0
DA:106,0
DA:107,0
DA:108,0
DA:111,0
DA:112,0
DA:113,0
DA:114,0
DA:115,0
DA:116,0
DA:117,0
DA:125,0
DA:126,0
DA:127,0
DA:128,0
DA:129,0
DA:130,0
DA:131,0
DA:132,0
DA:133,0
DA:135,0
DA:138,0
DA:140,0
DA:141,0
DA:142,0
DA:143,0
DA:144,0
DA:145,0
DA:146,0
DA:152,0
DA:154,0
DA:219,0
DA:231,0
DA:233,0
DA:235,0
DA:238,0
DA:241,0
DA:244,0
DA:249,0
DA:253,0
DA:299,0
DA:309,0
DA:310,0
DA:311,0
DA:312,0
DA:313,0
DA:314,0
DA:315,0
DA:316,0
DA:324,0
DA:327,0
DA:333,0
DA:334,0
DA:338,0
DA:339,0
DA:340,0
DA:343,0
DA:353,0
DA:357,0
DA:359,0
DA:380,21
DA:394,0
DA:395,0
DA:396,0
DA:397,0
DA:398,0
DA:399,0
DA:404,0
DA:405,0
DA:410,0
DA:411,0
DA:412,0
DA:416,4
DA:421,4
DA:422,12
DA:423,12
DA:424,12
DA:425,12
DA:427,12
DA:428,12
DA:430,12
DA:432,12
DA:434,12
DA:435,12
DA:436,12
DA:440,0
DA:442,0
DA:443,0
DA:444,0
DA:445,0
DA:446,0
DA:447,0
DA:448,0
DA:449,0
DA:450,0
DA:451,0
DA:452,0
DA:453,0
LF:117
LH:14
end_of_record
SF:lib\src\controls\surfaces\expander.dart
DA:33,1
DA:119,1
DA:120,1
DA:128,2
DA:129,0
DA:130,0
DA:135,1
DA:137,1
DA:138,2
DA:139,5
DA:140,2
DA:141,2
DA:142,2
DA:146,1
DA:148,1
DA:149,3
DA:152,0
DA:153,0
DA:154,0
DA:156,0
DA:157,0
DA:159,0
DA:161,0
DA:163,0
DA:165,0
DA:167,0
DA:168,0
DA:169,0
DA:172,4
DA:174,1
DA:176,2
DA:177,1
DA:182,1
DA:184,1
DA:185,1
DA:186,1
DA:188,1
DA:189,1
DA:191,1
DA:192,1
DA:193,2
DA:194,1
DA:195,2
DA:196,2
DA:197,2
DA:198,1
DA:199,1
DA:200,2
DA:202,1
DA:204,2
DA:210,2
DA:211,2
DA:212,0
DA:214,0
DA:216,3
DA:217,2
DA:218,0
DA:220,0
DA:222,1
DA:223,1
DA:224,2
DA:229,1
DA:230,1
DA:231,1
DA:233,1
DA:234,1
DA:235,1
DA:239,1
DA:242,2
DA:243,1
DA:244,1
DA:247,2
DA:248,1
DA:249,1
DA:252,2
DA:253,2
DA:256,1
DA:257,1
DA:259,1
DA:262,1
DA:263,1
DA:277,1
DA:278,1
DA:279,1
DA:282,4
DA:284,1
DA:286,1
DA:289,1
DA:290,1
DA:291,2
DA:293,2
DA:294,2
DA:298,2
DA:302,1
DA:305,1
LF:95
LH:77
end_of_record
SF:lib\src\controls\surfaces\info_bar.dart
DA:30,0
DA:36,0
DA:37,0
DA:39,0
DA:47,0
DA:48,0
DA:49,0
DA:51,0
DA:56,0
DA:57,0
DA:58,0
DA:60,0
DA:62,0
DA:65,0
DA:66,0
DA:67,0
DA:71,0
DA:73,0
DA:74,0
DA:75,0
DA:76,0
DA:79,0
DA:82,0
DA:91,0
DA:122,0
DA:162,0
DA:164,0
DA:166,0
DA:167,0
DA:168,0
DA:169,0
DA:172,0
DA:174,0
DA:175,0
DA:176,0
DA:177,0
DA:178,0
DA:179,0
DA:180,0
DA:181,0
DA:183,0
DA:184,0
DA:185,0
DA:188,0
DA:189,0
DA:190,0
DA:191,0
DA:192,0
DA:194,0
DA:195,0
DA:196,0
DA:197,0
DA:198,0
DA:199,0
DA:201,0
DA:202,0
DA:204,0
DA:205,0
DA:206,0
DA:209,0
DA:210,0
DA:212,0
DA:214,0
DA:216,0
DA:217,0
DA:218,0
DA:221,0
DA:224,0
DA:229,0
DA:237,0
DA:238,0
DA:241,0
DA:243,0
DA:245,0
DA:252,0
DA:253,0
DA:255,0
DA:256,0
DA:257,0
DA:258,0
DA:259,0
DA:260,0
DA:278,0
DA:289,0
DA:294,0
DA:295,0
DA:297,0
DA:303,0
DA:304,0
DA:305,0
DA:317,0
DA:318,0
DA:319,0
DA:320,0
DA:324,0
DA:326,0
DA:329,0
DA:330,0
DA:347,21
DA:358,0
DA:359,0
DA:366,0
DA:369,0
DA:370,0
DA:372,0
DA:373,0
DA:375,0
DA:376,0
DA:378,0
DA:379,0
DA:382,0
DA:384,0
DA:385,0
DA:386,0
DA:391,0
DA:393,0
DA:395,0
DA:397,0
DA:399,0
DA:403,0
DA:405,0
DA:406,0
DA:407,0
DA:408,0
DA:409,0
DA:410,0
DA:411,0
DA:412,0
DA:415,0
DA:416,0
DA:418,0
DA:419,0
DA:424,4
DA:429,4
DA:430,12
DA:431,8
DA:433,12
DA:434,8
DA:435,0
DA:436,0
DA:437,0
DA:438,0
DA:442,12
DA:443,0
DA:444,0
DA:445,0
DA:446,0
DA:450,12
DA:454,0
DA:456,0
DA:457,0
DA:458,0
DA:459,0
DA:460,0
DA:461,0
DA:462,0
DA:466,0
DA:468,0
DA:470,0
DA:471,0
DA:472,0
DA:473,0
DA:474,0
DA:476,0
LF:164
LH:9
end_of_record
SF:lib\src\controls\surfaces\list_tile.dart
DA:32,0
DA:44,0
DA:52,0
DA:67,0
DA:141,0
DA:143,0
DA:145,0
DA:146,0
DA:147,0
DA:148,0
DA:150,0
DA:153,0
DA:155,0
DA:161,0
DA:162,0
DA:163,0
DA:164,0
DA:166,0
DA:167,0
DA:174,0
DA:176,0
DA:177,0
DA:178,0
DA:180,0
DA:182,0
DA:183,0
DA:184,0
DA:185,0
DA:186,0
DA:187,0
DA:188,0
DA:191,0
DA:193,0
DA:197,0
DA:201,0
DA:203,0
DA:204,0
DA:205,0
DA:207,0
DA:209,0
DA:210,0
DA:213,0
DA:214,0
DA:215,0
DA:216,0
DA:217,0
DA:218,0
DA:220,0
DA:221,0
DA:222,0
DA:223,0
DA:228,0
DA:232,0
DA:233,0
DA:235,0
DA:236,0
DA:242,0
DA:243,0
DA:244,0
DA:245,0
DA:246,0
DA:247,0
DA:248,0
DA:253,0
DA:254,0
DA:255,0
DA:256,0
DA:257,0
DA:262,0
DA:263,0
DA:265,0
DA:266,0
DA:267,0
DA:268,0
DA:270,0
DA:271,0
DA:272,0
DA:276,0
DA:277,0
DA:278,0
DA:279,0
DA:281,0
DA:282,0
DA:284,0
DA:285,0
DA:286,0
DA:287,0
DA:288,0
DA:298,0
DA:299,0
DA:300,0
LF:91
LH:0
end_of_record
SF:lib\src\controls\surfaces\progress_indicators.dart
DA:22,0
DA:29,0
DA:30,0
DA:54,0
DA:55,0
DA:57,0
DA:59,0
DA:61,0
DA:62,0
DA:70,0
DA:72,0
DA:73,0
DA:77,0
DA:80,0
DA:82,0
DA:83,0
DA:84,0
DA:85,0
DA:86,0
DA:90,0
DA:92,0
DA:93,0
DA:100,0
DA:102,0
DA:103,0
DA:104,0
DA:105,0
DA:107,0
DA:108,0
DA:109,0
DA:111,0
DA:112,0
DA:113,0
DA:114,0
DA:115,0
DA:116,0
DA:117,0
DA:118,0
DA:119,0
DA:120,0
DA:121,0
DA:122,0
DA:124,0
DA:125,0
DA:126,0
DA:127,0
DA:128,0
DA:129,0
DA:131,0
DA:132,0
DA:133,0
DA:134,0
DA:135,0
DA:136,0
DA:163,0
DA:177,0
DA:179,0
DA:180,0
DA:183,0
DA:184,0
DA:185,0
DA:186,0
DA:187,0
DA:188,0
DA:193,0
DA:194,0
DA:195,0
DA:196,0
DA:199,0
DA:200,0
DA:201,0
DA:202,0
DA:203,0
DA:212,0
DA:213,0
DA:216,0
DA:217,0
DA:218,0
DA:219,0
DA:223,0
DA:224,0
DA:225,0
DA:228,0
DA:229,0
DA:231,0
DA:233,0
DA:234,0
DA:236,0
DA:238,0
DA:239,0
DA:241,0
DA:243,0
DA:244,0
DA:245,0
DA:246,0
DA:248,0
DA:250,0
DA:253,0
DA:256,0
DA:273,17
DA:281,0
DA:308,0
DA:309,0
DA:311,0
DA:313,0
DA:315,0
DA:316,0
DA:322,0
DA:323,0
DA:324,0
DA:330,0
DA:331,0
DA:338,0
DA:339,0
DA:340,0
DA:346,0
DA:347,0
DA:357,0
DA:359,0
DA:360,0
DA:364,0
DA:367,0
DA:369,0
DA:370,0
DA:371,0
DA:372,0
DA:373,0
DA:377,0
DA:379,0
DA:380,0
DA:383,0
DA:385,0
DA:386,0
DA:387,0
DA:392,0
DA:393,0
DA:394,0
DA:395,0
DA:396,0
DA:397,0
DA:398,0
DA:399,0
DA:401,0
DA:402,0
DA:403,0
DA:404,0
DA:405,0
DA:406,0
DA:407,0
DA:408,0
DA:426,0
DA:443,0
DA:446,0
DA:447,0
DA:451,0
DA:452,0
DA:453,0
DA:454,0
DA:456,0
DA:457,0
DA:458,0
DA:459,0
DA:460,0
DA:461,0
DA:462,0
DA:463,0
DA:464,0
DA:465,0
DA:470,0
DA:471,0
DA:473,0
DA:480,0
DA:482,0
DA:484,0
LF:174
LH:1
end_of_record
SF:lib\src\controls\surfaces\snackbar.dart
DA:31,0
DA:39,0
DA:40,0
DA:41,0
DA:42,0
DA:43,0
DA:44,0
DA:45,0
DA:47,0
DA:49,0
DA:51,0
DA:52,0
DA:53,0
DA:58,0
DA:60,0
DA:66,0
DA:68,0
DA:69,0
DA:70,0
DA:72,0
DA:73,0
DA:74,0
DA:87,0
DA:107,0
DA:108,0
DA:115,0
DA:117,0
DA:118,0
DA:122,0
DA:125,0
DA:127,0
DA:128,0
DA:131,0
DA:133,0
DA:134,0
DA:135,0
DA:136,0
DA:137,0
DA:138,0
DA:140,0
DA:141,0
DA:142,0
DA:143,0
DA:144,0
DA:145,0
DA:147,0
DA:150,0
DA:151,0
DA:152,0
DA:153,0
DA:154,0
DA:156,0
DA:157,0
DA:159,0
DA:160,0
DA:161,0
DA:180,0
DA:191,0
DA:196,0
DA:197,0
DA:199,0
DA:205,0
DA:206,0
DA:207,0
DA:219,0
DA:220,0
DA:221,0
DA:225,0
DA:227,0
DA:230,0
DA:231,0
DA:239,21
DA:245,0
DA:246,0
DA:247,0
DA:248,0
DA:249,0
DA:251,0
DA:252,0
DA:253,0
DA:260,4
DA:265,4
DA:266,12
DA:267,12
DA:268,12
DA:272,0
DA:274,0
DA:275,0
DA:276,0
DA:277,0
DA:281,0
DA:283,0
DA:285,0
DA:287,0
DA:290,0
DA:291,0
LF:96
LH:6
end_of_record
SF:lib\src\controls\surfaces\tooltip.dart
DA:24,2
DA:36,4
DA:97,6
DA:101,0
DA:102,0
DA:104,0
DA:105,0
DA:106,0
DA:109,0
DA:116,0
DA:117,0
DA:118,0
DA:126,0
DA:127,0
DA:129,0
DA:130,0
DA:131,0
DA:138,2
DA:139,2
DA:182,2
DA:183,10
DA:185,2
DA:187,2
DA:188,2
DA:189,2
DA:190,8
DA:191,4
DA:195,4
DA:197,4
DA:198,4
DA:201,8
DA:204,2
DA:206,2
DA:207,6
DA:211,0
DA:212,0
DA:213,0
DA:214,0
DA:215,0
DA:222,0
DA:223,0
DA:224,0
DA:225,0
DA:226,0
DA:233,2
DA:234,2
DA:235,2
DA:236,2
DA:237,2
DA:245,0
DA:246,0
DA:250,0
DA:251,0
DA:252,0
DA:253,0
DA:258,0
DA:261,0
DA:262,0
DA:263,0
DA:267,0
DA:268,0
DA:269,0
DA:271,0
DA:276,0
DA:277,0
DA:278,0
DA:280,0
DA:282,0
DA:285,0
DA:286,0
DA:287,0
DA:289,0
DA:292,0
DA:295,0
DA:296,0
DA:300,0
DA:301,0
DA:302,0
DA:303,0
DA:304,0
DA:305,0
DA:306,0
DA:308,0
DA:311,0
DA:312,0
DA:316,0
DA:317,0
DA:318,0
DA:319,0
DA:320,0
DA:321,0
DA:322,0
DA:324,0
DA:325,0
DA:332,0
DA:333,0
DA:334,0
DA:335,0
DA:336,0
DA:337,0
DA:338,0
DA:339,0
DA:341,0
DA:344,0
DA:346,0
DA:347,0
DA:348,0
DA:351,0
DA:352,0
DA:356,4
DA:358,0
DA:359,0
DA:362,0
DA:364,0
DA:367,0
DA:368,0
DA:369,0
DA:371,0
[...]
DA:424,4
DA:427,4
DA:428,4
DA:429,4
DA:432,4
DA:433,4
DA:434,4
DA:437,4
DA:438,4
DA:439,4
DA:442,4
DA:443,4
DA:444,4
DA:447,4
DA:448,4
DA:449,4
DA:452,4
DA:453,4
DA:454,4
DA:457,4
DA:458,4
DA:459,4
DA:462,4
DA:463,4
DA:464,4
DA:467,4
DA:468,4
DA:469,4
DA:472,4
DA:473,4
DA:474,4
DA:477,4
DA:478,4
DA:479,4
DA:482,4
DA:483,4
DA:484,4
DA:487,4
DA:488,4
DA:489,4
DA:492,4
DA:493,4
DA:494,4
DA:497,4
DA:498,4
DA:499,4
DA:502,4
DA:503,4
DA:504,4
DA:507,4
DA:508,4
DA:509,4
DA:512,4
DA:513,4
DA:514,4
DA:517,4
DA:518,4
DA:519,4
DA:522,4
DA:523,4
DA:524,4
DA:527,4
DA:528,4
DA:529,4
DA:532,4
DA:533,4
DA:534,4
DA:537,4
DA:538,4
DA:539,4
DA:542,4
DA:543,4
DA:544,4
DA:547,4
DA:548,4
DA:549,4
DA:552,4
DA:553,4
DA:554,4
DA:557,4
DA:558,4
DA:559,4
DA:562,4
DA:563,4
DA:564,4
DA:567,4
DA:568,4
DA:569,4
DA:572,4
DA:573,4
DA:574,4
DA:577,4
DA:578,4
DA:579,4
DA:582,4
DA:583,4
DA:584,4
DA:587,4
DA:588,4
DA:589,4
DA:592,4
DA:593,4
DA:594,4
DA:597,4
DA:598,4
DA:599,4
DA:602,4
DA:603,4
DA:604,4
DA:607,4
DA:608,4
DA:609,4
DA:612,4
DA:613,4
DA:614,4
DA:617,4
DA:618,4
DA:619,4
DA:622,4
DA:623,4
DA:624,4
DA:627,4
DA:628,4
DA:629,4
DA:632,4
DA:633,4
DA:634,4
DA:637,4
DA:638,4
DA:639,4
DA:642,4
DA:643,4
DA:644,4
DA:647,4
DA:648,4
DA:649,4
DA:652,4
DA:653,4
DA:654,4
DA:657,4
DA:658,4
DA:659,4
DA:662,4
DA:663,4
DA:664,4
DA:667,4
DA:668,4
DA:669,4
DA:672,4
DA:673,4
DA:674,4
DA:677,4
DA:678,4
DA:679,4
DA:682,4
DA:683,4
DA:684,4
DA:687,4
DA:688,4
DA:689,4
DA:692,4
DA:693,4
DA:694,4
DA:697,4
DA:698,4
DA:699,4
DA:702,4
DA:703,4
DA:704,4
DA:707,4
DA:708,4
DA:709,4
DA:712,4
DA:713,4
DA:714,4
DA:717,4
DA:718,4
DA:719,4
DA:722,4
DA:723,4
DA:724,4
DA:727,4
DA:728,4
DA:729,4
DA:732,4
DA:733,4
DA:734,4
DA:740,0
DA:742,0
DA:744,0
DA:745,0
DA:746,0
DA:747,0
DA:748,0
DA:749,0
DA:750,0
DA:751,0
DA:752,0
DA:753,0
DA:754,0
DA:755,0
DA:756,0
DA:757,0
DA:758,0
DA:759,0
DA:760,0
DA:761,0
DA:762,0
DA:763,0
DA:764,0
DA:765,0
DA:766,0
DA:767,0
DA:768,0
DA:769,0
DA:770,0
DA:771,0
DA:772,0
DA:773,0
DA:774,0
DA:775,0
DA:776,0
DA:777,0
DA:778,0
DA:779,0
DA:780,0
DA:781,0
DA:782,0
DA:783,0
DA:784,0
DA:785,0
DA:786,0
DA:787,0
DA:788,0
DA:789,0
DA:790,0
DA:791,0
DA:792,0
DA:793,0
DA:794,0
DA:795,0
DA:796,0
DA:797,0
DA:798,0
DA:799,0
DA:800,0
DA:801,0
DA:802,0
DA:803,0
DA:804,0
DA:805,0
DA:806,0
DA:807,0
DA:808,0
DA:809,0
DA:810,0
DA:811,0
DA:812,0
DA:813,0
DA:814,0
DA:815,0
DA:816,0
DA:817,0
DA:818,0
DA:819,0
DA:820,0
DA:821,0
DA:822,0
DA:823,0
DA:824,0
DA:825,0
DA:826,0
DA:827,0
DA:828,0
DA:829,0
DA:830,0
DA:831,0
DA:832,0
DA:833,0
DA:834,0
DA:835,0
DA:836,0
DA:837,0
DA:838,0
DA:839,0
DA:840,0
DA:841,0
DA:842,0
DA:843,0
DA:844,0
DA:845,0
DA:846,0
DA:847,0
DA:848,0
DA:849,0
DA:850,0
DA:851,0
DA:852,0
DA:853,0
DA:854,0
DA:855,0
DA:856,0
DA:857,0
DA:858,0
DA:859,0
DA:860,0
DA:861,0
DA:862,0
DA:863,0
DA:864,0
DA:865,0
DA:866,0
DA:867,0
DA:868,0
DA:869,0
DA:870,0
DA:871,0
DA:872,0
DA:873,0
DA:874,0
DA:875,0
DA:876,0
DA:877,0
DA:878,0
LF:379
LH:242
end_of_record
SF:lib\src\styles\focus.dart
DA:12,11
DA:50,0
DA:52,0
DA:54,0
DA:55,0
DA:57,0
DA:58,0
DA:60,0
DA:63,0
DA:65,0
DA:71,11
DA:76,22
DA:77,11
DA:78,11
DA:79,22
DA:80,22
DA:81,11
DA:82,11
DA:83,11
DA:91,11
DA:93,11
DA:94,33
DA:96,55
DA:97,11
DA:98,18
DA:100,11
DA:103,11
DA:104,11
DA:105,11
DA:106,9
DA:107,9
DA:108,9
DA:109,9
DA:110,22
DA:115,0
DA:121,0
DA:129,11
DA:130,11
DA:131,11
DA:132,33
DA:135,0
DA:136,0
DA:147,67
DA:154,32
DA:156,0
DA:157,0
DA:160,16
DA:165,16
DA:166,16
DA:167,16
DA:168,16
DA:175,4
DA:176,4
DA:177,12
DA:178,8
DA:179,4
DA:180,8
DA:181,4
DA:182,12
DA:183,12
DA:184,8
DA:188,16
DA:190,2
DA:191,4
DA:192,4
DA:193,2
DA:194,4
DA:195,4
DA:196,4
DA:200,11
DA:201,11
DA:202,11
DA:203,11
DA:204,0
DA:206,0
DA:207,0
DA:208,0
DA:210,0
DA:211,0
DA:212,0
DA:214,0
DA:216,0
DA:217,0
DA:218,0
DA:220,0
DA:222,0
DA:223,0
DA:224,0
DA:226,0
DA:228,0
DA:229,0
DA:230,0
DA:237,11
DA:238,11
DA:239,11
DA:240,11
DA:241,0
DA:246,0
DA:248,0
DA:250,0
DA:252,0
DA:255,0
DA:257,0
DA:260,0
DA:262,0
DA:265,0
DA:266,0
DA:268,0
DA:271,0
DA:273,0
LF:110
LH:62
end_of_record
SF:lib\src\styles\mica.dart
DA:24,2
DA:31,4
DA:55,2
DA:57,2
DA:58,2
DA:59,2
DA:60,2
DA:61,2
DA:63,2
DA:64,2
DA:66,2
DA:68,4
DA:69,0
DA:71,0
DA:72,0
DA:73,0
LF:16
LH:12
end_of_record
SF:lib\src\styles\motion\page_transitions.dart
DA:11,2
DA:37,0
DA:39,0
DA:41,0
DA:43,0
DA:47,0
DA:48,0
DA:49,0
DA:50,0
DA:53,0
DA:55,0
DA:60,2
DA:62,10
DA:63,2
DA:64,2
DA:65,4
DA:67,4
DA:68,2
DA:69,2
DA:70,2
DA:84,15
DA:96,0
DA:98,0
DA:99,0
DA:101,0
DA:106,15
DA:108,15
DA:109,15
DA:110,15
DA:111,45
DA:112,15
DA:121,0
DA:137,0
DA:139,0
DA:141,0
DA:143,0
DA:146,0
DA:148,0
DA:154,0
DA:156,0
DA:157,0
DA:158,0
DA:163,0
DA:168,0
DA:169,0
DA:170,0
DA:171,0
DA:178,0
DA:186,0
DA:188,0
LF:50
LH:17
end_of_record
SF:lib\src\styles\theme.dart
DA:10,16
DA:24,16
DA:25,32
DA:28,15
DA:29,30
DA:32,16
DA:34,16
DA:35,16
DA:36,16
DA:37,32
DA:38,16
DA:39,48
DA:40,16
DA:48,16
DA:55,5
DA:57,15
DA:59,0
DA:61,0
DA:77,16
DA:79,4
DA:80,12
DA:102,16
DA:119,16
DA:121,16
DA:128,16
DA:130,32
DA:131,16
DA:132,32
DA:133,16
DA:134,16
DA:138,16
DA:140,16
DA:141,48
DA:142,32
DA:146,0
DA:148,0
DA:149,0
DA:160,8
DA:167,32
DA:170,0
DA:232,16
DA:280,15
DA:282,16
DA:284,16
DA:293,16
DA:298,16
DA:299,1
DA:300,16
DA:302,16
DA:304,16
DA:313,16
DA:314,16
DA:315,16
DA:316,16
DA:317,16
DA:318,16
DA:321,16
DA:334,16
DA:339,16
DA:342,16
DA:352,16
DA:354,16
DA:400,16
DA:447,0
DA:448,0
DA:451,1
DA:452,1
DA:455,4
DA:456,4
DA:457,8
DA:458,8
DA:459,8
DA:460,12
DA:461,12
DA:462,12
DA:463,12
DA:464,12
DA:466,12
DA:467,12
DA:469,12
DA:471,12
DA:473,12
DA:474,12
DA:475,12
DA:476,12
DA:477,12
DA:478,12
DA:480,12
DA:482,12
DA:484,12
DA:486,12
DA:487,8
DA:488,12
DA:490,12
DA:491,12
DA:492,4
DA:493,8
DA:494,12
DA:496,12
DA:497,12
DA:498,12
DA:499,12
DA:500,4
DA:501,8
DA:503,12
DA:504,4
DA:505,8
DA:506,12
DA:507,12
DA:508,12
DA:510,12
DA:511,4
DA:512,8
DA:514,12
DA:515,4
DA:516,8
DA:518,12
DA:519,12
DA:528,3
DA:532,16
DA:534,16
DA:535,16
DA:537,16
DA:538,2
DA:542,0
DA:588,0
DA:589,0
DA:590,0
DA:591,0
DA:593,0
DA:594,0
DA:595,0
DA:596,0
DA:597,0
DA:598,0
DA:599,0
DA:600,0
DA:601,0
DA:603,0
DA:604,0
DA:606,0
DA:608,0
DA:609,0
DA:610,0
DA:611,0
DA:613,0
DA:615,0
DA:617,0
DA:619,0
DA:620,0
DA:621,0
DA:623,0
DA:624,0
DA:625,0
DA:626,0
DA:627,0
DA:628,0
DA:629,0
DA:630,0
DA:631,0
DA:632,0
DA:633,0
DA:634,0
DA:635,0
DA:636,0
DA:637,0
DA:638,0
DA:639,0
DA:640,0
DA:641,0
DA:642,0
DA:646,0
DA:648,0
DA:650,0
DA:651,0
DA:652,0
DA:653,0
DA:654,0
DA:655,0
DA:656,0
DA:657,0
DA:658,0
DA:659,0
DA:660,0
DA:661,0
DA:662,0
DA:664,0
DA:666,0
DA:668,0
DA:670,0
DA:672,0
DA:674,0
DA:676,0
DA:678,0
DA:679,0
LF:195
LH:116
end_of_record
SF:lib\src\styles\typography.dart
DA:46,16
DA:61,16
DA:66,16
DA:71,16
DA:72,16
DA:73,16
DA:78,16
DA:83,16
DA:88,16
DA:93,16
DA:98,16
DA:103,16
DA:108,16
DA:116,4
DA:117,4
DA:118,12
DA:119,12
DA:120,12
DA:121,12
DA:122,12
DA:123,12
DA:124,12
DA:125,12
DA:130,16
DA:132,0
DA:133,0
DA:134,0
DA:135,0
DA:136,0
DA:137,0
DA:138,0
DA:139,0
DA:140,0
DA:144,16
DA:153,16
DA:154,32
DA:163,32
DA:172,32
DA:181,32
DA:190,32
DA:199,32
DA:208,32
DA:217,32
DA:229,0
DA:231,0
DA:233,0
DA:234,0
DA:235,0
DA:236,0
DA:237,0
DA:238,0
DA:239,0
DA:240,0
LF:53
LH:34
end_of_record
SF:lib\src\utils.dart
DA:16,15
DA:17,30
DA:18,15
DA:19,0
DA:20,0
DA:21,0
DA:26,0
DA:30,15
DA:48,4
DA:49,8
DA:50,4
DA:52,0
DA:53,0
DA:54,0
DA:55,0
DA:58,0
DA:62,0
DA:68,0
DA:73,4
DA:81,0
DA:82,0
DA:83,0
DA:86,0
DA:96,0
DA:97,0
DA:102,0
DA:104,0
DA:108,0
DA:109,0
DA:111,0
DA:112,0
DA:113,0
DA:115,0
DA:116,0
DA:118,0
DA:121,0
DA:126,0
DA:127,0
DA:128,0
DA:129,0
DA:130,0
DA:131,0
DA:132,0
DA:133,0
DA:134,0
DA:145,1
DA:146,1
DA:147,3
DA:153,0
DA:154,0
DA:155,0
LF:51
LH:11
end_of_record
SF:lib\src\utils\horizontal_scroll_view.dart
DA:16,0
DA:23,0
DA:24,0
DA:30,0
DA:32,0
DA:33,0
DA:36,0
DA:38,0
DA:39,0
DA:42,0
DA:44,0
DA:45,0
DA:46,0
DA:48,0
DA:52,0
DA:53,0
DA:54,0
DA:59,0
DA:60,0
DA:69,0
DA:71,0
DA:72,0
DA:73,0
LF:23
LH:0
end_of_record
SF:lib\src\utils\label.dart
DA:11,1
DA:17,1
DA:20,0
DA:35,0
DA:37,0
DA:38,0
DA:41,1
DA:43,1
DA:44,1
DA:45,3
DA:47,1
DA:48,1
DA:51,1
DA:52,1
DA:53,1
DA:54,1
DA:58,1
DA:59,1
DA:60,0
LF:19
LH:14
end_of_record
SF:lib\l10n\generated\fluent_localizations_ar.dart
DA:5,0
DA:7,0
DA:10,0
DA:13,0
DA:16,0
DA:19,0
DA:22,0
DA:25,0
DA:28,0
DA:31,0
DA:34,0
DA:37,0
DA:40,0
DA:43,0
DA:46,0
DA:49,0
DA:52,0
DA:55,0
DA:58,0
DA:61,0
DA:64,0
DA:67,0
DA:70,0
DA:73,0
DA:76,0
DA:79,0
DA:82,0
DA:85,0
DA:88,0
DA:91,0
DA:94,0
DA:97,0
LF:32
LH:0
end_of_record
SF:lib\l10n\generated\fluent_localizations_be.dart
DA:5,0
DA:7,0
DA:10,0
DA:13,0
DA:16,0
DA:19,0
DA:22,0
DA:25,0
DA:28,0
DA:31,0
DA:34,0
DA:37,0
DA:40,0
DA:43,0
DA:46,0
DA:49,0
DA:52,0
DA:55,0
DA:58,0
DA:61,0
DA:64,0
DA:67,0
DA:70,0
DA:73,0
DA:76,0
DA:79,0
DA:82,0
DA:85,0
DA:88,0
DA:91,0
DA:94,0
DA:97,0
LF:32
LH:0
end_of_record
SF:lib\l10n\generated\fluent_localizations_bn.dart
DA:5,0
DA:7,0
DA:10,0
DA:13,0
DA:16,0
DA:19,0
DA:22,0
DA:25,0
DA:28,0
DA:31,0
DA:34,0
DA:37,0
DA:40,0
DA:43,0
DA:46,0
DA:49,0
DA:52,0
DA:55,0
DA:58,0
DA:61,0
DA:64,0
DA:67,0
DA:70,0
DA:74,0
DA:77,0
DA:80,0
DA:83,0
DA:86,0
DA:89,0
DA:92,0
DA:95,0
DA:98,0
LF:32
LH:0
end_of_record
SF:lib\l10n\generated\fluent_localizations_cs.dart
DA:5,0
DA:7,0
DA:10,0
DA:13,0
DA:16,0
DA:19,0
DA:22,0
DA:25,0
DA:28,0
DA:31,0
DA:34,0
DA:37,0
DA:40,0
DA:43,0
DA:46,0
DA:49,0
DA:52,0
DA:55,0
DA:58,0
DA:61,0
DA:64,0
DA:67,0
DA:70,0
DA:74,0
DA:77,0
DA:80,0
DA:83,0
DA:86,0
DA:89,0
DA:92,0
DA:95,0
DA:98,0
LF:32
LH:0
end_of_record
SF:lib\l10n\generated\fluent_localizations_de.dart
DA:5,0
DA:7,0
DA:10,0
DA:13,0
DA:16,0
DA:19,0
DA:22,0
DA:25,0
DA:28,0
DA:31,0
DA:34,0
DA:37,0
DA:40,0
DA:43,0
DA:46,0
DA:49,0
DA:52,0
DA:55,0
DA:58,0
DA:61,0
DA:64,0
DA:67,0
DA:71,0
DA:75,0
DA:79,0
DA:82,0
DA:85,0
DA:88,0
DA:91,0
DA:94,0
DA:97,0
DA:100,0
LF:32
LH:0
end_of_record
SF:lib\l10n\generated\fluent_localizations_el.dart
DA:5,0
DA:7,0
DA:10,0
DA:13,0
DA:16,0
DA:19,0
DA:22,0
DA:25,0
DA:28,0
DA:31,0
DA:34,0
DA:37,0
DA:40,0
DA:43,0
DA:46,0
DA:49,0
DA:52,0
DA:55,0
DA:58,0
DA:61,0
DA:64,0
DA:67,0
DA:71,0
DA:75,0
DA:79,0
DA:82,0
DA:85,0
DA:88,0
DA:91,0
DA:94,0
DA:97,0
DA:100,0
LF:32
LH:0
end_of_record
SF:lib\l10n\generated\fluent_localizations_en.dart
DA:5,32
DA:7,0
DA:10,0
DA:13,0
DA:16,0
DA:19,2
DA:22,0
DA:25,0
DA:28,0
DA:31,0
DA:34,0
DA:37,0
DA:40,0
DA:43,0
DA:46,0
DA:49,1
DA:52,0
DA:55,0
DA:58,0
DA:61,0
DA:64,0
DA:67,0
DA:70,0
DA:74,0
DA:78,0
DA:81,0
DA:84,0
DA:87,0
DA:90,0
DA:93,0
DA:96,0
DA:99,0
LF:32
LH:3
end_of_record
SF:lib\l10n\generated\fluent_localizations_es.dart
DA:5,0
DA:7,0
DA:10,0
DA:13,0
DA:16,0
DA:19,0
DA:22,0
DA:25,0
DA:28,0
DA:31,0
DA:34,0
DA:37,0
DA:40,0
DA:43,0
DA:46,0
DA:49,0
DA:52,0
DA:55,0
DA:58,0
DA:61,0
DA:64,0
DA:67,0
DA:71,0
DA:75,0
DA:79,0
DA:82,0
DA:85,0
DA:88,0
DA:91,0
DA:94,0
DA:97,0
DA:100,0
LF:32
LH:0
end_of_record
SF:lib\l10n\generated\fluent_localizations_fa.dart
DA:5,0
DA:7,0
DA:10,0
DA:13,0
DA:16,0
DA:19,0
DA:22,0
DA:25,0
DA:28,0
DA:31,0
DA:34,0
DA:37,0
DA:40,0
DA:43,0
DA:46,0
DA:49,0
DA:52,0
DA:55,0
DA:58,0
DA:61,0
DA:64,0
DA:67,0
DA:70,0
DA:74,0
DA:77,0
DA:80,0
DA:83,0
DA:86,0
DA:89,0
DA:92,0
DA:95,0
DA:98,0
LF:32
LH:0
end_of_record
SF:lib\l10n\generated\fluent_localizations_fr.dart
DA:5,0
DA:7,0
DA:10,0
DA:13,0
DA:16,0
DA:19,0
DA:22,0
DA:25,0
DA:28,0
DA:31,0
DA:34,0
DA:37,0
DA:40,0
DA:43,0
DA:46,0
DA:49,0
DA:52,0
DA:55,0
DA:58,0
DA:61,0
DA:64,0
DA:67,0
DA:71,0
DA:75,0
DA:79,0
DA:82,0
DA:85,0
DA:88,0
DA:91,0
DA:94,0
DA:97,0
DA:100,0
LF:32
LH:0
end_of_record
SF:lib\l10n\generated\fluent_localizations_he.dart
DA:5,0
DA:7,0
DA:10,0
DA:13,0
DA:16,0
DA:19,0
DA:22,0
DA:25,0
DA:28,0
DA:31,0
DA:34,0
DA:37,0
DA:40,0
DA:43,0
DA:46,0
DA:49,0
DA:52,0
DA:55,0
DA:58,0
DA:61,0
DA:64,0
DA:67,0
DA:70,0
DA:73,0
DA:76,0
DA:79,0
DA:82,0
DA:85,0
DA:88,0
DA:91,0
DA:94,0
DA:97,0
LF:32
LH:0
end_of_record
SF:lib\l10n\generated\fluent_localizations_hi.dart
DA:5,0
DA:7,0
DA:10,0
DA:13,0
DA:16,0
DA:19,0
DA:22,0
DA:25,0
DA:28,0
DA:31,0
DA:34,0
DA:37,0
DA:40,0
DA:43,0
DA:46,0
DA:49,0
DA:52,0
DA:55,0
DA:58,0
DA:61,0
DA:64,0
DA:67,0
DA:70,0
DA:74,0
DA:78,0
DA:81,0
DA:84,0
DA:87,0
DA:90,0
DA:93,0
DA:96,0
DA:99,0
LF:32
LH:0
end_of_record
SF:lib\l10n\generated\fluent_localizations_hu.dart
DA:5,0
DA:7,0
DA:10,0
DA:13,0
DA:16,0
DA:19,0
DA:22,0
DA:25,0
DA:28,0
DA:31,0
DA:34,0
DA:37,0
DA:40,0
DA:43,0
DA:46,0
DA:49,0
DA:52,0
DA:55,0
DA:58,0
DA:61,0
DA:64,0
DA:67,0
DA:70,0
DA:74,0
DA:77,0
DA:80,0
DA:83,0
DA:86,0
DA:89,0
DA:92,0
DA:95,0
DA:98,0
LF:32
LH:0
end_of_record
SF:lib\l10n\generated\fluent_localizations_id.dart
DA:5,0
DA:7,0
DA:10,0
DA:13,0
DA:16,0
DA:19,0
DA:22,0
DA:25,0
DA:28,0
DA:31,0
DA:34,0
DA:37,0
DA:40,0
DA:43,0
DA:46,0
DA:49,0
DA:52,0
DA:55,0
DA:58,0
DA:61,0
DA:64,0
DA:67,0
DA:70,0
DA:74,0
DA:78,0
DA:81,0
DA:84,0
DA:87,0
DA:90,0
DA:93,0
DA:96,0
DA:99,0
LF:32
LH:0
end_of_record
SF:lib\l10n\generated\fluent_localizations_it.dart
DA:5,0
DA:7,0
DA:10,0
DA:13,0
DA:16,0
DA:19,0
DA:22,0
DA:25,0
DA:28,0
DA:31,0
DA:34,0
DA:37,0
DA:40,0
DA:43,0
DA:46,0
DA:49,0
DA:52,0
DA:55,0
DA:58,0
DA:61,0
DA:64,0
DA:67,0
DA:70,0
DA:73,0
DA:76,0
DA:79,0
DA:82,0
DA:85,0
DA:88,0
DA:91,0
DA:94,0
DA:97,0
LF:32
LH:0
end_of_record
SF:lib\l10n\generated\fluent_localizations_ja.dart
DA:5,0
DA:7,0
DA:10,0
DA:13,0
DA:16,0
DA:19,0
DA:22,0
DA:25,0
DA:28,0
DA:31,0
DA:34,0
DA:37,0
DA:40,0
DA:43,0
DA:46,0
DA:49,0
DA:52,0
DA:55,0
DA:58,0
DA:61,0
DA:64,0
DA:67,0
DA:70,0
DA:73,0
DA:76,0
DA:79,0
DA:82,0
DA:85,0
DA:88,0
DA:91,0
DA:94,0
DA:97,0
LF:32
LH:0
end_of_record
SF:lib\l10n\generated\fluent_localizations_ko.dart
DA:5,0
DA:7,0
DA:10,0
DA:13,0
DA:16,0
DA:19,0
DA:22,0
DA:25,0
DA:28,0
DA:31,0
DA:34,0
DA:37,0
DA:40,0
DA:43,0
DA:46,0
DA:49,0
DA:52,0
DA:55,0
DA:58,0
DA:61,0
DA:64,0
DA:67,0
DA:70,0
DA:73,0
DA:76,0
DA:79,0
DA:82,0
DA:85,0
DA:88,0
DA:91,0
DA:94,0
DA:97,0
LF:32
LH:0
end_of_record
SF:lib\l10n\generated\fluent_localizations_ms.dart
DA:5,0
DA:7,0
DA:10,0
DA:13,0
DA:16,0
DA:19,0
DA:22,0
DA:25,0
DA:28,0
DA:31,0
DA:34,0
DA:37,0
DA:40,0
DA:43,0
DA:46,0
DA:49,0
DA:52,0
DA:55,0
DA:58,0
DA:61,0
DA:64,0
DA:67,0
DA:70,0
DA:74,0
DA:78,0
DA:81,0
DA:84,0
DA:87,0
DA:90,0
DA:93,0
DA:96,0
DA:99,0
LF:32
LH:0
end_of_record
SF:lib\l10n\generated\fluent_localizations_my.dart
DA:5,0
DA:7,0
DA:10,0
DA:13,0
DA:16,0
DA:19,0
DA:22,0
DA:25,0
DA:28,0
DA:31,0
DA:34,0
DA:37,0
DA:40,0
DA:43,0
DA:46,0
DA:49,0
DA:52,0
DA:55,0
DA:58,0
DA:61,0
DA:64,0
DA:67,0
DA:70,0
DA:73,0
DA:76,0
DA:79,0
DA:82,0
DA:85,0
DA:88,0
DA:91,0
DA:94,0
DA:97,0
LF:32
LH:0
end_of_record
SF:lib\l10n\generated\fluent_localizations_nl.dart
DA:5,0
DA:7,0
DA:10,0
DA:13,0
DA:16,0
DA:19,0
DA:22,0
DA:25,0
DA:28,0
DA:31,0
DA:34,0
DA:37,0
DA:40,0
DA:43,0
DA:46,0
DA:49,0
DA:52,0
DA:55,0
DA:58,0
DA:61,0
DA:64,0
DA:67,0
DA:70,0
DA:74,0
DA:78,0
DA:81,0
DA:84,0
DA:87,0
DA:90,0
DA:93,0
DA:96,0
DA:99,0
LF:32
LH:0
end_of_record
SF:lib\l10n\generated\fluent_localizations_pl.dart
DA:5,0
DA:7,0
DA:10,0
DA:13,0
DA:16,0
DA:19,0
DA:22,0
DA:25,0
DA:28,0
DA:31,0
DA:34,0
DA:37,0
DA:40,0
DA:43,0
DA:46,0
DA:49,0
DA:52,0
DA:55,0
DA:58,0
DA:61,0
DA:64,0
DA:67,0
DA:70,0
DA:73,0
DA:76,0
DA:79,0
DA:82,0
DA:85,0
DA:88,0
DA:91,0
DA:94,0
DA:97,0
LF:32
LH:0
end_of_record
SF:lib\l10n\generated\fluent_localizations_pt.dart
DA:5,2
DA:7,0
DA:10,0
DA:13,0
DA:16,0
DA:19,0
DA:22,0
DA:25,0
DA:28,0
DA:31,0
DA:34,0
DA:37,0
DA:40,0
DA:43,0
DA:46,0
DA:49,0
DA:52,0
DA:55,0
DA:58,0
DA:61,0
DA:64,0
DA:67,0
DA:71,0
DA:75,0
DA:79,0
DA:82,0
DA:85,0
DA:88,0
DA:91,0
DA:94,0
DA:97,0
DA:100,0
LF:32
LH:1
end_of_record
SF:lib\l10n\generated\fluent_localizations_ro.dart
DA:5,0
DA:7,0
DA:10,0
DA:13,0
DA:16,0
DA:19,0
DA:22,0
DA:25,0
DA:28,0
DA:31,0
DA:34,0
DA:37,0
DA:40,0
DA:43,0
DA:46,0
DA:49,0
DA:52,0
DA:55,0
DA:58,0
DA:61,0
DA:64,0
DA:67,0
DA:70,0
DA:74,0
DA:78,0
DA:81,0
DA:84,0
DA:87,0
DA:90,0
DA:93,0
DA:96,0
DA:99,0
LF:32
LH:0
end_of_record
SF:lib\l10n\generated\fluent_localizations_ru.dart
DA:5,0
DA:7,0
DA:10,0
DA:13,0
DA:16,0
DA:19,0
DA:22,0
DA:25,0
DA:28,0
DA:31,0
DA:34,0
DA:37,0
DA:40,0
DA:43,0
DA:46,0
DA:49,0
DA:52,0
DA:55,0
DA:58,0
DA:61,0
DA:64,0
DA:67,0
DA:70,0
DA:73,0
DA:76,0
DA:79,0
DA:82,0
DA:85,0
DA:88,0
DA:91,0
DA:94,0
DA:97,0
LF:32
LH:0
end_of_record
SF:lib\l10n\generated\fluent_localizations_sv.dart
DA:5,0
DA:7,0
DA:10,0
DA:13,0
DA:16,0
DA:19,0
DA:22,0
DA:25,0
DA:28,0
DA:31,0
DA:34,0
DA:37,0
DA:40,0
DA:43,0
DA:46,0
DA:49,0
DA:52,0
DA:55,0
DA:58,0
DA:61,0
DA:64,0
DA:67,0
DA:70,0
DA:73,0
DA:76,0
DA:79,0
DA:82,0
DA:85,0
DA:88,0
DA:91,0
DA:94,0
DA:97,0
LF:32
LH:0
end_of_record
SF:lib\l10n\generated\fluent_localizations_ta.dart
DA:5,0
DA:7,0
DA:10,0
DA:13,0
DA:16,0
DA:19,0
DA:22,0
DA:25,0
DA:28,0
DA:31,0
DA:34,0
DA:37,0
DA:40,0
DA:43,0
DA:46,0
DA:49,0
DA:52,0
DA:55,0
DA:58,0
DA:61,0
DA:64,0
DA:67,0
DA:71,0
DA:75,0
DA:79,0
DA:83,0
DA:86,0
DA:89,0
DA:92,0
DA:95,0
DA:98,0
DA:101,0
LF:32
LH:0
end_of_record
SF:lib\l10n\generated\fluent_localizations_th.dart
DA:5,0
DA:7,0
DA:10,0
DA:13,0
DA:16,0
DA:19,0
DA:22,0
DA:25,0
DA:28,0
DA:31,0
DA:34,0
DA:37,0
DA:40,0
DA:43,0
DA:46,0
DA:49,0
DA:52,0
DA:55,0
DA:58,0
DA:61,0
DA:64,0
DA:67,0
DA:70,0
DA:73,0
DA:76,0
DA:79,0
DA:82,0
DA:85,0
DA:88,0
DA:91,0
DA:94,0
DA:97,0
LF:32
LH:0
end_of_record
SF:lib\l10n\generated\fluent_localizations_tr.dart
DA:5,0
DA:7,0
DA:10,0
DA:13,0
DA:16,0
DA:19,0
DA:22,0
DA:25,0
DA:28,0
DA:31,0
DA:34,0
DA:37,0
DA:40,0
DA:43,0
DA:46,0
DA:49,0
DA:52,0
DA:55,0
DA:58,0
DA:61,0
DA:64,0
DA:67,0
DA:70,0
DA:73,0
DA:76,0
DA:79,0
DA:82,0
DA:85,0
DA:88,0
DA:91,0
DA:94,0
DA:97,0
LF:32
LH:0
end_of_record
SF:lib\l10n\generated\fluent_localizations_uk.dart
DA:5,0
DA:7,0
DA:10,0
DA:13,0
DA:16,0
DA:19,0
DA:22,0
DA:25,0
DA:28,0
DA:31,0
DA:34,0
DA:37,0
DA:40,0
DA:43,0
DA:46,0
DA:49,0
DA:52,0
DA:55,0
DA:58,0
DA:61,0
DA:64,0
DA:67,0
DA:70,0
DA:73,0
DA:76,0
DA:79,0
DA:82,0
DA:85,0
DA:88,0
DA:91,0
DA:94,0
DA:97,0
LF:32
LH:0
end_of_record
SF:lib\l10n\generated\fluent_localizations_uz.dart
DA:5,0
DA:7,0
DA:10,0
DA:13,0
DA:16,0
DA:19,0
DA:22,0
DA:25,0
DA:28,0
DA:31,0
DA:34,0
DA:37,0
DA:40,0
DA:43,0
DA:46,0
DA:49,0
DA:52,0
DA:55,0
DA:58,0
DA:61,0
DA:64,0
DA:67,0
DA:70,0
DA:74,0
DA:77,0
DA:80,0
DA:83,0
DA:86,0
DA:89,0
DA:92,0
DA:95,0
DA:98,0
LF:32
LH:0
end_of_record
SF:lib\l10n\generated\fluent_localizations_zh.dart
DA:5,0
DA:7,0
DA:10,0
DA:13,0
DA:16,0
DA:19,0
DA:22,0
DA:25,0
DA:28,0
DA:31,0
DA:34,0
DA:37,0
DA:40,0
DA:43,0
DA:46,0
DA:49,0
DA:52,0
DA:55,0
DA:58,0
DA:61,0
DA:64,0
DA:67,0
DA:70,0
DA:73,0
DA:76,0
DA:79,0
DA:82,0
DA:85,0
DA:88,0
DA:91,0
DA:94,0
DA:97,0
DA:103,0
DA:105,0
DA:108,0
DA:111,0
DA:114,0
DA:117,0
DA:120,0
DA:123,0
DA:126,0
DA:129,0
DA:132,0
DA:135,0
DA:138,0
DA:141,0
DA:144,0
DA:147,0
DA:150,0
DA:153,0
DA:156,0
DA:159,0
DA:162,0
DA:165,0
DA:168,0
DA:171,0
DA:174,0
DA:177,0
DA:180,0
DA:183,0
DA:186,0
DA:189,0
DA:192,0
DA:195,0
LF:64
LH:0
end_of_record
SF:lib\src\controls\form\pickers\pickers.dart
DA:18,0
DA:19,0
DA:20,0
DA:21,0
DA:24,0
DA:25,0
DA:29,1
DA:33,1
DA:34,1
DA:35,1
DA:36,1
DA:37,1
DA:38,1
DA:40,2
DA:46,0
DA:47,0
DA:48,0
DA:49,0
DA:50,0
DA:51,0
DA:53,0
DA:54,0
DA:58,0
DA:59,0
DA:60,0
DA:62,0
DA:81,0
DA:90,0
DA:92,0
DA:94,0
DA:95,0
DA:96,0
DA:97,0
DA:98,0
DA:102,0
DA:105,0
DA:107,0
DA:108,0
DA:109,0
DA:111,0
DA:112,0
DA:113,0
DA:119,0
DA:120,0
DA:122,0
DA:123,0
DA:124,0
DA:143,0
DA:165,0
DA:167,0
DA:169,0
DA:170,0
DA:171,0
DA:172,0
DA:173,0
DA:174,0
DA:175,0
DA:177,0
DA:178,0
DA:180,0
DA:181,0
DA:183,0
DA:184,0
DA:193,0
DA:194,0
DA:195,0
DA:196,0
DA:197,0
DA:198,0
DA:199,0
DA:203,0
DA:204,0
DA:205,0
DA:206,0
DA:207,0
DA:214,0
DA:216,0
DA:217,0
DA:218,0
DA:219,0
DA:224,0
DA:226,0
DA:235,0
DA:240,0
DA:242,0
DA:263,0
DA:270,0
DA:271,0
DA:272,0
DA:275,0
DA:276,0
DA:277,0
DA:279,0
DA:285,0
DA:286,0
DA:287,0
DA:289,0
DA:305,1
DA:316,1
DA:317,1
DA:321,5
DA:323,0
DA:325,0
DA:329,0
DA:331,0
DA:332,0
DA:334,0
DA:337,0
DA:339,0
DA:344,0
DA:345,0
DA:346,0
DA:348,0
DA:352,0
DA:354,0
DA:358,0
DA:359,0
DA:362,0
DA:366,0
DA:370,0
DA:371,0
DA:372,0
DA:373,0
DA:376,0
DA:377,0
DA:379,0
DA:382,0
DA:385,0
DA:387,0
DA:389,0
DA:390,0
DA:391,0
DA:392,0
DA:393,0
DA:394,0
DA:395,0
DA:396,0
DA:397,0
DA:402,0
DA:407,0
DA:413,1
DA:415,1
DA:416,1
DA:418,1
DA:419,1
DA:420,1
DA:422,1
DA:423,1
DA:424,2
DA:426,4
LF:150
LH:22
end_of_record
