SF:lib\src\app.dart
DA:43,7
DA:78,4
DA:81,0
DA:108,0
DA:110,0
DA:113,0
DA:121,0
DA:347,4
DA:348,4
DA:354,4
DA:356,4
DA:357,8
DA:374,12
DA:376,4
DA:378,4
DA:379,4
DA:380,8
DA:381,4
DA:382,4
DA:388,4
DA:389,8
DA:390,4
DA:391,4
DA:392,8
DA:394,4
DA:397,0
DA:399,12
DA:401,0
DA:402,4
DA:406,4
DA:407,4
DA:408,4
DA:409,4
DA:411,8
DA:412,0
DA:413,0
DA:425,0
DA:432,4
DA:433,4
DA:434,12
DA:435,4
DA:436,0
DA:437,0
DA:438,0
DA:439,0
DA:440,0
DA:441,0
DA:442,0
DA:443,0
DA:444,0
DA:446,0
DA:447,0
DA:448,0
DA:449,0
DA:450,0
DA:451,0
DA:452,0
DA:453,0
DA:454,0
DA:455,0
DA:456,0
DA:457,0
DA:458,0
DA:459,0
DA:463,4
DA:464,4
DA:465,8
DA:466,8
DA:467,8
DA:468,8
DA:469,8
DA:470,8
DA:471,8
DA:472,8
DA:473,4
DA:474,8
DA:475,8
DA:477,8
DA:478,8
DA:479,8
DA:480,8
DA:481,8
DA:482,8
DA:483,8
DA:484,8
DA:485,8
DA:486,8
DA:487,8
DA:488,8
DA:489,4
DA:490,4
DA:491,4
DA:493,8
DA:511,4
DA:513,1
DA:517,2
DA:518,1
DA:520,1
DA:521,1
DA:522,1
DA:523,1
DA:524,1
DA:525,0
DA:527,0
DA:529,1
DA:530,0
DA:531,0
DA:537,1
DA:541,1
DA:542,1
DA:543,1
DA:544,1
DA:545,1
DA:547,1
DA:548,0
DA:549,1
DA:551,1
DA:552,2
LF:118
LH:80
end_of_record
SF:lib\src\icons.dart
DA:8,0
LF:1
LH:0
end_of_record
SF:lib\src\localization.dart
DA:10,0
DA:91,2
DA:92,2
DA:93,2
DA:104,4
DA:106,0
DA:109,0
DA:112,0
DA:115,0
DA:118,1
DA:121,0
DA:124,0
DA:127,0
DA:130,0
DA:133,0
DA:136,0
DA:139,0
DA:142,0
DA:145,0
DA:148,1
DA:151,0
DA:154,0
DA:157,0
DA:160,0
DA:163,0
DA:173,4
DA:174,4
DA:184,4
DA:186,4
DA:187,8
DA:189,4
DA:191,4
DA:193,2
DA:196,0
LF:34
LH:14
end_of_record
SF:lib\src\utils.dart
DA:15,4
DA:16,4
DA:17,4
DA:18,0
DA:19,0
DA:20,0
DA:25,0
DA:29,4
DA:47,2
DA:48,2
DA:49,2
DA:51,0
DA:52,0
DA:53,0
DA:54,0
DA:57,0
DA:61,0
DA:67,0
DA:72,2
DA:80,0
DA:81,0
DA:82,0
LF:22
LH:8
end_of_record
SF:lib\src\navigation\route.dart
DA:11,4
DA:20,4
DA:25,4
DA:28,4
DA:29,4
DA:31,4
DA:37,4
DA:38,8
DA:39,4
DA:42,4
DA:43,4
DA:45,8
DA:52,4
DA:53,4
DA:55,4
LF:15
LH:15
end_of_record
SF:lib\src\controls\navigation\bottom_navigation.dart
DA:25,0
DA:50,0
DA:56,0
DA:57,0
DA:58,0
DA:91,0
DA:93,0
DA:95,0
DA:96,0
DA:97,0
DA:100,0
DA:101,0
DA:103,0
DA:104,0
DA:105,0
DA:106,0
DA:107,0
DA:108,0
DA:111,0
DA:112,0
DA:114,0
DA:122,0
DA:128,0
DA:135,0
DA:137,0
DA:138,0
DA:139,0
DA:140,0
DA:142,0
DA:143,0
DA:144,0
DA:145,0
DA:147,0
DA:149,0
DA:150,0
DA:152,0
DA:153,0
DA:154,0
DA:155,0
DA:156,0
DA:158,0
DA:162,0
DA:163,0
DA:165,0
DA:166,0
DA:167,0
DA:187,0
DA:191,0
DA:198,0
DA:203,0
DA:204,0
DA:206,0
DA:222,0
DA:223,0
DA:224,0
DA:225,0
DA:229,0
DA:232,0
DA:233,0
DA:236,0
DA:238,0
DA:241,0
DA:243,0
DA:258,6
DA:264,0
DA:265,0
DA:266,0
DA:269,0
DA:270,0
DA:274,2
DA:279,2
DA:280,6
DA:281,6
DA:282,6
DA:286,0
DA:288,0
DA:289,0
DA:290,0
DA:291,0
LF:79
LH:6
end_of_record
SF:lib\src\layout\page.dart
DA:18,0
DA:24,0
DA:55,0
DA:57,0
DA:58,0
DA:59,0
DA:60,0
DA:61,0
DA:62,0
DA:63,0
DA:64,0
DA:65,0
DA:68,0
DA:69,0
DA:70,0
DA:74,0
DA:81,0
DA:86,0
DA:103,0
DA:104,0
DA:105,0
DA:106,0
DA:112,0
DA:114,0
DA:115,0
DA:116,0
DA:117,0
DA:118,0
DA:123,0
DA:124,0
DA:125,0
DA:126,0
DA:127,0
DA:128,0
DA:131,0
LF:35
LH:0
end_of_record
SF:lib\src\controls\inputs\buttons\base.dart
DA:19,0
DA:27,0
DA:71,0
DA:73,0
DA:74,0
DA:76,0
DA:78,0
DA:80,0
DA:81,0
DA:82,0
DA:83,0
DA:89,0
DA:91,0
DA:92,0
DA:94,0
DA:95,0
DA:96,0
DA:98,0
DA:99,0
DA:100,0
DA:101,0
DA:105,0
DA:106,0
DA:107,0
DA:108,0
DA:109,0
DA:110,0
DA:111,0
DA:113,0
DA:114,0
DA:119,0
DA:121,0
DA:123,0
DA:125,0
DA:127,0
DA:128,0
DA:129,0
DA:132,0
DA:134,0
DA:138,0
DA:139,0
DA:140,0
DA:142,0
DA:143,0
DA:144,0
DA:148,0
DA:149,0
DA:150,0
DA:153,0
DA:154,0
DA:155,0
DA:156,0
DA:157,0
DA:161,0
DA:162,0
DA:166,0
DA:168,0
DA:170,0
DA:175,0
DA:179,0
DA:182,0
LF:61
LH:0
end_of_record
SF:lib\src\controls\inputs\buttons\theme.dart
DA:8,2
DA:38,0
DA:40,0
DA:41,0
DA:42,0
DA:43,0
DA:44,0
DA:45,0
DA:46,0
DA:47,0
DA:48,0
DA:49,0
DA:53,2
DA:54,2
DA:56,2
DA:57,2
DA:58,0
DA:59,2
DA:60,0
DA:62,2
DA:63,2
DA:65,2
DA:66,2
DA:70,0
DA:72,2
DA:73,0
DA:75,2
DA:76,0
DA:77,0
DA:93,0
DA:97,0
DA:104,0
DA:109,0
DA:110,0
DA:112,0
DA:128,0
DA:129,0
DA:130,0
DA:131,0
DA:135,0
DA:137,0
DA:138,0
DA:141,0
DA:143,0
DA:146,0
DA:148,0
DA:160,20
DA:168,0
DA:175,2
DA:183,0
DA:185,0
DA:186,0
DA:187,0
DA:188,0
DA:189,0
DA:190,0
DA:194,0
DA:196,0
DA:198,0
DA:199,0
DA:200,0
DA:201,0
DA:202,0
DA:203,0
DA:204,0
DA:205,0
DA:206,0
DA:207,0
DA:219,0
DA:221,0
DA:222,0
DA:224,0
DA:229,0
DA:231,0
DA:233,0
DA:238,0
DA:245,1
DA:246,2
DA:247,1
DA:249,0
DA:250,0
DA:251,1
DA:253,0
DA:254,0
DA:255,1
DA:258,1
DA:259,2
DA:260,1
DA:261,1
DA:262,1
DA:265,0
DA:266,0
DA:267,0
LF:93
LH:24
end_of_record
SF:lib\src\controls\inputs\buttons\button.dart
DA:15,0
DA:23,0
DA:33,0
DA:35,0
DA:36,0
DA:37,0
DA:38,0
DA:39,0
DA:42,0
DA:43,0
DA:49,0
DA:50,0
DA:51,0
DA:56,0
DA:58,0
DA:59,0
DA:61,0
DA:62,0
DA:63,0
DA:64,0
DA:65,0
DA:73,0
DA:75,0
DA:76,0
LF:24
LH:0
end_of_record
SF:lib\src\controls\inputs\buttons\icon_button.dart
DA:3,4
DA:6,0
DA:15,0
DA:27,0
DA:29,0
DA:30,0
DA:31,0
DA:32,0
DA:33,0
DA:34,0
DA:35,0
DA:36,0
DA:37,0
DA:40,0
DA:41,0
DA:42,0
DA:43,0
DA:45,0
DA:46,0
DA:48,0
DA:49,0
DA:54,0
DA:56,0
DA:57,0
DA:62,0
DA:65,0
DA:67,0
DA:68,0
DA:71,0
LF:29
LH:1
end_of_record
SF:lib\src\controls\inputs\buttons\filled_button.dart
DA:13,0
DA:21,0
DA:31,0
DA:33,0
DA:34,0
DA:35,0
DA:36,0
DA:37,0
DA:41,0
DA:42,0
DA:44,0
DA:45,0
DA:46,0
DA:47,0
DA:49,0
DA:50,0
DA:52,0
DA:53,0
DA:54,0
DA:57,0
DA:58,0
DA:60,0
DA:63,0
DA:64,0
DA:66,0
DA:74,0
DA:76,0
DA:77,0
LF:28
LH:0
end_of_record
SF:lib\src\controls\inputs\buttons\outlined_button.dart
DA:12,0
DA:20,0
DA:30,0
DA:32,0
DA:33,0
DA:35,0
DA:36,0
DA:40,0
DA:41,0
DA:43,0
DA:44,0
DA:45,0
DA:46,0
DA:47,0
DA:48,0
DA:49,0
DA:50,0
DA:51,0
DA:56,0
DA:64,0
DA:66,0
DA:67,0
LF:22
LH:0
end_of_record
SF:lib\src\controls\inputs\buttons\text_button.dart
DA:13,0
DA:21,0
DA:31,0
DA:33,0
DA:34,0
DA:35,0
DA:36,0
DA:37,0
DA:41,0
DA:43,0
DA:44,0
DA:45,0
DA:46,0
DA:47,0
DA:50,0
DA:51,0
DA:53,0
DA:55,0
DA:57,0
DA:64,0
DA:66,0
DA:67,0
LF:22
LH:0
end_of_record
SF:lib\src\controls\inputs\checkbox.dart
DA:23,1
DA:32,1
DA:68,0
DA:70,0
DA:72,0
DA:73,0
DA:74,0
DA:75,0
DA:76,0
DA:77,0
DA:79,0
DA:85,1
DA:87,1
DA:88,3
DA:90,1
DA:91,1
DA:92,1
DA:93,1
DA:94,1
DA:95,1
DA:97,5
DA:98,1
DA:99,1
DA:101,2
DA:102,2
DA:103,1
DA:106,1
DA:107,1
DA:108,0
DA:109,1
DA:110,2
DA:112,2
DA:114,1
DA:115,1
DA:116,2
DA:118,1
DA:119,1
DA:120,0
DA:121,1
DA:122,2
DA:124,2
DA:126,1
DA:129,1
DA:130,0
DA:133,0
DA:136,1
DA:137,1
DA:138,1
DA:139,1
DA:151,0
DA:155,0
DA:163,0
DA:168,0
DA:169,0
DA:171,0
DA:187,1
DA:188,1
DA:189,3
DA:190,1
DA:194,1
DA:197,1
DA:198,2
DA:201,0
DA:203,0
DA:206,0
DA:208,0
DA:227,6
DA:240,1
DA:241,1
DA:242,1
DA:243,1
DA:244,2
DA:246,1
DA:247,1
DA:248,0
DA:253,1
DA:254,2
DA:255,1
DA:257,1
DA:258,1
DA:259,0
DA:264,1
DA:268,1
DA:269,0
DA:271,0
DA:274,2
DA:275,1
DA:276,1
DA:277,0
DA:281,1
DA:288,2
DA:293,2
DA:294,6
DA:295,6
DA:296,4
DA:297,4
DA:298,2
DA:299,4
DA:300,2
DA:301,4
DA:302,2
DA:303,4
DA:304,2
DA:305,4
DA:306,2
DA:307,4
DA:308,2
DA:309,4
DA:313,1
DA:314,1
DA:315,2
DA:316,2
DA:317,2
DA:318,2
DA:319,2
DA:320,2
DA:321,2
DA:322,2
DA:323,2
DA:324,2
DA:328,0
DA:330,0
DA:331,0
DA:333,0
DA:335,0
DA:337,0
DA:339,0
DA:341,0
DA:343,0
DA:345,0
DA:347,0
DA:349,0
DA:351,0
DA:353,0
DA:355,0
DA:356,0
DA:357,0
DA:359,0
DA:361,0
DA:363,0
DA:365,0
DA:366,0
DA:368,0
LF:143
LH:92
end_of_record
SF:lib\src\controls\inputs\chip.dart
DA:9,4
DA:22,0
DA:29,0
DA:32,0
DA:39,0
DA:65,0
DA:67,0
DA:69,0
DA:70,0
DA:71,0
DA:72,0
DA:73,0
DA:74,0
DA:75,0
DA:76,0
DA:77,0
DA:78,0
DA:79,0
DA:80,0
DA:81,0
DA:82,0
DA:83,0
DA:84,0
DA:85,0
DA:91,0
DA:92,0
DA:93,0
DA:97,0
DA:98,0
DA:99,0
DA:100,0
DA:101,0
DA:102,0
DA:103,0
DA:104,0
DA:105,0
DA:106,0
DA:107,0
DA:108,0
DA:109,0
DA:110,0
DA:113,0
DA:114,0
DA:115,0
DA:116,0
DA:117,0
DA:135,0
DA:139,0
DA:146,0
DA:151,0
DA:152,0
DA:154,0
DA:170,0
DA:171,0
DA:172,0
DA:173,0
DA:177,0
DA:179,0
DA:180,0
DA:183,0
DA:185,0
DA:188,0
DA:190,0
DA:206,6
DA:215,0
DA:216,0
DA:217,0
DA:219,0
DA:222,0
DA:224,0
DA:227,0
DA:228,0
DA:229,0
DA:230,0
DA:231,0
DA:233,0
DA:237,0
DA:238,0
DA:240,0
DA:241,0
DA:242,0
DA:243,0
DA:246,0
DA:247,0
DA:248,0
DA:249,0
DA:250,0
DA:253,0
DA:254,0
DA:255,0
DA:256,0
DA:259,0
DA:260,0
DA:265,2
DA:270,2
DA:272,6
DA:273,2
DA:274,4
DA:275,4
DA:277,6
DA:278,2
DA:279,4
DA:280,6
DA:284,0
DA:286,0
DA:287,0
DA:288,0
DA:289,0
DA:290,0
DA:291,0
DA:292,0
DA:296,0
DA:298,0
DA:299,0
DA:300,0
DA:301,0
DA:302,0
DA:304,0
DA:306,0
DA:307,0
DA:308,0
DA:309,0
DA:310,0
LF:123
LH:12
end_of_record
SF:lib\src\controls\inputs\dropdown_button.dart
DA:14,0
DA:28,0
DA:29,0
DA:81,0
DA:83,0
DA:85,0
DA:86,0
DA:87,0
DA:88,0
DA:89,0
DA:91,0
DA:92,0
DA:93,0
DA:94,0
DA:98,0
DA:99,0
DA:101,0
DA:103,0
DA:105,0
DA:106,0
DA:107,0
DA:108,0
DA:109,0
DA:110,0
DA:111,0
DA:113,0
DA:115,0
DA:120,0
DA:121,0
DA:122,0
DA:123,0
DA:124,0
DA:129,0
DA:130,0
DA:131,0
DA:140,0
DA:146,0
LF:37
LH:0
end_of_record
SF:lib\src\controls\inputs\pill_button_bar.dart
DA:19,0
DA:38,0
DA:44,0
DA:45,0
DA:46,0
DA:63,0
DA:65,0
DA:66,0
DA:67,0
DA:68,0
DA:69,0
DA:70,0
DA:71,0
DA:73,0
DA:74,0
DA:77,0
DA:78,0
DA:79,0
DA:80,0
DA:81,0
DA:83,0
DA:84,0
DA:89,0
DA:94,0
DA:99,0
DA:105,0
DA:107,0
DA:108,0
DA:109,0
DA:110,0
DA:111,0
DA:113,0
DA:114,0
DA:115,0
DA:116,0
DA:118,0
DA:119,0
DA:120,0
DA:121,0
DA:123,0
DA:124,0
DA:125,0
DA:128,0
DA:129,0
DA:132,0
DA:133,0
DA:134,0
DA:136,0
DA:137,0
DA:138,0
DA:139,0
DA:140,0
DA:141,0
DA:143,0
DA:145,0
DA:162,0
DA:166,0
DA:173,0
DA:178,0
DA:179,0
DA:181,0
DA:197,0
DA:198,0
DA:199,0
DA:200,0
DA:204,0
DA:206,0
DA:207,0
DA:210,0
DA:212,0
DA:215,0
DA:217,0
DA:234,6
DA:242,0
DA:243,0
DA:244,0
DA:245,0
DA:247,0
DA:249,0
DA:255,0
DA:257,0
DA:259,0
DA:260,0
DA:261,0
DA:262,0
DA:265,0
DA:266,0
DA:269,0
DA:270,0
DA:271,0
DA:275,2
DA:280,2
DA:281,6
DA:283,6
DA:285,6
DA:287,6
DA:288,2
DA:289,4
DA:293,0
DA:295,0
DA:296,0
DA:297,0
DA:298,0
DA:299,0
DA:300,0
LF:105
LH:9
end_of_record
SF:lib\src\controls\inputs\radio_button.dart
DA:32,1
DA:41,1
DA:79,0
DA:81,0
DA:83,0
DA:84,0
DA:85,0
DA:86,0
DA:87,0
DA:88,0
DA:89,0
DA:92,1
DA:94,1
DA:95,3
DA:96,1
DA:97,1
DA:98,1
DA:99,5
DA:100,1
DA:101,1
DA:102,2
DA:103,2
DA:105,1
DA:106,2
DA:107,2
DA:110,1
DA:116,1
DA:117,2
DA:118,2
DA:119,1
DA:120,1
DA:121,1
DA:125,1
DA:126,0
DA:129,0
DA:132,1
DA:133,1
DA:134,1
DA:135,2
DA:150,0
DA:154,0
DA:161,0
DA:166,0
DA:167,0
DA:169,0
DA:175,1
DA:177,1
DA:178,2
DA:190,1
DA:191,3
DA:192,1
DA:196,0
DA:198,0
DA:201,0
DA:202,0
DA:210,6
DA:215,1
DA:216,1
DA:217,2
DA:218,1
DA:219,1
DA:220,1
DA:221,2
DA:222,0
DA:225,1
DA:226,1
DA:232,1
DA:233,2
DA:236,0
DA:241,2
DA:242,1
DA:243,1
DA:244,1
DA:246,1
DA:247,0
DA:248,1
DA:249,1
DA:250,1
DA:251,1
DA:252,1
DA:253,0
DA:254,1
DA:255,0
DA:265,2
DA:267,2
DA:268,2
DA:269,4
DA:270,4
DA:271,2
DA:275,1
DA:276,1
DA:277,2
DA:278,2
DA:282,0
DA:284,0
DA:285,0
DA:286,0
DA:287,0
DA:288,0
LF:99
LH:67
end_of_record
SF:lib\src\controls\inputs\rating.dart
DA:24,0
DA:39,0
DA:40,0
DA:41,0
DA:42,0
DA:91,0
DA:92,0
DA:94,0
DA:96,0
DA:97,0
DA:98,0
DA:99,0
DA:100,0
DA:102,0
DA:103,0
DA:105,0
DA:106,0
DA:107,0
DA:108,0
DA:109,0
DA:110,0
DA:112,0
DA:115,0
DA:126,0
DA:128,0
DA:129,0
DA:130,0
DA:131,0
DA:132,0
DA:134,0
DA:136,0
DA:139,0
DA:140,0
DA:141,0
DA:146,0
DA:148,0
DA:149,0
DA:152,0
DA:153,0
DA:154,0
DA:155,0
DA:158,0
DA:159,0
DA:163,0
DA:164,0
DA:167,0
DA:168,0
DA:173,0
DA:175,0
DA:176,0
DA:178,0
DA:179,0
DA:183,0
DA:185,0
DA:186,0
DA:188,0
DA:189,0
DA:193,0
DA:194,0
DA:196,0
DA:197,0
DA:202,0
DA:203,0
DA:204,0
DA:205,0
DA:206,0
DA:210,0
DA:212,0
DA:213,0
DA:214,0
DA:215,0
DA:217,0
DA:218,0
DA:219,0
DA:221,0
DA:222,0
DA:223,0
DA:224,0
DA:225,0
DA:226,0
DA:227,0
DA:228,0
DA:229,0
DA:231,0
DA:232,0
DA:233,0
DA:234,0
DA:235,0
DA:236,0
DA:237,0
DA:239,0
DA:240,0
DA:241,0
DA:242,0
DA:244,0
DA:245,0
DA:246,0
DA:247,0
DA:248,0
DA:250,0
DA:253,0
DA:255,0
DA:256,0
DA:257,0
DA:258,0
DA:260,0
DA:261,0
DA:262,0
DA:268,0
DA:269,0
DA:272,0
DA:275,0
DA:276,0
DA:277,0
DA:287,0
DA:289,4
DA:291,4
DA:293,4
DA:295,4
DA:300,4
DA:308,0
DA:315,0
DA:316,0
DA:333,0
DA:335,0
DA:336,0
DA:337,0
DA:338,0
DA:339,0
DA:340,0
DA:341,0
DA:342,0
DA:344,0
DA:345,0
DA:346,0
DA:347,0
DA:348,0
DA:349,0
DA:351,0
DA:363,0
DA:365,0
DA:367,0
DA:371,0
DA:372,0
LF:144
LH:5
end_of_record
SF:lib\src\controls\inputs\split_button.dart
DA:22,0
DA:26,0
DA:27,0
DA:38,0
DA:40,0
DA:42,0
DA:43,0
DA:46,0
DA:48,0
DA:49,0
DA:50,0
DA:51,0
DA:53,0
DA:54,0
DA:55,0
DA:56,0
DA:57,0
DA:58,0
DA:59,0
DA:60,0
DA:61,0
DA:62,0
DA:63,0
DA:66,0
DA:67,0
DA:68,0
DA:70,0
DA:71,0
DA:76,0
DA:78,0
DA:80,0
DA:83,0
DA:84,0
DA:85,0
DA:96,0
DA:100,0
DA:106,0
DA:111,0
DA:112,0
DA:114,0
DA:130,0
DA:131,0
DA:132,0
DA:133,0
DA:137,0
DA:140,0
DA:141,0
DA:144,0
DA:146,0
DA:149,0
DA:151,0
DA:163,6
DA:170,0
DA:171,0
DA:172,0
DA:174,0
DA:175,0
DA:177,0
DA:178,0
DA:183,2
DA:188,2
DA:189,6
DA:190,6
DA:192,6
DA:194,6
DA:198,0
DA:199,0
DA:200,0
DA:201,0
DA:202,0
DA:203,0
DA:207,0
DA:209,0
DA:211,0
DA:212,0
DA:213,0
DA:214,0
DA:215,0
LF:78
LH:7
end_of_record
SF:lib\src\controls\inputs\toggle_button.dart
DA:11,0
DA:20,0
DA:44,0
DA:46,0
DA:47,0
DA:49,0
DA:52,0
DA:53,0
DA:55,0
DA:56,0
DA:57,0
DA:58,0
DA:59,0
DA:62,0
DA:64,0
DA:65,0
DA:66,0
DA:67,0
DA:68,0
DA:69,0
DA:70,0
DA:71,0
DA:84,0
DA:88,0
DA:95,0
DA:100,0
DA:101,0
DA:103,0
DA:109,0
DA:111,0
DA:112,0
DA:124,0
DA:125,0
DA:126,0
DA:130,0
DA:132,0
DA:135,0
DA:137,0
DA:145,6
DA:150,0
DA:151,0
DA:152,0
DA:153,0
DA:154,0
DA:156,0
DA:157,0
DA:158,0
DA:160,0
DA:161,0
DA:162,0
DA:164,0
DA:165,0
DA:166,0
DA:167,0
DA:172,0
DA:178,2
DA:183,2
DA:185,6
DA:187,6
DA:191,0
DA:193,0
DA:194,0
DA:195,0
DA:199,0
DA:201,0
DA:203,0
DA:204,0
DA:205,0
DA:206,0
LF:69
LH:5
end_of_record
SF:lib\src\controls\inputs\toggle_switch.dart
DA:26,0
DA:36,0
DA:74,0
DA:76,0
DA:78,0
DA:79,0
DA:80,0
DA:81,0
DA:82,0
DA:83,0
DA:84,0
DA:87,0
DA:88,0
DA:92,0
DA:97,0
DA:99,0
DA:100,0
DA:101,0
DA:107,0
DA:109,0
DA:111,0
DA:112,0
DA:113,0
DA:114,0
DA:115,0
DA:116,0
DA:117,0
DA:118,0
DA:119,0
DA:120,0
DA:121,0
DA:122,0
DA:124,0
DA:125,0
DA:126,0
DA:127,0
DA:129,0
DA:130,0
DA:131,0
DA:132,0
DA:133,0
DA:135,0
DA:137,0
DA:138,0
DA:139,0
DA:143,0
DA:144,0
DA:145,0
DA:146,0
DA:149,0
DA:150,0
DA:151,0
DA:152,0
DA:153,0
DA:154,0
DA:155,0
DA:156,0
DA:157,0
DA:159,0
DA:162,0
DA:163,0
DA:166,0
DA:169,0
DA:170,0
DA:172,0
DA:174,0
DA:182,0
DA:187,0
DA:193,0
DA:196,0
DA:197,0
DA:198,0
DA:199,0
DA:206,0
DA:207,0
DA:208,0
DA:209,0
DA:217,0
DA:221,0
DA:227,0
DA:232,0
DA:233,0
DA:235,0
DA:251,0
DA:252,0
DA:253,0
DA:254,0
DA:258,0
DA:261,0
DA:262,0
DA:265,0
DA:267,0
DA:270,0
DA:272,0
DA:290,6
DA:301,0
DA:302,0
DA:303,0
DA:306,0
DA:307,0
DA:310,0
DA:311,0
DA:312,0
DA:313,0
DA:314,0
DA:315,0
DA:318,0
DA:324,0
DA:325,0
DA:326,0
DA:327,0
DA:329,0
DA:331,0
DA:332,0
DA:333,0
DA:340,0
DA:341,0
DA:342,0
DA:343,0
DA:344,0
DA:345,0
DA:346,0
DA:351,0
DA:352,0
DA:353,0
DA:354,0
DA:355,0
DA:363,2
DA:368,2
DA:369,6
DA:370,6
DA:371,4
DA:372,4
DA:373,2
DA:374,4
DA:375,2
DA:376,4
DA:377,2
DA:378,2
DA:379,4
DA:380,2
DA:381,4
DA:385,0
DA:386,0
DA:387,0
DA:388,0
DA:389,0
DA:390,0
DA:392,0
DA:394,0
DA:395,0
DA:396,0
DA:400,0
DA:402,0
DA:403,0
DA:405,0
DA:407,0
DA:408,0
DA:409,0
DA:410,0
DA:412,0
DA:414,0
DA:416,0
DA:418,0
DA:420,0
DA:422,0
DA:424,0
LF:167
LH:16
end_of_record
SF:lib\src\controls\inputs\slider.dart
DA:22,0
DA:36,0
DA:37,0
DA:38,0
DA:90,0
DA:91,0
DA:93,0
DA:95,0
DA:97,0
DA:98,0
DA:99,0
DA:100,0
DA:101,0
DA:102,0
DA:103,0
DA:104,0
DA:114,0
DA:116,0
DA:117,0
DA:118,0
DA:121,0
DA:122,0
DA:125,0
DA:127,0
DA:129,0
DA:130,0
DA:133,0
DA:135,0
DA:136,0
DA:137,0
DA:138,0
DA:139,0
DA:140,0
DA:142,0
DA:143,0
DA:144,0
DA:146,0
DA:148,0
DA:152,0
DA:153,0
DA:155,0
DA:157,0
DA:160,0
DA:162,0
DA:164,0
DA:165,0
DA:166,0
DA:169,0
DA:170,0
DA:171,0
DA:172,0
DA:176,0
DA:177,0
DA:178,0
DA:179,0
DA:180,0
DA:181,0
DA:182,0
DA:183,0
DA:185,0
DA:186,0
DA:187,0
DA:189,0
DA:190,0
DA:191,0
DA:192,0
DA:193,0
DA:194,0
DA:200,0
DA:201,0
DA:202,0
DA:203,0
DA:208,0
DA:209,0
DA:220,0
DA:228,0
DA:229,0
DA:231,0
DA:232,0
DA:233,0
DA:242,0
DA:269,0
DA:288,0
DA:290,0
DA:291,0
DA:294,0
DA:309,0
DA:310,0
DA:312,0
DA:313,0
DA:314,0
DA:315,0
DA:317,0
DA:318,0
DA:319,0
DA:322,0
DA:323,0
DA:325,0
DA:326,0
DA:327,0
DA:328,0
DA:329,0
DA:330,0
DA:331,0
DA:332,0
DA:333,0
DA:334,0
DA:337,0
DA:338,0
DA:339,0
DA:342,0
DA:343,0
DA:344,0
DA:345,0
DA:346,0
DA:348,0
DA:349,0
DA:350,0
DA:353,0
DA:354,0
DA:358,0
DA:360,0
DA:361,0
DA:375,0
DA:379,0
DA:386,0
DA:391,0
DA:392,0
DA:394,0
DA:400,0
DA:401,0
DA:402,0
DA:414,0
DA:415,0
DA:416,0
DA:420,0
DA:422,0
DA:425,0
DA:426,0
DA:445,6
DA:457,0
DA:458,0
DA:459,0
DA:460,0
DA:461,0
DA:463,0
DA:464,0
DA:465,0
DA:472,2
DA:474,2
DA:475,6
DA:476,6
DA:477,6
DA:478,6
DA:480,6
DA:482,6
DA:484,6
DA:486,6
DA:487,4
DA:491,0
DA:492,0
DA:493,0
DA:494,0
DA:495,0
DA:496,0
DA:497,0
DA:499,0
DA:500,0
DA:501,0
DA:502,0
DA:506,0
DA:508,0
DA:509,0
DA:510,0
DA:511,0
DA:512,0
DA:513,0
DA:515,0
DA:516,0
DA:517,0
DA:526,0
DA:531,0
DA:533,0
DA:540,0
DA:541,0
DA:542,0
DA:545,0
DA:560,0
DA:561,0
DA:562,0
DA:570,0
DA:578,0
DA:588,0
DA:589,0
DA:590,0
DA:591,0
DA:595,0
DA:603,0
DA:607,0
DA:611,0
DA:618,0
DA:619,0
DA:621,0
DA:622,0
DA:624,0
DA:625,0
DA:626,0
DA:627,0
DA:629,0
DA:633,0
DA:639,0
DA:641,0
DA:644,0
DA:655,0
DA:659,0
DA:661,0
DA:666,0
DA:675,0
DA:676,0
DA:677,0
DA:678,0
DA:683,0
DA:684,0
DA:685,0
DA:689,0
DA:691,0
DA:695,0
DA:696,0
DA:697,0
DA:699,0
DA:701,0
DA:703,0
DA:704,0
DA:705,0
DA:706,0
DA:707,0
DA:709,0
DA:713,0
DA:714,0
DA:715,0
DA:717,0
DA:718,0
DA:719,0
DA:720,0
LF:244
LH:12
end_of_record
SF:lib\src\controls\navigation\navigation_view\indicators.dart
DA:20,0
DA:29,0
DA:55,0
DA:57,0
DA:58,0
DA:59,0
DA:61,0
DA:62,0
DA:65,0
DA:66,0
DA:73,0
DA:75,0
DA:76,0
DA:77,0
DA:78,0
DA:82,0
DA:83,0
DA:84,0
DA:85,0
DA:86,0
DA:87,0
DA:88,0
DA:93,0
DA:95,0
DA:101,0
DA:110,0
DA:121,0
DA:122,0
DA:127,0
DA:129,0
DA:130,0
DA:131,0
DA:132,0
DA:133,0
DA:134,0
DA:135,0
DA:136,0
DA:138,0
DA:140,0
DA:141,0
DA:142,0
DA:146,0
DA:147,0
DA:148,0
DA:155,0
DA:156,0
DA:157,0
DA:158,0
DA:159,0
DA:160,0
DA:166,0
DA:167,0
DA:168,0
DA:169,0
DA:186,0
DA:196,0
DA:210,0
DA:212,0
DA:237,0
DA:239,0
DA:240,0
DA:241,0
DA:242,0
DA:246,0
DA:249,0
DA:251,0
DA:252,0
DA:255,0
DA:256,0
DA:257,0
DA:258,0
DA:259,0
DA:260,0
DA:261,0
DA:263,0
DA:264,0
DA:266,0
DA:268,0
DA:269,0
DA:270,0
DA:273,0
DA:275,0
DA:277,0
DA:278,0
DA:280,0
DA:281,0
DA:282,0
DA:284,0
DA:285,0
DA:287,0
DA:288,0
DA:290,0
DA:291,0
DA:294,0
DA:295,0
DA:298,0
DA:300,0
DA:301,0
DA:302,0
DA:303,0
DA:304,0
DA:308,0
DA:309,0
DA:310,0
DA:311,0
DA:312,0
DA:315,0
DA:318,0
DA:320,0
DA:321,0
DA:322,0
DA:323,0
DA:324,0
DA:325,0
DA:326,0
DA:327,0
DA:328,0
DA:329,0
DA:330,0
DA:331,0
DA:333,0
DA:334,0
DA:335,0
DA:336,0
DA:337,0
DA:338,0
DA:339,0
DA:340,0
DA:341,0
DA:343,0
DA:368,0
DA:382,0
DA:384,0
DA:385,0
DA:386,0
DA:387,0
DA:388,0
DA:389,0
DA:390,0
DA:392,0
DA:396,0
DA:397,0
DA:398,0
DA:399,0
DA:400,0
DA:404,0
DA:405,0
DA:406,0
DA:407,0
DA:414,0
DA:416,0
DA:417,0
DA:418,0
DA:419,0
DA:420,0
DA:421,0
DA:422,0
DA:423,0
DA:424,0
DA:427,0
DA:432,0
DA:433,0
DA:434,0
DA:436,0
LF:164
LH:0
end_of_record
SF:lib\src\controls\navigation\navigation_view\pane_items.dart
DA:6,1
DA:24,1
DA:66,1
DA:75,0
DA:77,1
DA:79,1
DA:81,5
DA:83,1
DA:84,1
DA:85,1
DA:87,1
DA:88,1
DA:90,0
DA:91,2
DA:92,1
DA:93,1
DA:94,1
DA:95,1
DA:104,1
DA:106,1
DA:107,1
DA:108,1
DA:111,1
DA:112,1
DA:113,1
DA:114,1
DA:116,0
DA:117,1
DA:118,1
DA:121,2
DA:122,1
DA:123,0
DA:126,0
DA:127,0
DA:128,0
DA:131,0
DA:136,1
DA:137,1
DA:141,0
DA:142,0
DA:143,0
DA:144,0
DA:146,0
DA:147,0
DA:148,0
DA:149,0
DA:150,0
DA:152,0
DA:153,0
DA:154,0
DA:157,0
DA:160,0
DA:161,0
DA:162,0
DA:164,0
DA:168,0
DA:169,0
DA:170,0
DA:171,0
DA:172,0
DA:173,0
DA:174,0
DA:176,0
DA:177,0
DA:178,0
DA:181,0
DA:187,0
DA:188,0
DA:190,0
DA:191,0
DA:194,0
DA:198,0
DA:200,0
DA:204,1
DA:205,1
DA:207,1
DA:208,1
DA:210,1
DA:211,1
DA:212,1
DA:214,1
DA:215,1
DA:216,1
DA:217,2
DA:220,1
DA:221,1
DA:225,2
DA:226,1
DA:227,0
DA:229,1
DA:230,1
DA:232,1
DA:233,1
DA:235,1
DA:236,1
DA:239,1
DA:241,1
DA:242,4
DA:244,1
DA:248,0
DA:249,1
DA:250,1
DA:270,0
DA:278,0
DA:279,0
DA:280,0
DA:282,0
DA:283,0
DA:284,0
DA:307,0
DA:315,0
DA:316,0
DA:317,0
DA:318,0
DA:319,0
DA:320,0
DA:321,0
DA:322,0
DA:323,0
DA:348,0
DA:355,0
DA:366,0
DA:375,0
DA:378,0
DA:388,0
DA:389,0
DA:391,0
DA:393,0
DA:394,0
DA:396,0
DA:398,0
DA:399,0
DA:401,0
DA:405,0
DA:406,0
DA:407,0
DA:409,0
DA:410,0
DA:411,0
LF:139
LH:57
end_of_record
SF:lib\src\controls\navigation\navigation_view\pane.dart
DA:10,4
DA:70,1
DA:85,0
DA:170,1
DA:176,1
DA:177,0
DA:178,0
DA:181,0
DA:182,0
DA:184,0
DA:185,0
DA:186,0
DA:187,0
DA:189,0
DA:190,0
DA:192,0
DA:196,0
DA:198,0
DA:199,0
DA:200,0
DA:201,0
DA:202,0
DA:204,0
DA:205,0
DA:207,0
DA:212,0
DA:213,0
DA:216,0
DA:217,0
DA:218,0
DA:222,0
DA:223,0
DA:227,0
DA:228,0
DA:231,1
DA:238,1
DA:239,1
DA:240,1
DA:242,1
DA:245,1
DA:303,0
DA:310,0
DA:312,0
DA:318,0
DA:354,0
DA:359,0
DA:366,0
DA:367,0
DA:368,0
DA:369,0
DA:370,0
DA:371,0
DA:372,0
DA:373,0
DA:376,0
DA:377,0
DA:379,0
DA:382,0
DA:383,0
DA:388,0
DA:390,0
DA:391,0
DA:392,0
DA:393,0
DA:395,0
DA:397,0
DA:398,0
DA:399,0
DA:400,0
DA:401,0
DA:402,0
DA:403,0
DA:406,0
DA:411,0
DA:412,0
DA:413,0
DA:416,0
DA:417,0
DA:418,0
DA:419,0
DA:425,0
DA:426,0
DA:432,0
DA:434,0
DA:435,0
DA:445,1
DA:451,2
DA:459,0
DA:460,0
DA:461,0
DA:464,0
DA:465,0
DA:466,0
DA:467,0
DA:468,0
DA:471,0
DA:472,0
DA:476,0
DA:477,0
DA:482,1
DA:484,1
DA:485,1
DA:488,2
DA:489,1
DA:490,1
DA:491,1
DA:492,1
DA:493,2
DA:494,3
DA:496,1
DA:497,1
DA:498,2
DA:501,2
DA:502,1
DA:503,2
DA:504,1
DA:505,1
DA:507,3
DA:508,1
DA:509,0
DA:510,0
DA:516,1
DA:518,0
DA:520,0
DA:521,0
DA:522,0
DA:523,0
DA:526,0
DA:527,0
DA:531,1
DA:532,1
DA:533,1
DA:534,2
DA:536,3
DA:537,3
DA:538,0
DA:543,3
DA:544,0
DA:554,0
DA:562,0
DA:573,0
DA:580,0
DA:581,0
DA:582,0
DA:583,0
DA:584,0
DA:585,0
DA:586,0
DA:589,0
DA:590,0
DA:591,0
DA:596,0
DA:597,0
DA:602,0
DA:603,0
DA:610,0
DA:612,0
DA:614,0
DA:615,0
DA:617,0
DA:619,0
DA:622,0
DA:624,0
DA:625,0
DA:628,0
DA:630,0
DA:632,0
DA:633,0
DA:634,0
DA:635,0
DA:637,0
DA:638,0
DA:639,0
DA:640,0
DA:645,0
DA:647,0
DA:648,0
DA:649,0
DA:650,0
DA:652,0
DA:653,0
DA:654,0
DA:657,0
DA:659,0
DA:660,0
DA:661,0
DA:665,0
DA:667,0
DA:668,0
DA:669,0
DA:670,0
DA:674,0
DA:675,0
DA:676,0
DA:678,0
DA:679,0
DA:680,0
DA:688,0
DA:690,0
DA:691,0
DA:692,0
DA:696,0
DA:698,0
DA:699,0
DA:700,0
DA:701,0
DA:703,0
DA:704,0
DA:705,0
DA:706,0
DA:711,0
DA:712,0
DA:713,0
LF:213
LH:40
end_of_record
SF:lib\src\controls\navigation\navigation_view\body.dart
DA:14,0
DA:21,0
DA:25,0
DA:30,0
DA:38,0
DA:41,0
DA:78,0
DA:80,0
DA:81,0
DA:82,0
DA:83,0
DA:85,0
DA:86,0
DA:90,0
DA:91,0
DA:97,0
DA:99,0
DA:100,0
DA:103,0
DA:105,0
DA:106,0
DA:109,0
DA:111,0
DA:112,0
DA:113,0
DA:114,0
DA:115,0
DA:116,0
DA:117,0
DA:119,0
DA:120,0
DA:121,0
DA:123,0
DA:124,0
DA:126,0
DA:127,0
DA:128,0
DA:131,0
DA:132,0
DA:137,0
DA:142,0
DA:145,0
DA:149,0
DA:150,0
DA:151,0
DA:152,0
DA:162,1
DA:167,1
DA:172,0
DA:173,0
DA:176,0
DA:178,0
DA:179,0
LF:53
LH:2
end_of_record
SF:lib\src\controls\navigation\navigation_view\view.dart
DA:35,1
DA:44,1
DA:69,0
DA:70,0
DA:73,0
DA:75,0
DA:76,0
DA:77,0
DA:80,1
DA:81,1
DA:104,1
DA:106,1
DA:107,2
DA:108,3
DA:113,0
DA:115,0
DA:116,0
DA:117,0
DA:121,1
DA:123,2
DA:124,1
DA:127,1
DA:129,1
DA:130,1
DA:132,1
DA:133,1
DA:134,3
DA:136,1
DA:137,2
DA:138,0
DA:139,0
DA:140,0
DA:141,0
DA:143,0
DA:146,0
DA:147,0
DA:151,0
DA:152,0
DA:153,0
DA:158,1
DA:159,1
DA:160,2
DA:162,1
DA:164,1
DA:165,1
DA:167,2
DA:168,2
DA:169,1
DA:170,0
DA:171,0
DA:173,0
DA:175,0
DA:176,0
DA:177,0
DA:178,0
DA:183,2
DA:194,2
DA:195,1
DA:198,1
DA:200,1
DA:202,1
DA:206,1
DA:211,1
DA:212,2
DA:213,2
DA:214,2
DA:215,2
DA:216,1
DA:217,0
DA:218,1
DA:219,1
DA:220,1
DA:221,1
DA:222,1
DA:223,1
DA:224,1
DA:225,1
DA:226,1
DA:227,1
DA:228,1
DA:229,1
DA:233,2
DA:234,1
DA:235,1
DA:237,3
DA:245,1
DA:246,2
DA:247,0
DA:248,1
DA:250,1
DA:253,1
DA:254,2
DA:255,1
DA:256,2
DA:260,2
DA:261,0
DA:263,1
DA:264,1
DA:265,0
DA:267,0
DA:268,0
DA:269,0
DA:271,0
DA:272,0
DA:273,0
DA:276,0
DA:279,1
DA:280,0
DA:281,0
DA:285,1
DA:288,1
DA:290,2
DA:291,1
DA:292,1
DA:293,1
DA:294,2
DA:297,1
DA:305,1
DA:306,0
DA:307,0
DA:309,0
DA:310,0
DA:311,0
DA:317,1
DA:318,1
DA:319,1
DA:321,0
DA:322,0
DA:323,0
DA:326,0
DA:329,0
DA:330,0
DA:331,0
DA:337,1
DA:338,0
DA:339,0
DA:341,0
DA:342,0
DA:343,0
DA:347,0
DA:351,0
DA:354,0
DA:355,0
DA:356,0
DA:363,1
DA:365,1
DA:366,1
DA:367,1
DA:369,1
DA:370,1
DA:371,1
DA:377,1
DA:379,1
DA:382,0
DA:383,0
DA:385,0
DA:386,0
DA:387,0
DA:388,0
DA:389,0
DA:392,0
DA:393,0
DA:394,0
DA:397,0
DA:402,0
DA:403,0
DA:404,0
DA:405,0
DA:411,0
DA:412,0
DA:413,0
DA:414,0
DA:415,0
DA:417,0
DA:418,0
DA:419,0
DA:425,0
DA:426,0
DA:427,0
DA:428,0
DA:430,0
DA:431,0
DA:432,0
DA:433,0
DA:434,0
DA:436,0
DA:437,0
DA:438,0
DA:442,0
DA:446,0
DA:449,0
DA:450,0
DA:451,0
DA:452,0
DA:453,0
DA:460,0
DA:468,0
DA:470,0
DA:473,1
DA:474,1
DA:475,1
DA:476,1
DA:478,3
DA:479,1
DA:528,0
DA:538,0
DA:540,0
DA:541,0
DA:543,0
DA:547,0
DA:548,0
DA:550,0
DA:555,0
DA:560,0
DA:561,0
DA:563,0
DA:564,0
DA:566,0
DA:568,0
DA:569,0
DA:570,0
DA:571,0
DA:572,0
DA:573,0
DA:574,0
DA:575,0
DA:576,0
DA:577,0
DA:578,0
DA:582,0
DA:583,0
DA:585,0
DA:588,0
DA:589,0
DA:591,0
DA:592,0
DA:603,0
DA:604,0
DA:609,0
DA:614,0
DA:620,0
DA:622,0
DA:623,0
DA:625,0
DA:627,0
DA:628,0
DA:630,0
DA:631,0
DA:632,0
DA:633,0
DA:634,0
DA:635,0
DA:636,0
DA:637,0
DA:638,0
DA:641,0
DA:642,0
DA:646,0
DA:652,0
DA:655,0
DA:656,0
DA:658,0
DA:659,0
DA:660,0
DA:663,0
DA:664,0
DA:665,0
DA:667,0
DA:669,0
DA:671,0
DA:674,0
DA:675,0
DA:676,0
DA:681,0
DA:683,0
DA:686,0
DA:688,0
DA:689,0
DA:696,0
DA:697,0
DA:698,0
DA:699,0
LF:282
LH:97
end_of_record
SF:lib\src\controls\navigation\navigation_view\style.dart
DA:11,0
DA:15,0
DA:22,0
DA:27,0
DA:28,0
DA:30,0
DA:36,1
DA:38,1
DA:39,2
DA:51,1
DA:52,3
DA:53,1
DA:57,0
DA:59,0
DA:62,0
DA:64,0
DA:94,4
DA:109,4
DA:118,4
DA:122,4
DA:127,4
DA:128,4
DA:129,0
DA:131,5
DA:132,2
DA:139,2
DA:144,2
DA:145,6
DA:146,6
DA:147,6
DA:148,6
DA:150,6
DA:151,2
DA:152,4
DA:153,2
DA:154,4
DA:155,6
DA:156,4
DA:157,4
DA:158,2
DA:159,2
DA:160,4
DA:161,2
DA:162,4
DA:166,1
DA:167,1
DA:168,1
DA:169,1
DA:170,2
DA:171,1
DA:172,1
DA:173,1
DA:174,1
DA:175,1
DA:176,1
DA:177,1
DA:178,2
DA:179,2
DA:183,0
DA:185,0
DA:186,0
DA:187,0
DA:188,0
DA:189,0
DA:190,0
DA:191,0
DA:192,0
DA:193,0
DA:195,0
DA:196,0
DA:198,0
DA:199,0
DA:201,0
LF:73
LH:47
end_of_record
SF:lib\src\controls\navigation\tab_view.dart
DA:13,4
DA:25,4
DA:54,0
DA:72,0
DA:73,0
DA:147,0
DA:151,0
DA:153,0
DA:154,0
DA:156,0
DA:158,0
DA:159,0
DA:160,0
DA:162,0
DA:165,0
DA:166,0
DA:168,0
DA:171,0
DA:173,0
DA:176,0
DA:177,0
DA:179,0
DA:182,0
DA:184,0
DA:187,0
DA:195,0
DA:197,0
DA:198,0
DA:199,0
DA:200,0
DA:203,0
DA:204,0
DA:207,0
DA:208,0
DA:211,0
DA:213,0
DA:214,0
DA:215,0
DA:217,0
DA:218,0
DA:222,0
DA:224,0
DA:226,0
DA:228,0
DA:231,0
DA:236,0
DA:237,0
DA:239,0
DA:240,0
DA:241,0
DA:243,0
DA:244,0
DA:245,0
DA:246,0
DA:247,0
DA:249,0
DA:250,0
DA:251,0
DA:252,0
DA:253,0
DA:255,0
DA:256,0
DA:259,0
DA:260,0
DA:261,0
DA:262,0
DA:263,0
DA:264,0
DA:269,0
DA:272,0
DA:273,0
DA:278,0
DA:284,0
DA:286,0
DA:287,0
DA:289,0
DA:292,0
DA:293,0
DA:294,0
DA:295,0
DA:297,0
DA:300,0
DA:301,0
DA:302,0
DA:303,0
DA:305,0
DA:313,0
DA:319,0
DA:320,0
DA:322,0
DA:324,0
DA:327,0
DA:335,0
DA:337,0
DA:338,0
DA:339,0
DA:340,0
DA:343,0
DA:345,0
DA:346,0
DA:351,0
DA:352,0
DA:353,0
DA:354,0
DA:356,0
DA:358,0
DA:361,0
DA:362,0
DA:363,0
DA:365,0
DA:370,0
DA:371,0
DA:372,0
DA:374,0
DA:375,0
DA:376,0
DA:377,0
DA:378,0
DA:379,0
DA:384,0
DA:392,0
DA:396,0
DA:397,0
DA:398,0
DA:400,0
DA:401,0
DA:404,0
DA:405,0
DA:414,0
DA:415,0
DA:417,0
DA:418,0
DA:419,0
DA:422,0
DA:423,0
DA:424,0
DA:427,0
DA:430,0
DA:432,0
DA:435,0
DA:436,0
DA:439,0
DA:440,0
DA:441,0
DA:444,0
DA:446,0
DA:447,0
DA:449,0
DA:450,0
DA:451,0
DA:456,0
DA:457,0
DA:459,0
DA:461,0
DA:467,0
DA:468,0
DA:470,0
DA:471,0
DA:472,0
DA:475,0
DA:476,0
DA:477,0
DA:479,0
DA:481,0
DA:482,0
DA:484,0
DA:485,0
DA:486,0
DA:487,0
DA:498,0
DA:500,0
DA:501,0
DA:503,0
DA:504,0
DA:506,0
DA:507,0
DA:522,0
DA:549,0
DA:560,0
DA:572,0
DA:573,0
DA:580,0
DA:582,0
DA:583,0
DA:585,0
DA:587,0
DA:590,0
DA:592,0
DA:593,0
DA:596,0
DA:598,0
DA:599,0
DA:602,0
DA:604,0
DA:605,0
DA:606,0
DA:607,0
DA:610,0
DA:611,0
DA:612,0
DA:613,0
DA:615,0
DA:616,0
DA:617,0
DA:618,0
DA:619,0
DA:620,0
DA:621,0
DA:622,0
DA:624,0
DA:628,0
DA:633,0
DA:634,0
DA:635,0
DA:636,0
DA:638,0
DA:641,0
DA:643,0
DA:645,0
DA:646,0
DA:647,0
DA:649,0
DA:650,0
DA:651,0
DA:653,0
DA:655,0
DA:656,0
DA:657,0
DA:658,0
DA:659,0
DA:662,0
DA:663,0
DA:664,0
DA:666,0
DA:671,0
DA:674,0
DA:675,0
DA:677,0
DA:679,0
DA:680,0
DA:682,0
DA:687,0
DA:688,0
DA:689,0
DA:690,0
DA:691,0
DA:699,0
DA:700,0
DA:702,0
DA:706,0
DA:709,0
DA:715,0
DA:716,0
DA:718,0
DA:724,0
DA:725,0
DA:727,0
DA:728,0
DA:734,0
DA:741,0
DA:743,0
DA:745,0
DA:748,0
DA:749,0
DA:750,0
DA:751,0
DA:752,0
DA:753,0
DA:754,0
DA:755,0
DA:756,0
DA:757,0
DA:758,0
DA:759,0
DA:761,0
DA:764,0
DA:765,0
DA:767,0
LF:278
LH:2
end_of_record
SF:lib\src\controls\navigation\tree_view.dart
DA:15,4
DA:71,0
DA:121,0
DA:136,0
DA:139,0
DA:140,0
DA:146,0
DA:147,0
DA:149,0
DA:150,0
DA:151,0
DA:152,0
DA:164,0
DA:165,0
DA:166,0
DA:167,0
DA:168,0
DA:176,0
DA:177,0
DA:178,0
DA:179,0
DA:180,0
DA:181,0
DA:182,0
DA:187,0
DA:192,0
DA:193,0
DA:195,0
DA:197,0
DA:202,0
DA:205,0
DA:207,0
DA:209,0
DA:210,0
DA:211,0
DA:212,0
DA:213,0
DA:214,0
DA:215,0
DA:216,0
DA:217,0
DA:218,0
DA:219,0
DA:220,0
DA:221,0
DA:222,0
DA:228,0
DA:232,0
DA:233,0
DA:234,0
DA:235,0
DA:236,0
DA:238,0
DA:240,0
DA:242,0
DA:243,0
DA:244,0
DA:245,0
DA:246,0
DA:256,0
DA:257,0
DA:258,0
DA:259,0
DA:290,0
DA:296,0
DA:297,0
DA:318,0
DA:319,0
DA:321,0
DA:323,0
DA:325,0
DA:327,0
DA:334,0
DA:336,0
DA:337,0
DA:340,0
DA:342,0
DA:343,0
DA:344,0
DA:348,0
DA:350,0
DA:351,0
DA:354,0
DA:356,0
DA:357,0
DA:359,0
DA:362,0
DA:363,0
DA:365,0
DA:366,0
DA:368,0
DA:369,0
DA:370,0
DA:371,0
DA:372,0
DA:373,0
DA:374,0
DA:376,0
DA:379,0
DA:380,0
DA:382,0
DA:384,0
DA:385,0
DA:386,0
DA:388,0
DA:391,0
DA:392,0
DA:393,0
DA:395,0
DA:403,0
DA:404,0
DA:405,0
DA:406,0
DA:407,0
DA:408,0
DA:412,0
DA:413,0
DA:420,0
DA:421,0
DA:422,0
DA:423,0
DA:429,0
DA:437,0
DA:446,0
DA:448,0
DA:449,0
DA:450,0
DA:451,0
DA:452,0
DA:453,0
DA:454,0
DA:455,0
DA:456,0
DA:457,0
DA:459,0
DA:460,0
DA:461,0
DA:462,0
DA:467,0
DA:468,0
DA:469,0
DA:470,0
DA:472,0
DA:473,0
DA:474,0
DA:476,0
DA:477,0
DA:478,0
DA:480,0
DA:483,0
DA:485,0
DA:486,0
DA:487,0
DA:488,0
DA:491,0
DA:493,0
DA:495,0
DA:496,0
DA:497,0
DA:499,0
DA:500,0
DA:501,0
DA:502,0
DA:503,0
DA:507,0
DA:508,0
DA:509,0
DA:511,0
DA:513,0
DA:514,0
DA:515,0
DA:519,0
DA:522,0
DA:523,0
DA:526,0
DA:528,0
DA:531,0
DA:533,0
DA:534,0
DA:536,0
DA:537,0
DA:540,0
DA:546,0
DA:547,0
DA:551,0
DA:553,0
DA:554,0
DA:555,0
LF:188
LH:1
end_of_record
SF:lib\src\controls\surfaces\calendar\calendar_view.dart
DA:18,0
DA:20,0
LF:2
LH:0
end_of_record
SF:lib\src\controls\surfaces\bottom_sheet.dart
DA:44,0
DA:55,0
DA:56,0
DA:107,0
DA:108,0
DA:116,0
DA:117,0
DA:129,0
DA:131,0
DA:132,0
DA:135,0
DA:136,0
DA:138,0
DA:139,0
DA:142,0
DA:143,0
DA:144,0
DA:145,0
DA:148,0
DA:149,0
DA:150,0
DA:152,0
DA:154,0
DA:155,0
DA:156,0
DA:158,0
DA:161,0
DA:162,0
DA:163,0
DA:167,0
DA:170,0
DA:176,0
DA:180,0
DA:181,0
DA:182,0
DA:187,0
DA:189,0
DA:191,0
DA:193,0
DA:194,0
DA:196,0
DA:199,0
DA:200,0
DA:201,0
DA:204,0
DA:205,0
DA:206,0
DA:210,0
DA:211,0
DA:212,0
DA:216,0
DA:218,0
DA:219,0
DA:220,0
DA:221,0
DA:229,0
DA:234,0
DA:236,0
DA:237,0
DA:238,0
DA:240,0
DA:241,0
DA:242,0
DA:246,0
DA:248,0
DA:251,0
DA:253,0
DA:258,0
DA:266,0
DA:275,0
DA:276,0
DA:282,0
DA:283,0
DA:284,0
DA:285,0
DA:287,0
DA:288,0
DA:289,0
DA:290,0
DA:291,0
DA:295,0
DA:297,0
DA:300,0
DA:302,0
DA:303,0
DA:308,0
DA:310,0
DA:311,0
DA:312,0
DA:313,0
DA:314,0
DA:316,0
DA:317,0
DA:318,0
DA:319,0
DA:320,0
DA:321,0
DA:322,0
DA:325,0
DA:326,0
DA:327,0
DA:328,0
DA:329,0
DA:330,0
DA:331,0
DA:333,0
DA:336,0
DA:337,0
DA:339,0
DA:341,0
DA:346,0
DA:347,0
DA:348,0
DA:350,0
DA:362,0
DA:375,0
DA:388,0
DA:391,0
DA:394,0
DA:395,0
DA:400,0
DA:401,0
DA:405,0
DA:407,0
DA:408,0
DA:409,0
DA:410,0
DA:413,0
DA:418,0
DA:421,0
DA:422,0
DA:423,0
DA:424,0
DA:426,0
DA:427,0
DA:428,0
DA:429,0
DA:430,0
DA:435,0
DA:457,0
DA:470,0
DA:472,0
DA:473,0
DA:475,0
DA:479,0
DA:483,0
DA:484,0
DA:485,0
DA:488,0
DA:490,0
DA:582,0
DA:596,0
DA:597,0
DA:600,0
DA:601,0
DA:604,0
DA:606,0
DA:619,0
DA:627,0
DA:638,0
DA:641,0
DA:642,0
DA:643,0
DA:644,0
DA:645,0
DA:687,0
DA:688,0
DA:689,0
DA:690,0
DA:692,0
DA:694,0
DA:697,0
DA:698,0
DA:699,0
DA:706,0
DA:708,0
DA:709,0
DA:710,0
DA:712,0
DA:713,0
DA:714,0
DA:715,0
DA:716,0
DA:717,0
DA:718,0
DA:719,0
DA:720,0
DA:721,0
DA:722,0
DA:723,0
DA:724,0
DA:729,0
DA:730,0
DA:732,0
DA:735,0
DA:736,0
DA:737,0
DA:742,0
DA:759,0
DA:763,0
DA:770,0
DA:775,0
DA:776,0
DA:778,0
DA:784,0
DA:786,0
DA:787,0
DA:799,0
DA:800,0
DA:801,0
DA:805,0
DA:807,0
DA:810,0
DA:811,0
DA:820,6
DA:827,0
DA:828,0
DA:829,0
DA:831,0
DA:840,2
DA:845,2
DA:846,6
DA:847,6
DA:848,6
DA:849,6
DA:853,0
DA:855,0
DA:856,0
DA:857,0
DA:858,0
DA:859,0
DA:863,0
DA:865,0
DA:866,0
DA:867,0
DA:868,0
DA:869,0
LF:237
LH:7
end_of_record
SF:lib\src\controls\surfaces\dialog.dart
DA:42,0
DA:50,0
DA:71,0
DA:73,0
DA:75,0
DA:76,0
DA:78,0
DA:79,0
DA:80,0
DA:81,0
DA:84,0
DA:85,0
DA:86,0
DA:87,0
DA:89,0
DA:90,0
DA:91,0
DA:92,0
DA:93,0
DA:94,0
DA:95,0
DA:98,0
DA:99,0
DA:100,0
DA:101,0
DA:102,0
DA:103,0
DA:109,0
DA:110,0
DA:111,0
DA:112,0
DA:113,0
DA:114,0
DA:115,0
DA:116,0
DA:117,0
DA:119,0
DA:122,0
DA:124,0
DA:125,0
DA:126,0
DA:127,0
DA:128,0
DA:129,0
DA:130,0
DA:136,0
DA:138,0
DA:147,0
DA:159,0
DA:160,0
DA:163,0
DA:168,0
DA:172,0
DA:178,0
DA:187,0
DA:188,0
DA:189,0
DA:190,0
DA:195,0
DA:201,0
DA:207,0
DA:208,0
DA:212,0
DA:213,0
DA:214,0
DA:217,0
DA:243,6
DA:257,0
DA:258,0
DA:259,0
DA:260,0
DA:261,0
DA:262,0
DA:267,0
DA:268,0
DA:270,0
DA:273,0
DA:274,0
DA:275,0
DA:279,2
DA:284,2
DA:285,6
DA:286,6
DA:287,6
DA:288,6
DA:290,6
DA:291,6
DA:293,6
DA:295,6
DA:297,6
DA:298,6
DA:299,6
DA:303,0
DA:305,0
DA:306,0
DA:307,0
DA:308,0
DA:309,0
DA:310,0
DA:311,0
DA:312,0
DA:313,0
DA:314,0
DA:315,0
DA:316,0
LF:105
LH:14
end_of_record
SF:lib\src\controls\surfaces\expander.dart
DA:4,4
DA:31,0
DA:46,0
DA:112,0
DA:113,0
DA:121,0
DA:122,0
DA:123,0
DA:128,0
DA:130,0
DA:131,0
DA:132,0
DA:134,0
DA:138,0
DA:139,0
DA:140,0
DA:142,0
DA:143,0
DA:145,0
DA:147,0
DA:149,0
DA:150,0
DA:152,0
DA:154,0
DA:155,0
DA:158,0
DA:160,0
DA:162,0
DA:163,0
DA:166,0
DA:167,0
DA:168,0
DA:169,0
DA:170,0
DA:171,0
DA:173,0
DA:174,0
DA:175,0
DA:176,0
DA:180,0
DA:181,0
DA:182,0
DA:183,0
DA:185,0
DA:187,0
DA:188,0
DA:189,0
DA:194,0
DA:198,0
DA:200,0
DA:201,0
DA:202,0
DA:203,0
DA:204,0
DA:205,0
DA:206,0
DA:208,0
DA:209,0
DA:210,0
DA:211,0
DA:212,0
DA:214,0
DA:216,0
DA:218,0
DA:223,0
DA:224,0
DA:225,0
DA:227,0
DA:229,0
DA:230,0
DA:231,0
DA:233,0
DA:235,0
DA:236,0
DA:237,0
DA:243,0
DA:244,0
DA:245,0
DA:248,0
DA:249,0
DA:250,0
DA:251,0
DA:252,0
DA:253,0
DA:264,0
DA:265,0
DA:266,0
DA:269,0
DA:270,0
DA:272,0
DA:274,0
DA:275,0
DA:279,0
DA:283,0
DA:285,0
LF:95
LH:1
end_of_record
SF:lib\src\controls\surfaces\flyout\flyout.dart
DA:9,0
DA:16,0
DA:25,0
DA:26,0
DA:28,0
DA:30,0
DA:31,0
DA:32,0
DA:34,0
DA:42,0
DA:44,0
DA:45,0
DA:48,0
DA:49,0
DA:50,0
DA:52,0
DA:54,0
DA:58,0
DA:60,0
DA:61,0
DA:64,0
DA:66,0
DA:67,0
DA:68,0
DA:69,0
DA:70,0
DA:71,0
DA:72,0
DA:78,0
DA:86,0
DA:97,0
DA:99,0
DA:100,0
DA:101,0
DA:102,0
DA:104,0
DA:105,0
DA:106,0
DA:107,0
DA:108,0
DA:109,0
DA:113,0
DA:114,0
DA:115,0
DA:116,0
DA:117,0
LF:46
LH:0
end_of_record
SF:lib\src\controls\surfaces\info_bar.dart
DA:12,4
DA:36,0
DA:45,0
DA:67,0
DA:69,0
DA:71,0
DA:72,0
DA:73,0
DA:74,0
DA:77,0
DA:79,0
DA:80,0
DA:81,0
DA:82,0
DA:83,0
DA:84,0
DA:85,0
DA:86,0
DA:87,0
DA:89,0
DA:90,0
DA:91,0
DA:92,0
DA:93,0
DA:96,0
DA:97,0
DA:98,0
DA:99,0
DA:100,0
DA:101,0
DA:103,0
DA:104,0
DA:105,0
DA:106,0
DA:108,0
DA:111,0
DA:112,0
DA:114,0
DA:116,0
DA:118,0
DA:119,0
DA:121,0
DA:124,0
DA:127,0
DA:132,0
DA:140,0
DA:142,0
DA:145,0
DA:147,0
DA:148,0
DA:152,0
DA:153,0
DA:155,0
DA:156,0
DA:157,0
DA:158,0
DA:159,0
DA:160,0
DA:178,0
DA:182,0
DA:189,0
DA:194,0
DA:195,0
DA:197,0
DA:203,0
DA:204,0
DA:205,0
DA:217,0
DA:219,0
DA:220,0
DA:221,0
DA:225,0
DA:227,0
DA:230,0
DA:231,0
DA:248,6
DA:259,0
DA:260,0
DA:261,0
DA:263,0
DA:266,0
DA:269,0
DA:270,0
DA:271,0
DA:273,0
DA:274,0
DA:275,0
DA:277,0
DA:278,0
DA:279,0
DA:282,0
DA:283,0
DA:284,0
DA:285,0
DA:290,0
DA:292,0
DA:294,0
DA:296,0
DA:298,0
DA:302,0
DA:304,0
DA:305,0
DA:306,0
DA:307,0
DA:308,0
DA:309,0
DA:311,0
DA:312,0
DA:315,0
DA:316,0
DA:321,2
DA:326,2
DA:327,6
DA:328,4
DA:330,6
DA:331,4
DA:332,0
DA:333,0
DA:334,0
DA:335,0
DA:339,6
DA:340,0
DA:341,0
DA:342,0
DA:343,0
DA:347,6
DA:351,0
DA:353,0
DA:354,0
DA:355,0
DA:356,0
DA:357,0
DA:358,0
DA:359,0
DA:363,0
DA:365,0
DA:367,0
DA:368,0
DA:369,0
DA:370,0
DA:371,0
DA:373,0
LF:142
LH:10
end_of_record
SF:lib\src\controls\surfaces\list_tile.dart
DA:15,0
DA:26,0
DA:29,0
DA:46,0
DA:48,0
DA:50,0
DA:51,0
DA:52,0
DA:54,0
DA:55,0
DA:57,0
DA:58,0
DA:60,0
DA:64,0
DA:66,0
DA:67,0
DA:68,0
DA:69,0
DA:70,0
DA:71,0
DA:73,0
DA:75,0
DA:78,0
DA:79,0
DA:80,0
DA:81,0
DA:83,0
DA:85,0
DA:86,0
DA:90,0
DA:91,0
DA:92,0
DA:93,0
DA:94,0
DA:99,0
DA:100,0
DA:101,0
DA:102,0
DA:108,0
DA:115,0
DA:128,0
DA:147,0
DA:149,0
DA:150,0
DA:151,0
DA:153,0
DA:157,0
DA:160,0
DA:162,0
DA:163,0
DA:164,0
DA:165,0
DA:166,0
DA:167,0
DA:168,0
DA:169,0
DA:170,0
DA:171,0
DA:172,0
DA:173,0
DA:175,0
DA:176,0
DA:177,0
DA:178,0
DA:179,0
DA:180,0
DA:181,0
DA:182,0
DA:183,0
DA:185,0
LF:70
LH:0
end_of_record
SF:lib\src\controls\surfaces\progress_indicators.dart
DA:22,0
DA:29,0
DA:30,0
DA:31,0
DA:55,0
DA:56,0
DA:58,0
DA:60,0
DA:61,0
DA:62,0
DA:70,0
DA:72,0
DA:73,0
DA:77,0
DA:80,0
DA:82,0
DA:83,0
DA:84,0
DA:85,0
DA:86,0
DA:90,0
DA:92,0
DA:93,0
DA:99,0
DA:101,0
DA:102,0
DA:103,0
DA:104,0
DA:106,0
DA:107,0
DA:108,0
DA:110,0
DA:111,0
DA:112,0
DA:113,0
DA:114,0
DA:115,0
DA:116,0
DA:118,0
DA:119,0
DA:120,0
DA:121,0
DA:122,0
DA:123,0
DA:124,0
DA:125,0
DA:126,0
DA:127,0
DA:128,0
DA:129,0
DA:154,0
DA:167,0
DA:169,0
DA:170,0
DA:173,0
DA:174,0
DA:175,0
DA:176,0
DA:177,0
DA:178,0
DA:183,0
DA:184,0
DA:185,0
DA:186,0
DA:189,0
DA:190,0
DA:191,0
DA:192,0
DA:193,0
DA:202,0
DA:203,0
DA:206,0
DA:207,0
DA:208,0
DA:209,0
DA:213,0
DA:214,0
DA:217,0
DA:218,0
DA:220,0
DA:222,0
DA:223,0
DA:225,0
DA:227,0
DA:228,0
DA:230,0
DA:232,0
DA:233,0
DA:234,0
DA:235,0
DA:237,0
DA:239,0
DA:242,0
DA:245,0
DA:262,4
DA:270,0
DA:271,0
DA:298,0
DA:299,0
DA:301,0
DA:303,0
DA:304,0
DA:305,0
DA:313,0
DA:315,0
DA:316,0
DA:320,0
DA:323,0
DA:325,0
DA:326,0
DA:327,0
DA:328,0
DA:329,0
DA:333,0
DA:335,0
DA:336,0
DA:341,0
DA:343,0
DA:344,0
DA:345,0
DA:350,0
DA:351,0
DA:352,0
DA:353,0
DA:354,0
DA:355,0
DA:356,0
DA:357,0
DA:358,0
DA:359,0
DA:361,0
DA:362,0
DA:363,0
DA:364,0
DA:365,0
DA:366,0
DA:367,0
DA:368,0
DA:369,0
DA:370,0
DA:371,0
DA:372,0
DA:373,0
DA:375,0
DA:381,0
DA:382,0
DA:383,0
DA:384,0
DA:385,0
DA:386,0
DA:387,0
DA:388,0
DA:389,0
DA:390,0
DA:391,0
DA:392,0
DA:395,0
DA:410,0
DA:430,0
DA:433,0
DA:434,0
DA:438,0
DA:439,0
DA:440,0
DA:441,0
DA:443,0
DA:444,0
DA:445,0
DA:446,0
DA:447,0
DA:448,0
DA:449,0
DA:451,0
DA:452,0
DA:453,0
DA:454,0
DA:455,0
DA:461,0
DA:462,0
DA:463,0
DA:464,0
DA:465,0
DA:466,0
DA:468,0
DA:474,0
DA:477,0
DA:478,0
DA:479,0
DA:481,0
DA:482,0
DA:484,0
DA:491,0
DA:493,0
DA:495,0
LF:194
LH:1
end_of_record
SF:lib\src\controls\surfaces\snackbar.dart
DA:31,0
DA:39,0
DA:40,0
DA:41,0
DA:42,0
DA:43,0
DA:44,0
DA:45,0
DA:47,0
DA:49,0
DA:51,0
DA:52,0
DA:53,0
DA:58,0
DA:60,0
DA:66,0
DA:68,0
DA:69,0
DA:70,0
DA:72,0
DA:73,0
DA:74,0
DA:87,0
DA:92,0
DA:107,0
DA:108,0
DA:115,0
DA:117,0
DA:118,0
DA:122,0
DA:125,0
DA:127,0
DA:128,0
DA:131,0
DA:133,0
DA:134,0
DA:135,0
DA:136,0
DA:137,0
DA:138,0
DA:140,0
DA:141,0
DA:142,0
DA:143,0
DA:144,0
DA:145,0
DA:147,0
DA:150,0
DA:151,0
DA:152,0
DA:153,0
DA:154,0
DA:155,0
DA:156,0
DA:158,0
DA:159,0
DA:160,0
DA:179,0
DA:183,0
DA:190,0
DA:195,0
DA:196,0
DA:198,0
DA:204,0
DA:205,0
DA:206,0
DA:218,0
DA:219,0
DA:220,0
DA:224,0
DA:226,0
DA:229,0
DA:230,0
DA:238,6
DA:244,0
DA:245,0
DA:246,0
DA:247,0
DA:248,0
DA:250,0
DA:251,0
DA:252,0
DA:259,2
DA:264,2
DA:265,6
DA:266,6
DA:267,6
DA:271,0
DA:273,0
DA:274,0
DA:275,0
DA:276,0
DA:280,0
DA:282,0
DA:283,0
DA:285,0
DA:288,0
DA:289,0
LF:98
LH:6
end_of_record
SF:lib\src\controls\surfaces\tooltip.dart
DA:25,1
DA:36,1
DA:38,1
DA:97,3
DA:101,0
DA:102,0
DA:104,0
DA:105,0
DA:106,0
DA:109,0
DA:116,0
DA:117,0
DA:118,0
DA:126,0
DA:127,0
DA:129,0
DA:130,0
DA:131,0
DA:138,1
DA:139,1
DA:182,1
DA:183,2
DA:185,1
DA:187,1
DA:188,1
DA:189,1
DA:190,4
DA:191,2
DA:195,2
DA:197,2
DA:198,2
DA:201,4
DA:204,1
DA:206,1
DA:207,3
DA:211,0
DA:212,0
DA:213,0
DA:214,0
DA:215,0
DA:222,0
DA:223,0
DA:224,0
DA:225,0
DA:226,0
DA:233,1
DA:234,1
DA:235,1
DA:236,1
DA:237,1
DA:245,0
DA:246,0
DA:250,0
DA:251,0
DA:252,0
DA:253,0
DA:258,0
DA:261,0
DA:262,0
DA:263,0
DA:267,0
DA:268,0
DA:269,0
DA:271,0
DA:276,0
DA:277,0
DA:278,0
DA:280,0
DA:282,0
DA:285,0
DA:286,0
DA:287,0
DA:289,0
DA:292,0
DA:295,0
DA:296,0
DA:300,0
DA:301,0
DA:302,0
DA:303,0
DA:304,0
DA:305,0
DA:306,0
DA:308,0
DA:311,0
DA:312,0
DA:316,0
DA:317,0
DA:318,0
DA:319,0
DA:320,0
DA:321,0
DA:322,0
DA:323,0
DA:324,0
DA:326,0
DA:328,0
DA:329,0
DA:336,0
DA:337,0
DA:338,0
DA:339,0
DA:340,0
DA:341,0
DA:342,0
DA:343,0
DA:345,0
DA:348,0
DA:350,0
DA:351,0
DA:352,0
DA:355,0
DA:356,0
DA:360,2
DA:362,0
DA:363,0
DA:366,0
DA:368,0
DA:371,0
DA:372,0
DA:373,0
DA:374,0
DA:377,0
DA:378,0
DA:379,0
DA:380,0
DA:382,0
DA:383,0
DA:389,0
DA:390,0
DA:391,0
DA:392,0
DA:393,0
DA:394,0
DA:395,0
DA:396,0
DA:397,0
DA:398,0
DA:399,0
DA:400,0
DA:401,0
DA:405,0
DA:406,0
DA:407,0
DA:410,0
DA:411,0
DA:412,0
DA:413,0
DA:414,0
DA:418,0
DA:420,0
DA:421,0
DA:424,1
DA:425,2
DA:426,2
DA:427,1
DA:428,1
DA:429,1
DA:430,1
DA:431,1
DA:432,1
DA:434,1
DA:435,1
DA:436,1
DA:437,0
DA:441,0
DA:442,0
DA:445,0
DA:446,0
DA:447,0
DA:448,0
DA:452,1
DA:454,1
DA:455,0
DA:457,1
DA:458,1
DA:461,1
DA:463,2
DA:464,2
DA:465,2
DA:466,2
DA:467,1
DA:468,2
DA:469,1
DA:472,0
DA:473,0
DA:474,0
DA:475,0
DA:476,0
DA:477,0
DA:479,0
DA:484,1
DA:489,2
DA:490,0
DA:492,1
DA:493,2
DA:494,1
DA:496,4
DA:499,2
DA:500,0
DA:502,0
DA:504,0
DA:505,0
DA:509,3
DA:511,1
DA:513,1
DA:514,2
DA:519,2
DA:520,2
DA:521,2
DA:522,2
DA:523,2
DA:524,3
DA:525,2
DA:526,2
DA:527,2
DA:528,2
DA:529,2
DA:530,3
DA:531,3
DA:533,1
DA:534,2
DA:535,2
DA:539,1
DA:540,1
DA:543,3
DA:544,2
DA:549,1
DA:550,0
DA:551,0
DA:552,0
DA:553,0
DA:555,0
DA:573,0
DA:577,0
DA:584,0
DA:589,0
DA:590,0
DA:592,0
DA:598,1
DA:599,1
DA:600,2
DA:612,1
DA:613,3
DA:614,1
DA:618,0
DA:620,0
DA:623,0
DA:624,0
DA:689,11
DA:701,1
DA:702,1
DA:710,2
DA:711,1
DA:712,1
DA:713,1
DA:714,1
DA:715,1
DA:720,2
DA:721,1
DA:727,0
DA:733,1
DA:737,2
DA:742,2
DA:743,6
DA:744,6
DA:745,6
DA:746,6
DA:747,4
DA:748,4
DA:749,2
DA:750,6
DA:751,6
DA:752,4
DA:753,2
DA:757,1
DA:759,1
DA:760,2
DA:761,2
DA:762,2
DA:763,2
DA:764,2
DA:765,2
DA:766,2
DA:767,2
DA:768,2
DA:772,0
DA:774,0
DA:775,0
DA:776,0
DA:777,0
DA:778,0
DA:780,0
DA:781,0
DA:783,0
DA:785,0
DA:788,0
DA:789,0
DA:790,0
DA:791,0
DA:801,0
DA:824,0
DA:826,0
DA:828,0
DA:830,0
DA:831,0
DA:834,0
DA:835,0
DA:836,0
DA:839,0
DA:842,0
DA:843,0
DA:844,0
DA:849,0
DA:851,0
DA:852,0
DA:853,0
DA:856,0
DA:866,0
DA:868,0
DA:873,0
DA:875,0
DA:879,0
DA:880,0
DA:883,0
DA:884,0
DA:885,0
DA:887,0
DA:888,0
DA:890,0
DA:893,0
DA:898,0
DA:913,0
DA:929,0
DA:931,0
DA:932,0
DA:933,0
DA:934,0
DA:935,0
DA:936,0
DA:937,0
DA:938,0
DA:939,0
DA:940,0
DA:941,0
DA:942,0
DA:945,0
DA:946,0
DA:947,0
DA:954,0
DA:955,0
DA:956,0
DA:957,0
DA:961,0
DA:962,0
DA:963,0
DA:964,0
DA:965,0
DA:966,0
DA:967,0
LF:360
LH:125
end_of_record
SF:lib\src\controls\utils\divider.dart
DA:8,12
DA:13,0
DA:24,0
DA:26,0
DA:27,0
DA:29,0
DA:33,0
DA:34,0
DA:36,0
DA:41,0
DA:43,0
DA:44,0
DA:45,0
DA:46,0
DA:47,0
DA:48,0
DA:49,0
DA:50,0
DA:51,0
DA:64,0
DA:68,0
DA:75,0
DA:80,0
DA:81,0
DA:83,0
DA:89,0
DA:90,0
DA:91,0
DA:103,0
DA:104,0
DA:105,0
DA:109,0
DA:111,0
DA:114,0
DA:115,0
DA:137,18
DA:144,0
DA:145,0
DA:149,0
DA:150,0
DA:155,0
DA:159,2
DA:161,2
DA:162,6
DA:163,6
DA:165,6
DA:167,6
DA:171,0
DA:173,0
DA:174,0
DA:175,0
DA:176,0
DA:177,0
DA:181,0
DA:183,0
DA:184,0
DA:185,0
DA:186,0
DA:187,0
LF:59
LH:8
end_of_record
SF:lib\src\controls\utils\hover_button.dart
DA:28,3
DA:47,3
DA:91,3
DA:92,3
DA:100,3
DA:102,3
DA:103,12
DA:104,0
DA:105,0
DA:106,0
DA:107,0
DA:108,0
DA:109,0
DA:112,6
DA:113,3
DA:114,0
DA:116,3
DA:117,0
DA:122,2
DA:124,2
DA:125,8
DA:126,0
DA:130,3
DA:131,12
DA:134,3
DA:136,12
DA:137,3
DA:144,3
DA:145,6
DA:146,0
DA:147,0
DA:148,0
DA:149,0
DA:150,0
DA:151,0
DA:153,3
DA:154,3
DA:156,3
DA:157,3
DA:158,3
DA:162,3
DA:164,3
DA:166,6
DA:167,2
DA:168,8
DA:169,4
DA:171,2
DA:172,4
DA:173,2
DA:174,4
DA:175,8
DA:177,0
DA:178,0
DA:179,0
DA:181,6
DA:182,0
DA:183,0
DA:184,0
DA:186,0
DA:187,0
DA:188,0
DA:190,6
DA:191,6
DA:192,6
DA:193,12
DA:195,3
DA:196,6
DA:197,3
DA:198,6
DA:199,3
DA:200,3
DA:201,6
DA:202,0
DA:203,0
DA:205,0
DA:206,0
DA:210,3
DA:211,3
DA:212,6
DA:214,3
DA:215,3
DA:216,6
DA:220,9
DA:225,4
DA:236,2
DA:238,4
DA:239,4
DA:242,2
DA:249,2
DA:254,4
DA:258,3
DA:259,6
DA:263,1
DA:267,1
DA:268,1
DA:272,2
DA:279,0
DA:281,0
DA:282,0
DA:283,0
DA:288,6
DA:289,6
DA:290,6
DA:291,6
DA:292,0
LF:105
LH:72
end_of_record
SF:lib\src\controls\utils\info_badge.dart
DA:12,0
DA:17,0
DA:39,0
DA:41,0
DA:43,0
DA:45,0
DA:46,0
DA:56,0
DA:58,0
DA:61,0
DA:63,0
DA:64,0
DA:65,0
DA:68,0
DA:69,0
DA:70,0
DA:73,0
LF:17
LH:0
end_of_record
SF:lib\src\controls\utils\scrollbar.dart
DA:20,1
DA:26,1
DA:37,1
DA:38,1
DA:47,1
DA:49,1
DA:50,2
DA:54,2
DA:55,0
DA:59,1
DA:61,2
DA:62,6
DA:63,4
DA:64,0
DA:65,1
DA:68,1
DA:69,1
DA:71,1
DA:78,1
DA:82,1
DA:84,1
DA:85,0
DA:87,2
DA:91,1
DA:93,2
DA:94,1
DA:95,1
DA:96,2
DA:98,1
DA:99,3
DA:100,3
DA:101,2
DA:102,2
DA:103,2
DA:104,1
DA:107,3
DA:108,2
DA:109,2
DA:110,2
DA:111,1
DA:112,4
DA:113,0
DA:114,2
DA:115,2
DA:116,2
DA:117,2
DA:118,1
DA:119,2
DA:120,2
DA:121,2
DA:122,1
DA:123,3
DA:124,4
DA:127,0
DA:129,0
DA:130,0
DA:131,0
DA:132,0
DA:137,0
DA:139,0
DA:140,0
DA:141,0
DA:142,0
DA:148,0
DA:149,0
DA:151,0
DA:153,0
DA:154,0
DA:155,0
DA:158,0
DA:159,0
DA:160,0
DA:162,0
DA:163,0
DA:164,0
DA:170,0
DA:172,0
DA:173,0
DA:174,0
DA:175,0
DA:178,0
DA:181,1
DA:183,2
DA:184,1
DA:196,0
DA:200,0
DA:207,0
DA:212,0
DA:213,0
DA:215,0
DA:221,1
DA:222,1
DA:223,2
DA:235,1
DA:236,3
DA:237,1
DA:241,0
DA:243,0
DA:246,0
DA:247,0
DA:325,7
DA:344,1
DA:345,1
DA:346,1
DA:347,1
DA:350,1
DA:355,1
DA:367,1
DA:372,2
DA:374,2
DA:375,6
DA:376,6
DA:378,6
DA:379,6
DA:381,6
DA:382,6
DA:383,6
DA:384,6
DA:386,6
DA:387,6
DA:389,6
DA:390,6
DA:391,6
DA:392,2
DA:393,4
DA:394,4
DA:395,4
DA:396,2
DA:400,1
DA:402,1
DA:403,2
DA:404,2
DA:406,2
DA:407,2
DA:408,2
DA:409,2
DA:410,2
DA:411,2
DA:413,2
DA:414,2
DA:416,2
DA:417,2
DA:419,2
DA:420,2
DA:421,2
DA:422,2
DA:426,0
DA:428,0
DA:429,0
DA:430,0
DA:431,0
DA:433,0
DA:434,0
DA:435,0
DA:437,0
DA:440,0
DA:442,0
DA:445,0
DA:447,0
DA:450,0
DA:451,0
DA:453,0
DA:455,0
DA:458,0
DA:459,0
DA:461,0
DA:463,0
DA:466,0
DA:467,0
DA:469,0
DA:470,0
DA:471,0
DA:473,0
DA:475,0
DA:478,0
DA:480,0
LF:176
LH:104
end_of_record
SF:lib\src\controls\form\auto_suggest_box.dart
DA:5,4
DA:28,0
DA:38,0
DA:77,0
DA:78,0
DA:80,0
DA:82,0
DA:83,0
DA:84,0
DA:86,0
DA:89,0
DA:91,0
DA:97,0
DA:98,0
DA:99,0
DA:100,0
DA:112,0
DA:114,0
DA:115,0
DA:116,0
DA:117,0
DA:118,0
DA:120,0
DA:123,0
DA:125,0
DA:126,0
DA:127,0
DA:129,0
DA:132,0
DA:133,0
DA:135,0
DA:137,0
DA:139,0
DA:142,0
DA:143,0
DA:144,0
DA:146,0
DA:147,0
DA:148,0
DA:149,0
DA:150,0
DA:152,0
DA:153,0
DA:154,0
DA:155,0
DA:156,0
DA:157,0
DA:158,0
DA:159,0
DA:160,0
DA:161,0
DA:162,0
DA:164,0
DA:174,0
DA:175,0
DA:176,0
DA:180,0
DA:181,0
DA:182,0
DA:185,0
DA:186,0
DA:187,0
DA:191,0
DA:193,0
DA:194,0
DA:196,0
DA:197,0
DA:198,0
DA:199,0
DA:200,0
DA:201,0
DA:202,0
DA:203,0
DA:204,0
DA:205,0
DA:206,0
DA:207,0
DA:208,0
DA:210,0
DA:212,0
DA:213,0
DA:214,0
DA:220,0
DA:221,0
DA:222,0
DA:230,0
DA:235,0
DA:241,0
DA:243,0
DA:244,0
DA:245,0
DA:247,0
DA:251,0
DA:252,0
DA:256,0
DA:257,0
DA:261,0
DA:263,0
DA:264,0
DA:265,0
DA:267,0
DA:269,0
DA:270,0
DA:272,0
DA:273,0
DA:276,0
DA:277,0
DA:280,0
DA:281,0
DA:282,0
DA:283,0
DA:284,0
DA:285,0
DA:291,0
DA:300,0
DA:304,0
DA:309,0
DA:311,0
DA:318,0
DA:320,0
DA:321,0
DA:325,0
DA:328,0
DA:330,0
DA:331,0
DA:334,0
DA:336,0
DA:337,0
DA:338,0
DA:340,0
DA:341,0
DA:342,0
DA:345,0
DA:346,0
DA:347,0
DA:349,0
DA:353,0
DA:354,0
DA:355,0
DA:356,0
DA:358,0
DA:361,0
DA:362,0
DA:368,0
DA:369,0
DA:373,0
DA:375,0
DA:376,0
DA:377,0
LF:149
LH:1
end_of_record
SF:lib\src\controls\form\text_box.dart
DA:12,4
DA:21,0
DA:24,0
DA:28,0
DA:30,0
DA:31,0
DA:32,0
DA:34,0
DA:35,0
DA:39,0
DA:40,0
DA:41,0
DA:44,0
DA:46,0
DA:51,0
DA:114,0
DA:119,0
DA:120,0
DA:122,0
DA:126,0
DA:129,0
DA:131,0
DA:133,0
DA:134,0
DA:138,0
DA:151,0
DA:253,0
DA:263,0
DA:264,0
DA:266,0
DA:268,0
DA:270,0
DA:272,0
DA:274,0
DA:275,0
DA:276,0
DA:277,0
DA:278,0
DA:279,0
DA:280,0
DA:281,0
DA:282,0
DA:284,0
DA:285,0
DA:286,0
DA:287,0
DA:289,0
DA:291,0
DA:293,0
DA:295,0
DA:296,0
DA:298,0
DA:299,0
DA:301,0
DA:302,0
DA:303,0
DA:304,0
DA:305,0
DA:306,0
DA:307,0
DA:308,0
DA:309,0
DA:311,0
DA:313,0
DA:317,0
DA:319,0
DA:322,0
DA:324,0
DA:327,0
DA:329,0
DA:331,0
DA:343,0
DA:344,0
DA:347,0
DA:348,0
DA:354,0
DA:361,0
DA:362,0
DA:364,0
DA:366,0
DA:368,0
DA:369,0
DA:370,0
DA:371,0
DA:372,0
DA:374,0
DA:377,0
DA:378,0
DA:379,0
DA:381,0
DA:384,0
DA:386,0
DA:387,0
DA:388,0
DA:389,0
DA:390,0
DA:391,0
DA:392,0
DA:394,0
DA:395,0
DA:397,0
DA:401,0
DA:403,0
DA:404,0
DA:408,0
DA:409,0
DA:410,0
DA:411,0
DA:414,0
DA:415,0
DA:416,0
DA:417,0
DA:418,0
DA:419,0
DA:420,0
DA:424,0
DA:425,0
DA:427,0
DA:429,0
DA:431,0
DA:432,0
DA:433,0
DA:434,0
DA:437,0
DA:439,0
DA:440,0
DA:443,0
DA:444,0
DA:448,0
DA:450,0
DA:452,0
DA:457,0
DA:459,0
DA:460,0
DA:462,0
DA:463,0
DA:464,0
DA:465,0
DA:470,0
DA:471,0
DA:473,0
DA:478,0
DA:480,0
DA:482,0
DA:484,0
DA:489,0
DA:490,0
DA:491,0
DA:492,0
DA:493,0
DA:497,0
DA:498,0
DA:499,0
DA:500,0
DA:501,0
DA:505,0
DA:506,0
DA:507,0
DA:508,0
DA:509,0
DA:513,0
DA:514,0
DA:515,0
DA:516,0
DA:517,0
DA:521,0
DA:522,0
DA:523,0
DA:524,0
DA:527,0
DA:528,0
DA:531,0
DA:536,0
DA:540,0
DA:541,0
DA:543,0
DA:544,0
DA:545,0
DA:546,0
DA:548,0
DA:549,0
DA:550,0
DA:551,0
DA:554,0
DA:557,0
DA:560,0
DA:561,0
DA:562,0
DA:563,0
DA:564,0
DA:566,0
DA:573,0
DA:575,0
DA:576,0
DA:577,0
DA:578,0
DA:579,0
DA:581,0
DA:583,0
DA:584,0
DA:587,0
DA:588,0
DA:592,0
DA:593,0
DA:594,0
DA:595,0
DA:596,0
DA:597,0
DA:600,0
DA:602,0
DA:603,0
DA:604,0
DA:605,0
DA:608,0
DA:614,0
DA:615,0
DA:616,0
DA:617,0
DA:618,0
DA:619,0
DA:620,0
DA:622,0
DA:625,0
DA:630,0
DA:632,0
DA:633,0
DA:634,0
DA:635,0
DA:636,0
DA:637,0
DA:638,0
DA:640,0
DA:641,0
DA:642,0
DA:643,0
DA:644,0
DA:645,0
DA:646,0
DA:647,0
DA:649,0
DA:650,0
DA:651,0
DA:652,0
DA:653,0
DA:654,0
DA:655,0
DA:656,0
DA:657,0
DA:658,0
DA:659,0
DA:660,0
DA:662,0
DA:663,0
DA:664,0
DA:665,0
DA:668,0
DA:669,0
DA:670,0
DA:677,0
DA:678,0
DA:679,0
DA:681,0
DA:682,0
DA:683,0
DA:684,0
DA:685,0
DA:687,0
DA:693,0
DA:694,0
DA:695,0
DA:696,0
DA:698,0
DA:699,0
DA:700,0
DA:701,0
DA:703,0
DA:705,0
DA:706,0
DA:707,0
DA:708,0
DA:709,0
DA:710,0
DA:712,0
DA:714,0
DA:717,0
DA:719,0
DA:724,0
DA:725,0
DA:727,0
DA:728,0
DA:731,0
DA:742,0
DA:743,0
DA:744,0
DA:747,0
DA:748,0
DA:749,0
DA:753,0
DA:754,0
DA:755,0
DA:756,0
DA:759,0
DA:760,0
DA:761,0
DA:762,0
DA:767,0
DA:768,0
DA:769,0
DA:771,0
DA:772,0
DA:773,0
DA:774,0
DA:776,0
DA:777,0
DA:781,0
LF:315
LH:1
end_of_record
SF:lib\src\controls\form\combo_box.dart
DA:31,0
DA:35,0
DA:40,0
DA:41,0
DA:42,0
DA:43,0
DA:50,0
DA:52,0
DA:53,0
DA:54,0
DA:58,0
DA:60,0
DA:61,0
DA:64,0
DA:65,0
DA:67,0
DA:70,0
DA:72,0
DA:73,0
DA:80,4
DA:82,0
DA:83,0
DA:85,0
DA:90,0
DA:97,0
DA:104,0
DA:112,0
DA:113,0
DA:117,0
DA:119,0
DA:120,0
DA:123,0
DA:129,0
DA:130,0
DA:131,0
DA:132,0
DA:139,0
DA:141,0
DA:143,0
DA:144,0
DA:147,0
DA:148,0
DA:149,0
DA:153,0
DA:158,0
DA:160,0
DA:162,0
DA:163,0
DA:164,0
DA:165,0
DA:168,0
DA:169,0
DA:170,0
DA:171,0
DA:173,0
DA:175,0
DA:176,0
DA:177,0
DA:178,0
DA:179,0
DA:181,0
DA:182,0
DA:183,0
DA:184,0
DA:185,0
DA:186,0
DA:188,0
DA:191,0
DA:192,0
DA:193,0
DA:195,0
DA:196,0
DA:198,0
DA:199,0
DA:200,0
DA:201,0
DA:202,0
DA:203,0
DA:204,0
DA:206,0
DA:207,0
DA:208,0
DA:209,0
DA:216,0
DA:217,0
DA:223,0
DA:224,0
DA:233,0
DA:240,0
DA:248,0
DA:249,0
DA:256,0
DA:258,0
DA:263,0
DA:264,0
DA:268,0
DA:269,0
DA:275,0
DA:285,0
DA:286,0
DA:287,0
DA:288,0
DA:289,0
DA:290,0
DA:291,0
DA:292,0
DA:297,0
DA:298,0
DA:299,0
DA:302,0
DA:303,0
DA:304,0
DA:305,0
DA:306,0
DA:309,0
DA:310,0
DA:312,0
DA:317,0
DA:318,0
DA:319,0
DA:321,0
DA:322,0
DA:323,0
DA:325,0
DA:326,0
DA:327,0
DA:328,0
DA:330,0
DA:331,0
DA:332,0
DA:334,0
DA:353,0
DA:363,0
DA:370,0
DA:373,0
DA:374,0
DA:382,0
DA:385,0
DA:387,0
DA:388,0
DA:389,0
DA:393,0
DA:394,0
DA:397,0
DA:398,0
DA:400,0
DA:401,0
DA:402,0
DA:404,0
DA:405,0
DA:409,0
DA:412,0
DA:414,0
DA:415,0
DA:424,0
DA:428,0
DA:430,0
DA:433,0
DA:434,0
DA:438,0
DA:446,0
DA:458,0
DA:459,0
DA:475,0
DA:478,0
DA:481,0
DA:487,0
DA:489,0
DA:490,0
DA:493,0
DA:494,0
DA:495,0
DA:496,0
DA:497,0
DA:498,0
DA:499,0
DA:500,0
DA:502,0
DA:503,0
DA:507,0
DA:508,0
DA:509,0
DA:513,0
DA:514,0
DA:515,0
DA:516,0
DA:517,0
DA:518,0
DA:519,0
DA:528,0
DA:530,0
DA:531,0
DA:532,0
DA:533,0
DA:539,0
DA:541,0
DA:543,0
DA:544,0
DA:545,0
DA:546,0
DA:547,0
DA:548,0
DA:553,0
DA:554,0
DA:561,0
DA:563,0
DA:564,0
DA:565,0
DA:575,0
DA:578,0
DA:581,0
DA:584,0
DA:589,0
DA:601,0
DA:614,0
DA:616,0
DA:624,0
DA:626,0
DA:627,0
DA:628,0
DA:631,0
DA:632,0
DA:633,0
DA:634,0
DA:635,0
DA:636,0
DA:637,0
DA:640,0
DA:646,0
DA:647,0
DA:648,0
DA:649,0
DA:650,0
DA:651,0
DA:654,0
DA:668,0
DA:672,0
DA:677,0
DA:679,0
DA:682,0
DA:685,0
DA:690,0
DA:694,0
DA:696,0
DA:697,0
DA:708,0
DA:711,0
DA:718,0
DA:720,0
DA:723,0
DA:736,0
DA:741,0
DA:844,0
DA:868,0
DA:869,0
DA:871,0
DA:872,0
DA:873,0
DA:874,0
DA:880,0
DA:881,0
DA:1100,0
DA:1101,0
DA:1109,0
DA:1115,0
DA:1116,0
DA:1119,0
DA:1121,0
DA:1122,0
DA:1123,0
DA:1124,0
DA:1126,0
DA:1127,0
DA:1128,0
DA:1130,0
DA:1131,0
DA:1134,0
DA:1135,0
DA:1136,0
DA:1137,0
DA:1140,0
DA:1142,0
DA:1143,0
DA:1144,0
DA:1145,0
DA:1146,0
DA:1147,0
DA:1148,0
DA:1151,0
DA:1152,0
DA:1153,0
DA:1154,0
DA:1157,0
DA:1158,0
DA:1159,0
DA:1160,0
DA:1165,0
DA:1166,0
DA:1169,0
DA:1170,0
DA:1174,0
DA:1176,0
DA:1177,0
DA:1178,0
DA:1179,0
DA:1180,0
DA:1182,0
DA:1183,0
DA:1185,0
DA:1188,0
DA:1189,0
DA:1190,0
DA:1194,0
DA:1195,0
DA:1196,0
DA:1198,0
DA:1199,0
DA:1200,0
DA:1206,0
DA:1207,0
DA:1209,0
DA:1210,0
DA:1213,0
DA:1214,0
DA:1215,0
DA:1216,0
DA:1217,0
DA:1226,0
DA:1228,0
DA:1233,0
DA:1234,0
DA:1235,0
DA:1236,0
DA:1237,0
DA:1238,0
DA:1239,0
DA:1240,0
DA:1242,0
DA:1243,0
DA:1244,0
DA:1245,0
DA:1247,0
DA:1248,0
DA:1249,0
DA:1250,0
DA:1251,0
DA:1255,0
DA:1256,0
DA:1257,0
DA:1258,0
DA:1259,0
DA:1262,0
DA:1263,0
DA:1267,0
DA:1269,0
DA:1270,0
DA:1272,0
DA:1273,0
DA:1274,0
DA:1275,0
DA:1276,0
DA:1279,0
DA:1281,0
DA:1282,0
DA:1283,0
DA:1284,0
DA:1285,0
DA:1290,0
DA:1291,0
DA:1292,0
DA:1293,0
DA:1295,0
DA:1296,0
DA:1300,0
DA:1301,0
DA:1308,0
DA:1309,0
DA:1310,0
DA:1312,0
DA:1313,0
DA:1317,0
DA:1319,0
DA:1320,0
DA:1321,0
DA:1322,0
DA:1323,0
DA:1331,0
DA:1332,0
DA:1333,0
DA:1336,0
DA:1337,0
DA:1338,0
DA:1339,0
DA:1340,0
DA:1341,0
DA:1342,0
DA:1345,0
DA:1346,0
DA:1348,0
DA:1349,0
DA:1361,0
DA:1362,0
DA:1364,0
DA:1365,0
DA:1367,0
DA:1368,0
DA:1369,0
DA:1370,0
DA:1372,0
DA:1374,0
DA:1380,0
DA:1381,0
DA:1382,0
DA:1383,0
DA:1384,0
DA:1385,0
DA:1387,0
DA:1390,0
DA:1391,0
DA:1392,0
DA:1394,0
DA:1395,0
DA:1396,0
DA:1397,0
DA:1404,0
DA:1406,0
DA:1407,0
DA:1408,0
DA:1409,0
DA:1410,0
DA:1411,0
DA:1412,0
DA:1413,0
DA:1414,0
DA:1415,0
DA:1416,0
DA:1417,0
DA:1421,0
LF:438
LH:1
end_of_record
SF:lib\src\controls\form\pickers\date_picker.dart
DA:27,0
DA:43,0
DA:87,0
DA:88,0
DA:90,0
DA:92,0
DA:94,0
DA:95,0
DA:96,0
DA:97,0
DA:98,0
DA:99,0
DA:100,0
DA:101,0
DA:102,0
DA:103,0
DA:104,0
DA:105,0
DA:106,0
DA:107,0
DA:108,0
DA:120,0
DA:121,0
DA:123,0
DA:124,0
DA:125,0
DA:126,0
DA:129,0
DA:131,0
DA:132,0
DA:133,0
DA:136,0
DA:137,0
DA:138,0
DA:140,0
DA:141,0
DA:144,0
DA:145,0
DA:149,0
DA:151,0
DA:152,0
DA:153,0
DA:154,0
DA:157,0
DA:159,0
DA:160,0
DA:161,0
DA:162,0
DA:163,0
DA:164,0
DA:168,0
DA:169,0
DA:174,0
DA:176,0
DA:177,0
DA:178,0
DA:179,0
DA:180,0
DA:181,0
DA:182,0
DA:183,0
DA:184,0
DA:185,0
DA:186,0
DA:187,0
DA:188,0
DA:190,0
DA:191,0
DA:200,0
DA:201,0
DA:202,0
DA:204,0
DA:205,0
DA:206,0
DA:207,0
DA:209,0
DA:211,0
DA:212,0
DA:213,0
DA:215,0
DA:217,0
DA:219,0
DA:220,0
DA:222,0
DA:223,0
DA:224,0
DA:225,0
DA:229,0
DA:232,0
DA:234,0
DA:235,0
DA:237,0
DA:238,0
DA:239,0
DA:240,0
DA:244,0
DA:251,0
DA:252,0
DA:253,0
DA:255,0
DA:256,0
DA:257,0
DA:258,0
DA:259,0
DA:260,0
DA:261,0
DA:262,0
DA:263,0
DA:264,0
DA:265,0
DA:266,0
DA:267,0
DA:268,0
DA:271,0
DA:272,0
DA:273,0
DA:274,0
DA:283,0
DA:298,0
DA:314,0
DA:316,0
DA:320,0
DA:321,0
DA:322,0
DA:323,0
DA:324,0
DA:325,0
DA:326,0
DA:329,0
DA:331,0
DA:332,0
DA:342,0
DA:344,0
DA:345,0
DA:346,0
DA:347,0
DA:348,0
DA:349,0
DA:350,0
DA:351,0
DA:352,0
DA:353,0
DA:354,0
DA:355,0
DA:357,0
DA:358,0
DA:360,0
DA:361,0
DA:362,0
DA:363,0
DA:365,0
DA:366,0
DA:368,0
DA:369,0
DA:370,0
DA:378,0
DA:379,0
DA:380,0
DA:382,0
DA:387,0
DA:388,0
DA:390,0
DA:395,0
DA:396,0
DA:400,0
DA:403,0
DA:404,0
DA:406,0
DA:407,0
DA:408,0
DA:409,0
DA:410,0
DA:413,0
DA:414,0
DA:415,0
DA:416,0
DA:417,0
DA:419,0
DA:423,0
DA:425,0
DA:427,0
DA:428,0
DA:431,0
DA:432,0
DA:433,0
DA:434,0
DA:436,0
DA:441,0
DA:442,0
DA:444,0
DA:449,0
DA:450,0
DA:454,0
DA:455,0
DA:457,0
DA:458,0
DA:459,0
DA:460,0
DA:461,0
DA:462,0
DA:463,0
DA:464,0
DA:465,0
DA:467,0
DA:476,0
DA:477,0
DA:478,0
DA:479,0
DA:480,0
DA:481,0
DA:482,0
DA:483,0
DA:484,0
DA:485,0
DA:487,0
DA:491,0
DA:494,0
DA:496,0
DA:497,0
DA:498,0
DA:500,0
DA:501,0
DA:502,0
DA:504,0
DA:509,0
DA:510,0
DA:512,0
DA:517,0
DA:518,0
DA:519,0
DA:521,0
DA:522,0
DA:523,0
DA:524,0
DA:525,0
DA:526,0
DA:527,0
DA:528,0
DA:530,0
DA:539,0
DA:540,0
DA:541,0
DA:542,0
DA:543,0
DA:544,0
DA:545,0
DA:546,0
DA:547,0
DA:548,0
DA:550,0
DA:554,0
DA:566,0
DA:567,0
DA:568,0
DA:569,0
DA:571,0
DA:572,0
DA:573,0
LF:258
LH:0
end_of_record
SF:lib\src\controls\form\pickers\time_picker.dart
DA:20,0
DA:37,0
DA:59,0
DA:61,0
DA:62,0
DA:64,0
DA:66,0
DA:67,0
DA:68,0
DA:69,0
DA:70,0
DA:71,0
DA:72,0
DA:73,0
DA:74,0
DA:75,0
DA:76,0
DA:77,0
DA:92,0
DA:94,0
DA:95,0
DA:96,0
DA:99,0
DA:101,0
DA:102,0
DA:103,0
DA:104,0
DA:107,0
DA:109,0
DA:110,0
DA:111,0
DA:112,0
DA:113,0
DA:114,0
DA:115,0
DA:118,0
DA:119,0
DA:120,0
DA:124,0
DA:125,0
DA:128,0
DA:129,0
DA:130,0
DA:131,0
DA:132,0
DA:133,0
DA:136,0
DA:138,0
DA:140,0
DA:143,0
DA:145,0
DA:147,0
DA:148,0
DA:149,0
DA:150,0
DA:151,0
DA:152,0
DA:153,0
DA:154,0
DA:155,0
DA:156,0
DA:157,0
DA:158,0
DA:159,0
DA:161,0
DA:170,0
DA:171,0
DA:172,0
DA:174,0
DA:175,0
DA:176,0
DA:177,0
DA:178,0
DA:179,0
DA:180,0
DA:181,0
DA:182,0
DA:183,0
DA:184,0
DA:190,0
DA:191,0
DA:192,0
DA:193,0
DA:197,0
DA:198,0
DA:199,0
DA:200,0
DA:201,0
DA:202,0
DA:203,0
DA:204,0
DA:205,0
DA:214,0
DA:215,0
DA:217,0
DA:218,0
DA:219,0
DA:220,0
DA:221,0
DA:222,0
DA:223,0
DA:224,0
DA:225,0
DA:226,0
DA:227,0
DA:228,0
DA:229,0
DA:230,0
DA:233,0
DA:234,0
DA:235,0
DA:236,0
DA:245,0
DA:259,0
DA:276,0
DA:278,0
DA:282,0
DA:284,0
DA:286,0
DA:294,0
DA:295,0
DA:296,0
DA:297,0
DA:298,0
DA:299,0
DA:300,0
DA:301,0
DA:302,0
DA:303,0
DA:304,0
DA:305,0
DA:306,0
DA:307,0
DA:308,0
DA:309,0
DA:310,0
DA:312,0
DA:317,0
DA:318,0
DA:320,0
DA:325,0
DA:326,0
DA:327,0
DA:328,0
DA:330,0
DA:331,0
DA:332,0
DA:333,0
DA:334,0
DA:343,0
DA:344,0
DA:345,0
DA:346,0
DA:348,0
DA:349,0
DA:350,0
DA:351,0
DA:353,0
DA:354,0
DA:355,0
DA:356,0
DA:363,0
DA:364,0
DA:365,0
DA:366,0
DA:368,0
DA:373,0
DA:374,0
DA:376,0
DA:381,0
DA:382,0
DA:383,0
DA:384,0
DA:385,0
DA:386,0
DA:387,0
DA:388,0
DA:389,0
DA:390,0
DA:399,0
DA:400,0
DA:401,0
DA:402,0
DA:403,0
DA:404,0
DA:406,0
DA:407,0
DA:408,0
DA:414,0
DA:416,0
DA:417,0
DA:418,0
DA:419,0
DA:425,0
DA:426,0
DA:432,0
DA:433,0
DA:436,0
DA:437,0
DA:438,0
DA:439,0
DA:440,0
DA:441,0
DA:445,0
DA:446,0
DA:447,0
DA:448,0
DA:449,0
DA:454,0
DA:455,0
DA:456,0
DA:457,0
DA:458,0
DA:461,0
DA:464,0
DA:467,0
DA:468,0
DA:469,0
DA:470,0
DA:472,0
DA:473,0
DA:474,0
DA:475,0
DA:491,0
DA:492,0
DA:493,0
DA:494,0
DA:496,0
DA:497,0
DA:498,0
LF:230
LH:0
end_of_record
SF:lib\src\controls\form\text_form_box.dart
DA:5,0
DA:62,0
DA:63,0
DA:64,0
DA:65,0
DA:67,0
DA:71,0
DA:74,0
DA:76,0
DA:77,0
DA:79,0
DA:83,0
DA:86,0
DA:87,0
DA:88,0
DA:89,0
DA:90,0
DA:97,0
DA:98,0
DA:100,0
DA:104,0
DA:106,0
DA:107,0
DA:108,0
DA:109,0
DA:167,0
DA:168,0
DA:174,0
DA:175,0
DA:177,0
DA:178,0
DA:180,0
DA:182,0
DA:183,0
DA:184,0
DA:186,0
DA:190,0
DA:192,0
DA:193,0
DA:194,0
DA:195,0
DA:197,0
DA:198,0
DA:199,0
DA:202,0
DA:203,0
DA:204,0
DA:205,0
DA:211,0
DA:213,0
DA:214,0
DA:217,0
DA:219,0
DA:221,0
DA:222,0
DA:226,0
DA:228,0
DA:230,0
DA:231,0
DA:232,0
DA:237,0
DA:238,0
DA:239,0
LF:63
LH:0
end_of_record
SF:lib\src\controls\form\form_row.dart
DA:7,0
DA:14,0
DA:26,0
DA:28,0
DA:29,0
DA:30,0
DA:31,0
DA:32,0
DA:34,0
DA:36,0
DA:37,0
DA:39,0
DA:40,0
DA:41,0
DA:44,0
DA:45,0
DA:47,0
DA:52,0
LF:18
LH:0
end_of_record
SF:lib\src\styles\motion\page_transitions.dart
DA:12,0
DA:18,0
DA:32,0
DA:34,0
DA:35,0
DA:37,0
DA:41,0
DA:43,0
DA:47,0
DA:49,0
DA:54,0
DA:56,0
DA:57,0
DA:58,0
DA:59,0
DA:61,0
DA:62,0
DA:63,0
DA:64,0
DA:66,0
DA:75,4
DA:79,4
DA:87,0
DA:89,0
DA:90,0
DA:92,0
DA:97,4
DA:99,4
DA:100,4
DA:101,4
DA:102,4
DA:103,12
DA:116,0
DA:121,0
DA:132,0
DA:134,0
DA:135,0
DA:137,0
DA:140,0
DA:142,0
DA:148,0
DA:150,0
DA:151,0
DA:152,0
DA:157,0
DA:162,0
DA:163,0
DA:164,0
DA:165,0
DA:173,0
DA:174,0
DA:179,0
DA:181,0
LF:53
LH:8
end_of_record
SF:lib\src\styles\acrylic.dart
DA:20,0
DA:30,0
DA:70,0
DA:72,0
DA:73,0
DA:74,0
DA:75,0
DA:76,0
DA:77,0
DA:78,0
DA:79,0
DA:82,0
DA:83,0
DA:89,0
DA:91,0
DA:92,0
DA:93,0
DA:94,0
DA:95,0
DA:99,0
DA:101,0
DA:103,0
DA:104,0
DA:108,0
DA:110,0
DA:111,0
DA:114,0
DA:115,0
DA:116,0
DA:117,0
DA:118,0
DA:119,0
DA:120,0
DA:123,0
DA:124,0
DA:125,0
DA:126,0
DA:127,0
DA:128,0
DA:129,0
DA:133,0
DA:135,0
DA:136,0
DA:137,0
DA:138,0
DA:142,0
DA:144,0
DA:146,0
DA:147,0
DA:148,0
DA:149,0
DA:151,0
DA:152,0
DA:153,0
DA:154,0
DA:156,0
DA:157,0
DA:158,0
DA:159,0
DA:163,0
DA:164,0
DA:166,0
DA:167,0
DA:176,0
DA:188,0
DA:228,0
DA:230,0
DA:231,0
DA:232,0
DA:233,0
DA:234,0
DA:235,0
DA:236,0
DA:237,0
DA:240,0
DA:241,0
DA:253,0
DA:255,0
DA:256,0
DA:257,0
DA:258,0
DA:260,0
DA:261,0
DA:263,0
DA:264,0
DA:266,0
DA:267,0
DA:269,0
DA:270,0
DA:271,0
DA:272,0
DA:276,0
DA:278,0
DA:279,0
DA:280,0
DA:281,0
DA:282,0
DA:283,0
DA:284,0
DA:285,0
DA:286,0
DA:300,0
DA:308,4
DA:315,0
DA:316,0
DA:317,0
DA:318,0
DA:319,0
DA:320,0
DA:321,0
DA:324,0
DA:326,0
DA:327,0
DA:328,0
DA:329,0
DA:330,0
DA:331,0
DA:337,0
DA:339,0
DA:340,0
DA:341,0
DA:348,0
DA:351,0
DA:353,0
DA:355,0
DA:362,0
DA:364,0
DA:366,0
DA:367,0
DA:368,0
DA:369,0
DA:372,0
DA:374,0
DA:375,0
DA:376,0
DA:377,0
DA:379,0
DA:381,0
DA:385,0
DA:386,0
DA:387,0
DA:388,0
DA:389,0
DA:391,0
DA:409,0
DA:418,0
DA:419,0
DA:420,0
DA:425,0
DA:430,0
DA:432,0
DA:433,0
DA:434,0
DA:435,0
DA:436,0
DA:437,0
DA:438,0
DA:442,0
DA:444,0
DA:451,0
DA:454,0
DA:457,0
DA:460,0
DA:461,0
DA:462,0
DA:463,0
DA:464,0
DA:472,0
DA:474,0
DA:476,0
DA:477,0
DA:487,0
DA:491,0
DA:492,0
DA:493,0
DA:494,0
DA:495,0
DA:500,0
DA:508,0
DA:512,0
DA:517,0
DA:519,0
DA:520,0
DA:524,0
DA:527,0
DA:528,0
DA:531,0
DA:533,0
DA:536,0
DA:538,0
DA:550,0
DA:551,0
DA:554,0
DA:560,0
DA:561,0
DA:562,0
DA:569,0
DA:572,0
DA:574,0
DA:575,0
DA:578,0
LF:201
LH:1
end_of_record
SF:lib\src\styles\color.dart
DA:71,0
DA:81,0
DA:91,0
DA:101,0
DA:112,0
DA:122,12
DA:132,0
DA:142,0
DA:153,0
DA:159,0
DA:165,0
DA:172,0
DA:185,4
DA:186,0
DA:188,1
DA:190,1
DA:220,4
DA:221,12
DA:224,6
DA:229,6
DA:234,6
DA:237,6
DA:242,6
DA:247,6
DA:250,6
DA:252,2
DA:253,6
DA:254,6
DA:255,6
DA:256,6
DA:257,6
DA:258,6
DA:259,4
DA:260,2
DA:261,2
DA:262,2
DA:263,8
DA:264,2
DA:265,2
DA:266,2
DA:270,0
DA:271,0
DA:272,0
DA:276,0
DA:277,0
DA:278,0
DA:279,0
DA:282,0
DA:284,0
DA:285,0
DA:286,0
DA:287,0
DA:288,0
DA:289,0
DA:290,0
DA:291,0
DA:292,0
DA:293,0
DA:294,0
DA:295,0
DA:299,0
DA:301,0
DA:302,0
DA:303,0
DA:304,0
DA:305,0
DA:306,0
DA:307,0
DA:308,0
DA:309,0
DA:310,0
DA:311,0
DA:312,0
DA:328,0
DA:339,0
DA:340,0
DA:341,0
DA:342,0
DA:344,0
DA:345,0
DA:346,0
DA:355,0
DA:359,0
DA:368,0
DA:369,0
DA:372,0
DA:373,0
DA:374,0
LF:88
LH:28
end_of_record
SF:lib\src\styles\mica.dart
DA:18,1
DA:25,1
DA:26,1
DA:50,1
DA:52,1
DA:53,1
DA:54,1
DA:55,1
DA:56,1
DA:57,1
DA:59,1
DA:60,1
DA:63,2
DA:64,0
DA:66,0
DA:68,0
DA:69,0
LF:17
LH:13
end_of_record
SF:lib\src\styles\theme.dart
DA:10,4
DA:14,4
DA:24,4
DA:25,8
DA:28,4
DA:29,8
DA:32,4
DA:34,4
DA:35,4
DA:36,4
DA:37,8
DA:38,4
DA:45,4
DA:49,4
DA:53,2
DA:55,6
DA:57,0
DA:59,0
DA:75,4
DA:76,4
DA:78,2
DA:79,6
DA:101,4
DA:108,4
DA:118,4
DA:119,4
DA:126,4
DA:128,20
DA:129,8
DA:133,4
DA:135,4
DA:136,8
DA:137,12
DA:141,0
DA:143,0
DA:144,0
DA:150,4
DA:151,2
DA:153,0
DA:207,4
DA:250,0
DA:251,0
DA:254,0
DA:255,0
DA:258,4
DA:303,4
DA:305,4
DA:311,4
DA:317,0
DA:318,0
DA:333,4
DA:334,4
DA:335,4
DA:336,4
DA:337,4
DA:340,4
DA:353,4
DA:370,4
DA:414,2
DA:415,2
DA:416,4
DA:417,4
DA:418,6
DA:419,6
DA:420,6
DA:421,6
DA:423,6
DA:424,6
DA:426,6
DA:428,6
DA:430,6
DA:431,6
DA:432,6
DA:433,6
DA:434,6
DA:436,6
DA:438,6
DA:440,6
DA:442,6
DA:443,4
DA:444,6
DA:446,6
DA:447,6
DA:448,2
DA:449,4
DA:450,6
DA:452,6
DA:453,6
DA:454,6
DA:455,6
DA:456,2
DA:457,4
DA:459,6
DA:460,2
DA:461,4
DA:462,6
DA:463,6
DA:464,6
DA:466,6
DA:467,2
DA:468,4
DA:470,6
DA:471,2
DA:472,4
DA:474,6
DA:478,0
DA:520,0
DA:521,0
DA:522,0
DA:523,0
DA:524,0
DA:525,0
DA:526,0
DA:527,0
DA:528,0
DA:529,0
DA:530,0
DA:532,0
DA:533,0
DA:535,0
DA:537,0
DA:538,0
DA:540,0
DA:542,0
DA:544,0
DA:546,0
DA:547,0
DA:548,0
DA:550,0
DA:551,0
DA:552,0
DA:553,0
DA:554,0
DA:555,0
DA:556,0
DA:557,0
DA:558,0
DA:559,0
DA:560,0
DA:561,0
DA:562,0
DA:563,0
DA:564,0
DA:565,0
DA:566,0
DA:567,0
DA:568,0
DA:572,0
DA:574,0
DA:576,0
DA:577,0
DA:578,0
DA:579,0
DA:580,0
DA:581,0
DA:582,0
DA:583,0
DA:584,0
DA:585,0
DA:586,0
DA:588,0
DA:590,0
DA:592,0
DA:594,0
DA:596,0
DA:598,0
DA:600,0
DA:602,0
DA:603,0
LF:169
LH:93
end_of_record
SF:lib\src\styles\typography.dart
DA:46,4
DA:60,4
DA:64,0
DA:65,4
DA:66,4
DA:67,4
DA:72,4
DA:77,4
DA:82,4
DA:87,4
DA:92,4
DA:97,4
DA:102,4
DA:110,2
DA:111,2
DA:112,6
DA:113,6
DA:114,6
DA:115,6
DA:116,6
DA:117,6
DA:118,6
DA:119,6
DA:124,4
DA:126,0
DA:127,0
DA:128,0
DA:129,0
DA:130,0
DA:131,0
DA:132,0
DA:133,0
DA:134,0
DA:138,4
DA:148,4
DA:149,8
DA:158,8
DA:167,8
DA:176,8
DA:185,8
DA:194,8
DA:203,8
DA:212,8
DA:224,0
DA:226,0
DA:227,0
DA:228,0
DA:229,0
DA:230,0
DA:231,0
DA:232,0
DA:233,0
DA:234,0
LF:53
LH:33
end_of_record
SF:lib\src\styles\focus.dart
DA:12,3
DA:19,3
DA:50,0
DA:52,0
DA:53,0
DA:54,0
DA:56,0
DA:57,0
DA:59,0
DA:62,0
DA:64,0
DA:70,3
DA:76,3
DA:77,3
DA:78,6
DA:79,6
DA:80,3
DA:81,3
DA:82,3
DA:89,3
DA:91,3
DA:92,9
DA:94,15
DA:95,3
DA:96,5
DA:98,3
DA:101,3
DA:102,3
DA:103,3
DA:104,2
DA:105,2
DA:106,2
DA:107,2
DA:108,6
DA:113,0
DA:119,0
DA:123,0
DA:127,3
DA:128,3
DA:129,3
DA:130,9
DA:133,0
DA:134,0
DA:145,16
DA:152,4
DA:154,0
DA:155,0
DA:158,4
DA:163,4
DA:165,4
DA:166,4
DA:173,2
DA:174,2
DA:175,6
DA:176,4
DA:177,2
DA:178,4
DA:179,2
DA:180,6
DA:181,6
DA:182,4
DA:186,4
DA:188,0
DA:189,0
DA:190,0
DA:191,0
DA:192,0
DA:193,0
DA:194,0
DA:198,3
DA:199,3
DA:200,3
DA:201,3
DA:202,0
DA:204,0
DA:205,0
DA:206,0
DA:208,0
DA:209,0
DA:210,0
DA:212,0
DA:214,0
DA:215,0
DA:216,0
DA:218,0
DA:220,0
DA:221,0
DA:222,0
DA:224,0
DA:226,0
DA:227,0
DA:228,0
DA:235,3
DA:236,3
DA:237,3
DA:238,3
DA:239,0
DA:244,0
DA:246,0
DA:247,0
DA:249,0
DA:252,0
DA:254,0
DA:257,0
DA:259,0
DA:262,0
DA:263,0
DA:265,0
DA:268,0
DA:270,0
LF:110
LH:54
end_of_record
SF:lib\src\utils\label.dart
DA:11,0
DA:17,0
DA:33,0
DA:35,0
DA:36,0
DA:37,0
DA:40,0
DA:42,0
DA:43,0
DA:44,0
DA:46,0
DA:47,0
DA:50,0
DA:51,0
DA:52,0
DA:53,0
DA:57,0
DA:58,0
DA:59,0
LF:19
LH:0
end_of_record
SF:lib\src\controls\form\pickers\pickers.dart
DA:13,0
DA:14,0
DA:16,0
DA:17,0
DA:18,0
DA:19,0
DA:24,0
DA:25,0
DA:28,0
DA:30,0
DA:31,0
DA:32,0
DA:33,0
DA:34,0
DA:38,0
DA:39,0
DA:40,0
DA:41,0
DA:43,0
DA:44,0
DA:49,0
DA:53,0
DA:54,0
DA:55,0
DA:65,0
DA:69,0
DA:74,0
DA:76,0
DA:78,0
DA:79,0
DA:80,0
DA:81,0
DA:82,0
DA:86,0
DA:90,0
DA:92,0
DA:93,0
DA:94,0
DA:96,0
DA:97,0
DA:99,0
DA:100,0
DA:104,0
DA:105,0
DA:107,0
DA:108,0
DA:110,0
DA:111,0
DA:121,0
DA:126,0
DA:132,0
DA:134,0
DA:135,0
DA:136,0
DA:137,0
DA:138,0
DA:139,0
DA:140,0
DA:141,0
DA:142,0
DA:143,0
DA:145,0
DA:147,0
DA:148,0
DA:150,0
DA:155,0
DA:159,0
DA:163,0
DA:168,0
DA:172,0
DA:183,0
DA:189,0
DA:190,0
DA:191,0
DA:193,0
DA:194,0
DA:195,0
DA:196,0
DA:202,0
DA:203,0
DA:204,0
DA:205,0
LF:82
LH:0
end_of_record
SF:lib\src\utils\popup.dart
DA:8,0
DA:15,0
DA:23,0
DA:24,0
DA:30,0
DA:31,0
DA:32,0
DA:33,0
DA:34,0
DA:35,0
DA:36,0
DA:38,0
DA:39,0
DA:40,0
DA:42,0
DA:43,0
DA:47,0
DA:49,0
DA:50,0
DA:51,0
DA:54,0
DA:55,0
DA:56,0
DA:60,0
DA:62,0
DA:63,0
DA:64,0
DA:68,0
DA:70,0
DA:71,0
DA:74,0
DA:76,0
DA:83,4
DA:85,0
DA:86,0
DA:88,0
DA:91,0
DA:97,0
DA:103,0
DA:110,0
DA:111,0
DA:117,0
DA:119,0
DA:120,0
DA:121,0
DA:127,0
DA:129,0
DA:130,0
DA:131,0
DA:135,0
DA:137,0
DA:139,0
DA:148,0
DA:164,0
DA:166,0
DA:168,0
DA:169,0
DA:177,0
DA:179,0
DA:182,0
DA:184,0
DA:188,0
DA:190,0
DA:195,0
DA:221,0
DA:222,0
DA:224,0
DA:227,0
DA:233,0
DA:235,0
DA:236,0
DA:237,0
DA:240,0
DA:241,0
DA:242,0
DA:243,0
DA:244,0
DA:245,0
DA:247,0
DA:252,0
DA:253,0
DA:254,0
DA:260,0
DA:272,0
DA:285,0
DA:287,0
DA:289,0
DA:290,0
DA:291,0
DA:292,0
DA:293,0
DA:296,0
DA:302,0
DA:303,0
DA:304,0
DA:305,0
DA:306,0
DA:307,0
DA:308,0
DA:310,0
DA:311,0
DA:313,0
LF:102
LH:1
end_of_record
SF:lib\src\controls\form\selection_controls.dart
DA:14,0
DA:20,0
DA:31,0
DA:36,0
DA:37,0
DA:38,0
DA:40,0
DA:42,0
DA:50,0
DA:63,0
DA:73,0
DA:77,0
DA:78,0
DA:79,0
DA:80,0
DA:81,0
DA:86,0
DA:91,0
DA:103,0
DA:116,0
DA:118,0
DA:127,0
DA:128,0
DA:133,0
DA:135,0
DA:136,0
DA:140,0
DA:141,0
DA:142,0
DA:143,0
DA:145,0
DA:148,0
DA:150,0
DA:151,0
DA:152,0
DA:153,0
DA:154,0
DA:156,0
DA:157,0
DA:158,0
DA:159,0
DA:164,0
DA:166,0
DA:167,0
DA:170,0
DA:171,0
DA:172,0
DA:173,0
DA:178,0
DA:181,0
DA:182,0
DA:186,0
DA:187,0
DA:189,0
DA:190,0
DA:191,0
DA:192,0
DA:194,0
DA:197,0
DA:198,0
DA:199,0
DA:201,0
DA:207,0
DA:215,0
DA:216,0
DA:217,0
DA:220,0
DA:223,0
DA:224,0
DA:225,0
DA:228,0
DA:231,0
DA:232,0
DA:233,0
DA:234,0
DA:237,0
DA:240,0
DA:241,0
DA:242,0
DA:245,0
DA:250,0
DA:254,0
DA:255,0
DA:257,0
DA:258,0
DA:281,0
DA:286,0
DA:287,0
DA:302,0
DA:304,0
DA:305,0
DA:307,0
DA:308,0
DA:309,0
DA:311,0
DA:312,0
DA:318,0
DA:319,0
DA:320,0
DA:322,0
DA:323,0
DA:324,0
DA:325,0
DA:326,0
DA:328,0
DA:330,0
DA:335,0
DA:337,0
DA:338,0
DA:339,0
DA:341,0
DA:343,0
DA:345,0
DA:367,0
DA:373,0
DA:380,0
DA:382,0
DA:384,0
DA:386,0
DA:388,0
DA:389,0
DA:390,0
DA:391,0
DA:392,0
DA:393,0
DA:395,0
DA:396,0
DA:397,0
DA:402,0
DA:404,0
DA:405,0
DA:412,0
DA:413,0
DA:414,0
DA:415,0
DA:417,0
DA:420,0
DA:421,0
DA:423,0
DA:424,0
DA:428,0
DA:429,0
DA:430,0
DA:431,0
LF:144
LH:0
end_of_record
SF:lib\src\controls\surfaces\flyout\controller.dart
DA:5,0
DA:6,0
DA:7,0
DA:8,0
DA:11,0
DA:13,0
DA:14,0
LF:7
LH:0
end_of_record
